2023-04-06 06:14:28 LogWrapper init() ./logs/error.log
2023-04-06 06:14:29 Bot Failed
2023-04-06 06:16:59 Error palcing TradeDecision(): pair: GBP_JPY dir:-1 gain:0.0788 sl:163.8698 tp:163.7122
2023-04-06 06:18:59 Failed to Start Process Candles since [] is not defined
2023-04-06 06:21:30 Error palcing TradeDecision(): pair: GBP_JPY dir:-1 gain:0.1389 sl:164.0119 tp:163.7341
2023-04-06 06:23:30 Failed to Start Process Candles since [] is not defined
2023-04-06 06:28:01 Failed to Start Process Candles since [] is not defined
2023-04-06 06:30:22 Error palcing TradeDecision(): pair: GBP_JPY dir:-1 gain:0.1546 sl:164.1066 tp:163.7974
2023-04-06 06:32:22 Failed to Start Process Candles since [] is not defined
2023-04-06 06:34:23 Failed to Start Process Candles since [] is not defined
2023-04-06 06:38:53 Failed to Start Process Candles since [] is not defined
2023-04-06 06:41:24 Error palcing TradeDecision(): pair: GBP_JPY dir:-1 gain:0.1948 sl:164.2648 tp:163.8752
2023-04-06 06:43:24 Failed to Start Process Candles since [] is not defined
2023-04-06 06:47:55 Failed to Start Process Candles since [] is not defined
2023-04-06 06:49:56 Failed to Start Process Candles since [] is not defined
2023-04-06 06:54:26 Failed to Start Process Candles since [] is not defined
2023-04-06 06:56:37 Error palcing TradeDecision(): pair: USD_JPY dir:-1 gain:0.0839 sl:131.6129 tp:131.4451
2023-04-06 06:58:57 Failed to Start Process Candles since [] is not defined
2023-04-06 07:03:28 Failed to Start Process Candles since [] is not defined
2023-04-06 07:07:59 Failed to Start Process Candles since [] is not defined
2023-04-06 07:09:59 Failed to Start Process Candles since [] is not defined
2023-04-06 07:14:30 Failed to Start Process Candles since [] is not defined
2023-04-06 07:17:01 Error palcing TradeDecision(): pair: GBP_JPY dir:1 gain:0.1651 sl:163.6789 tp:164.0091
2023-04-06 07:19:01 Failed to Start Process Candles since [] is not defined
2023-04-06 07:21:32 Error palcing TradeDecision(): pair: GBP_JPY dir:1 gain:0.2089 sl:163.5591 tp:163.9769
2023-04-06 07:23:32 Failed to Start Process Candles since [] is not defined
2023-04-06 07:25:43 Error palcing TradeDecision(): pair: USD_JPY dir:1 gain:0.1551 sl:131.1399 tp:131.4501
2023-04-06 07:28:03 Failed to Start Process Candles since [] is not defined
2023-04-06 07:32:34 Failed to Start Process Candles since [] is not defined
2023-04-06 07:34:34 Failed to Start Process Candles since [] is not defined
2023-04-06 07:39:05 Failed to Start Process Candles since [] is not defined
2023-04-06 07:43:36 Failed to Start Process Candles since [] is not defined
2023-04-06 07:45:47 Error palcing TradeDecision(): pair: USD_JPY dir:-1 gain:0.1310 sl:131.7090 tp:131.4470
2023-04-06 07:48:07 Failed to Start Process Candles since [] is not defined
2023-04-06 07:50:28 Error palcing TradeDecision(): pair: EUR_GBP dir:-1 gain:0.0010 sl:0.8769 tp:0.8749
2023-04-06 07:52:38 Failed to Start Process Candles since [] is not defined
2023-04-06 07:54:39 Failed to Start Process Candles since [] is not defined
2023-04-06 07:59:10 Failed to Start Process Candles since [] is not defined
2023-04-06 08:03:40 Failed to Start Process Candles since [] is not defined
2023-04-06 08:05:51 Error palcing TradeDecision(): pair: USD_JPY dir:-1 gain:0.2617 sl:132.0097 tp:131.4863
2023-04-06 08:08:11 Failed to Start Process Candles since [] is not defined
2023-04-06 08:12:42 Failed to Start Process Candles since [] is not defined
2023-04-06 08:14:43 Failed to Start Process Candles since [] is not defined
2023-04-06 08:19:14 Failed to Start Process Candles since [] is not defined
2023-04-06 08:23:44 Failed to Start Process Candles since [] is not defined
2023-04-06 08:26:05 Error palcing TradeDecision(): pair: EUR_GBP dir:-1 gain:0.0013 sl:0.8781 tp:0.8756
2023-04-06 08:28:15 Failed to Start Process Candles since [] is not defined
2023-04-06 08:32:46 Failed to Start Process Candles since [] is not defined
2023-04-06 08:34:47 Failed to Start Process Candles since [] is not defined
2023-04-06 08:37:17 Error palcing TradeDecision(): pair: GBP_JPY dir:1 gain:0.0943 sl:163.3897 tp:163.5783
2023-04-06 08:39:18 Failed to Start Process Candles since [] is not defined
2023-04-06 08:43:49 Failed to Start Process Candles since [] is not defined
2023-04-06 08:48:19 Failed to Start Process Candles since [] is not defined
2023-04-06 08:52:50 Failed to Start Process Candles since [] is not defined
2023-04-06 08:54:51 Failed to Start Process Candles since [] is not defined
2023-04-06 08:59:22 Failed to Start Process Candles since [] is not defined
2023-04-06 09:01:52 Error palcing TradeDecision(): pair: GBP_JPY dir:-1 gain:0.1132 sl:163.7792 tp:163.5528
2023-04-06 09:03:53 Failed to Start Process Candles since [] is not defined
2023-04-06 09:08:24 Failed to Start Process Candles since [] is not defined
2023-04-06 09:10:55 Error palcing TradeDecision(): pair: GBP_JPY dir:-1 gain:0.2015 sl:163.9915 tp:163.5885
2023-04-06 09:12:55 Failed to Start Process Candles since [] is not defined
2023-04-06 09:14:55 Failed to Start Process Candles since [] is not defined
2023-04-06 09:17:16 Error palcing TradeDecision(): pair: EUR_GBP dir:-1 gain:0.0013 sl:0.8792 tp:0.8767
2023-04-06 09:19:26 Failed to Start Process Candles since [] is not defined
2023-04-06 09:23:57 Failed to Start Process Candles since [] is not defined
2023-04-06 09:28:28 Failed to Start Process Candles since [] is not defined
2023-04-06 09:32:59 Failed to Start Process Candles since [] is not defined
2023-04-06 09:34:59 Failed to Start Process Candles since [] is not defined
2023-04-06 09:39:30 Failed to Start Process Candles since [] is not defined
2023-04-06 09:44:01 Failed to Start Process Candles since [] is not defined
2023-04-06 09:48:32 Failed to Start Process Candles since [] is not defined
2023-04-06 09:53:03 Failed to Start Process Candles since [] is not defined
2023-04-06 09:57:34 Failed to Start Process Candles since [] is not defined
2023-04-06 09:59:35 Failed to Start Process Candles since [] is not defined
2023-04-06 10:04:06 Failed to Start Process Candles since [] is not defined
2023-04-06 10:08:37 Failed to Start Process Candles since [] is not defined
2023-04-06 10:13:08 Failed to Start Process Candles since [] is not defined
2023-04-06 10:17:38 Failed to Start Process Candles since [] is not defined
2023-04-06 10:19:39 Failed to Start Process Candles since [] is not defined
2023-04-06 10:24:10 Failed to Start Process Candles since [] is not defined
2023-04-06 10:28:41 Failed to Start Process Candles since [] is not defined
2023-04-06 10:33:12 Failed to Start Process Candles since [] is not defined
2023-04-06 10:37:43 Failed to Start Process Candles since [] is not defined
2023-04-06 10:39:43 Failed to Start Process Candles since [] is not defined
2023-04-06 10:44:14 Failed to Start Process Candles since [] is not defined
2023-04-06 10:48:45 Failed to Start Process Candles since [] is not defined
2023-04-06 10:53:16 Failed to Start Process Candles since [] is not defined
2023-04-06 10:55:47 Error palcing TradeDecision(): pair: GBP_JPY dir:-1 gain:0.1348 sl:164.0828 tp:163.8132
2023-04-06 10:57:47 Failed to Start Process Candles since [] is not defined
2023-04-06 10:59:48 Failed to Start Process Candles since [] is not defined
2023-04-06 11:04:19 Failed to Start Process Candles since [] is not defined
