2023-04-06 06:14:28 LogWrapper init() ./logs/EUR_GBP.log
2023-04-06 06:14:28 {'n_ma': 19, 'n_std': 1.5, 'maxspread': 0.0002, 'mingain': 0.0007, 'riskreward': 1.0}
2023-04-06 06:14:29 CandleManger() init last_candle:last_candle:23-04-06 11:05 is ready:False
2023-04-06 06:16:29 CandleManger() new candle:last_candle:23-04-06 11:10 is ready:True
2023-04-06 06:16:39 tech_manger: max_rows: 39 candle_time: 2023-04-06 11:10:00+00:00 granularity: M5
2023-04-06 06:16:49 process_candles:
       PAIR                      time    mid_c    mid_o   SL   TP   SPREAD      GAIN     LOSS  SIGNAL
33  EUR_GBP 2023-04-06 10:50:00+00:00  0.87506  0.87508  0.0  0.0  0.00013  0.000056  0.87506       0
34  EUR_GBP 2023-04-06 10:55:00+00:00  0.87482  0.87506  0.0  0.0  0.00015  0.000207  0.87482       0
35  EUR_GBP 2023-04-06 11:00:00+00:00  0.87498  0.87482  0.0  0.0  0.00014  0.000068  0.87498       0
36  EUR_GBP 2023-04-06 11:05:00+00:00  0.87476  0.87496  0.0  0.0  0.00015  0.000300  0.87476       0
37  EUR_GBP 2023-04-06 11:10:00+00:00  0.87484  0.87478  0.0  0.0  0.00012  0.000224  0.87484       0
2023-04-06 06:21:00 CandleManger() new candle:last_candle:23-04-06 11:15 is ready:True
2023-04-06 06:21:10 tech_manger: max_rows: 39 candle_time: 2023-04-06 11:15:00+00:00 granularity: M5
2023-04-06 06:21:20 process_candles:
       PAIR                      time    mid_c    mid_o   SL   TP   SPREAD      GAIN     LOSS  SIGNAL
33  EUR_GBP 2023-04-06 10:55:00+00:00  0.87482  0.87506  0.0  0.0  0.00015  0.000207  0.87482       0
34  EUR_GBP 2023-04-06 11:00:00+00:00  0.87498  0.87482  0.0  0.0  0.00014  0.000068  0.87498       0
35  EUR_GBP 2023-04-06 11:05:00+00:00  0.87476  0.87496  0.0  0.0  0.00015  0.000300  0.87476       0
36  EUR_GBP 2023-04-06 11:10:00+00:00  0.87484  0.87478  0.0  0.0  0.00012  0.000224  0.87484       0
37  EUR_GBP 2023-04-06 11:15:00+00:00  0.87467  0.87482  0.0  0.0  0.00014  0.000396  0.87467       0
2023-04-06 06:25:31 CandleManger() new candle:last_candle:23-04-06 11:20 is ready:True
2023-04-06 06:25:41 tech_manger: max_rows: 39 candle_time: 2023-04-06 11:20:00+00:00 granularity: M5
2023-04-06 06:25:51 process_candles:
       PAIR                      time    mid_c    mid_o   SL   TP   SPREAD      GAIN     LOSS  SIGNAL
33  EUR_GBP 2023-04-06 11:00:00+00:00  0.87498  0.87482  0.0  0.0  0.00014  0.000068  0.87498       0
34  EUR_GBP 2023-04-06 11:05:00+00:00  0.87476  0.87496  0.0  0.0  0.00015  0.000300  0.87476       0
35  EUR_GBP 2023-04-06 11:10:00+00:00  0.87484  0.87478  0.0  0.0  0.00012  0.000224  0.87484       0
36  EUR_GBP 2023-04-06 11:15:00+00:00  0.87467  0.87482  0.0  0.0  0.00014  0.000396  0.87467       0
37  EUR_GBP 2023-04-06 11:20:00+00:00  0.87474  0.87464  0.0  0.0  0.00013  0.000326  0.87474       0
2023-04-06 06:30:22 CandleManger() new candle:last_candle:23-04-06 11:25 is ready:True
2023-04-06 06:36:23 CandleManger() new candle:last_candle:23-04-06 11:30 is ready:True
2023-04-06 06:36:33 tech_manger: max_rows: 39 candle_time: 2023-04-06 11:30:00+00:00 granularity: M5
2023-04-06 06:36:43 process_candles:
       PAIR                      time    mid_c    mid_o   SL   TP   SPREAD      GAIN     LOSS  SIGNAL
33  EUR_GBP 2023-04-06 11:10:00+00:00  0.87484  0.87478  0.0  0.0  0.00012  0.000224  0.87484       0
34  EUR_GBP 2023-04-06 11:15:00+00:00  0.87467  0.87482  0.0  0.0  0.00014  0.000396  0.87467       0
35  EUR_GBP 2023-04-06 11:20:00+00:00  0.87474  0.87464  0.0  0.0  0.00013  0.000326  0.87474       0
36  EUR_GBP 2023-04-06 11:25:00+00:00  0.87471  0.87475  0.0  0.0  0.00014  0.000343  0.87471       0
37  EUR_GBP 2023-04-06 11:30:00+00:00  0.87444  0.87468  0.0  0.0  0.00013  0.000569  0.87444       0
2023-04-06 06:40:54 CandleManger() new candle:last_candle:23-04-06 11:35 is ready:True
2023-04-06 06:41:04 tech_manger: max_rows: 39 candle_time: 2023-04-06 11:35:00+00:00 granularity: M5
2023-04-06 06:41:14 process_candles:
       PAIR                      time    mid_c    mid_o   SL   TP   SPREAD      GAIN     LOSS  SIGNAL
33  EUR_GBP 2023-04-06 11:15:00+00:00  0.87467  0.87482  0.0  0.0  0.00014  0.000396  0.87467       0
34  EUR_GBP 2023-04-06 11:20:00+00:00  0.87474  0.87464  0.0  0.0  0.00013  0.000326  0.87474       0
35  EUR_GBP 2023-04-06 11:25:00+00:00  0.87471  0.87475  0.0  0.0  0.00014  0.000343  0.87471       0
36  EUR_GBP 2023-04-06 11:30:00+00:00  0.87444  0.87468  0.0  0.0  0.00013  0.000569  0.87444       0
37  EUR_GBP 2023-04-06 11:35:00+00:00  0.87440  0.87444  0.0  0.0  0.00015  0.000555  0.87440       0
2023-04-06 06:45:25 CandleManger() new candle:last_candle:23-04-06 11:40 is ready:True
2023-04-06 06:45:35 tech_manger: max_rows: 39 candle_time: 2023-04-06 11:40:00+00:00 granularity: M5
2023-04-06 06:45:45 process_candles:
       PAIR                      time    mid_c    mid_o   SL   TP   SPREAD      GAIN     LOSS  SIGNAL
33  EUR_GBP 2023-04-06 11:20:00+00:00  0.87474  0.87464  0.0  0.0  0.00013  0.000326  0.87474       0
34  EUR_GBP 2023-04-06 11:25:00+00:00  0.87471  0.87475  0.0  0.0  0.00014  0.000343  0.87471       0
35  EUR_GBP 2023-04-06 11:30:00+00:00  0.87444  0.87468  0.0  0.0  0.00013  0.000569  0.87444       0
36  EUR_GBP 2023-04-06 11:35:00+00:00  0.87440  0.87444  0.0  0.0  0.00015  0.000555  0.87440       0
37  EUR_GBP 2023-04-06 11:40:00+00:00  0.87446  0.87444  0.0  0.0  0.00013  0.000459  0.87446       0
2023-04-06 06:51:56 CandleManger() new candle:last_candle:23-04-06 11:45 is ready:True
2023-04-06 06:52:06 tech_manger: max_rows: 39 candle_time: 2023-04-06 11:45:00+00:00 granularity: M5
2023-04-06 06:52:16 process_candles:
       PAIR                      time    mid_c    mid_o   SL   TP   SPREAD      GAIN     LOSS  SIGNAL
33  EUR_GBP 2023-04-06 11:25:00+00:00  0.87471  0.87475  0.0  0.0  0.00014  0.000343  0.87471       0
34  EUR_GBP 2023-04-06 11:30:00+00:00  0.87444  0.87468  0.0  0.0  0.00013  0.000569  0.87444       0
35  EUR_GBP 2023-04-06 11:35:00+00:00  0.87440  0.87444  0.0  0.0  0.00015  0.000555  0.87440       0
36  EUR_GBP 2023-04-06 11:40:00+00:00  0.87446  0.87444  0.0  0.0  0.00013  0.000459  0.87446       0
37  EUR_GBP 2023-04-06 11:45:00+00:00  0.87489  0.87448  0.0  0.0  0.00016  0.000012  0.87489       0
2023-04-06 06:56:27 CandleManger() new candle:last_candle:23-04-06 11:50 is ready:True
2023-04-06 06:56:37 tech_manger: max_rows: 39 candle_time: 2023-04-06 11:50:00+00:00 granularity: M5
2023-04-06 06:56:47 process_candles:
       PAIR                      time    mid_c    mid_o   SL   TP   SPREAD      GAIN     LOSS  SIGNAL
33  EUR_GBP 2023-04-06 11:30:00+00:00  0.87444  0.87468  0.0  0.0  0.00013  0.000569  0.87444       0
34  EUR_GBP 2023-04-06 11:35:00+00:00  0.87440  0.87444  0.0  0.0  0.00015  0.000555  0.87440       0
35  EUR_GBP 2023-04-06 11:40:00+00:00  0.87446  0.87444  0.0  0.0  0.00013  0.000459  0.87446       0
36  EUR_GBP 2023-04-06 11:45:00+00:00  0.87489  0.87448  0.0  0.0  0.00016  0.000012  0.87489       0
37  EUR_GBP 2023-04-06 11:50:00+00:00  0.87485  0.87486  0.0  0.0  0.00012  0.000038  0.87485       0
2023-04-06 07:00:57 CandleManger() new candle:last_candle:23-04-06 11:55 is ready:True
2023-04-06 07:01:08 tech_manger: max_rows: 39 candle_time: 2023-04-06 11:55:00+00:00 granularity: M5
2023-04-06 07:01:18 process_candles:
       PAIR                      time    mid_c    mid_o   SL   TP   SPREAD      GAIN     LOSS  SIGNAL
33  EUR_GBP 2023-04-06 11:35:00+00:00  0.87440  0.87444  0.0  0.0  0.00015  0.000555  0.87440       0
34  EUR_GBP 2023-04-06 11:40:00+00:00  0.87446  0.87444  0.0  0.0  0.00013  0.000459  0.87446       0
35  EUR_GBP 2023-04-06 11:45:00+00:00  0.87489  0.87448  0.0  0.0  0.00016  0.000012  0.87489       0
36  EUR_GBP 2023-04-06 11:50:00+00:00  0.87485  0.87486  0.0  0.0  0.00012  0.000038  0.87485       0
37  EUR_GBP 2023-04-06 11:55:00+00:00  0.87470  0.87482  0.0  0.0  0.00014  0.000164  0.87470       0
2023-04-06 07:05:28 CandleManger() new candle:last_candle:23-04-06 12:00 is ready:True
2023-04-06 07:05:38 tech_manger: max_rows: 39 candle_time: 2023-04-06 12:00:00+00:00 granularity: M5
2023-04-06 07:05:48 process_candles:
       PAIR                      time    mid_c    mid_o   SL   TP   SPREAD      GAIN     LOSS  SIGNAL
33  EUR_GBP 2023-04-06 11:40:00+00:00  0.87446  0.87444  0.0  0.0  0.00013  0.000459  0.87446       0
34  EUR_GBP 2023-04-06 11:45:00+00:00  0.87489  0.87448  0.0  0.0  0.00016  0.000012  0.87489       0
35  EUR_GBP 2023-04-06 11:50:00+00:00  0.87485  0.87486  0.0  0.0  0.00012  0.000038  0.87485       0
36  EUR_GBP 2023-04-06 11:55:00+00:00  0.87470  0.87482  0.0  0.0  0.00014  0.000164  0.87470       0
37  EUR_GBP 2023-04-06 12:00:00+00:00  0.87481  0.87470  0.0  0.0  0.00014  0.000025  0.87481       0
2023-04-06 07:11:59 CandleManger() new candle:last_candle:23-04-06 12:05 is ready:True
2023-04-06 07:12:09 tech_manger: max_rows: 39 candle_time: 2023-04-06 12:05:00+00:00 granularity: M5
2023-04-06 07:12:20 process_candles:
       PAIR                      time    mid_c    mid_o   SL   TP   SPREAD      GAIN     LOSS  SIGNAL
33  EUR_GBP 2023-04-06 11:45:00+00:00  0.87489  0.87448  0.0  0.0  0.00016  0.000012  0.87489       0
34  EUR_GBP 2023-04-06 11:50:00+00:00  0.87485  0.87486  0.0  0.0  0.00012  0.000038  0.87485       0
35  EUR_GBP 2023-04-06 11:55:00+00:00  0.87470  0.87482  0.0  0.0  0.00014  0.000164  0.87470       0
36  EUR_GBP 2023-04-06 12:00:00+00:00  0.87481  0.87470  0.0  0.0  0.00014  0.000025  0.87481       0
37  EUR_GBP 2023-04-06 12:05:00+00:00  0.87495  0.87485  0.0  0.0  0.00012  0.000136  0.87495       0
2023-04-06 07:16:30 CandleManger() new candle:last_candle:23-04-06 12:10 is ready:True
2023-04-06 07:16:40 tech_manger: max_rows: 39 candle_time: 2023-04-06 12:10:00+00:00 granularity: M5
2023-04-06 07:16:51 process_candles:
       PAIR                      time    mid_c    mid_o   SL   TP   SPREAD      GAIN     LOSS  SIGNAL
33  EUR_GBP 2023-04-06 11:50:00+00:00  0.87485  0.87486  0.0  0.0  0.00012  0.000038  0.87485       0
34  EUR_GBP 2023-04-06 11:55:00+00:00  0.87470  0.87482  0.0  0.0  0.00014  0.000164  0.87470       0
35  EUR_GBP 2023-04-06 12:00:00+00:00  0.87481  0.87470  0.0  0.0  0.00014  0.000025  0.87481       0
36  EUR_GBP 2023-04-06 12:05:00+00:00  0.87495  0.87485  0.0  0.0  0.00012  0.000136  0.87495       0
37  EUR_GBP 2023-04-06 12:10:00+00:00  0.87529  0.87495  0.0  0.0  0.00014  0.000485  0.87529       0
2023-04-06 07:21:01 CandleManger() new candle:last_candle:23-04-06 12:15 is ready:True
2023-04-06 07:21:11 tech_manger: max_rows: 39 candle_time: 2023-04-06 12:15:00+00:00 granularity: M5
2023-04-06 07:21:22 process_candles:
       PAIR                      time    mid_c    mid_o   SL   TP   SPREAD      GAIN     LOSS  SIGNAL
33  EUR_GBP 2023-04-06 11:55:00+00:00  0.87470  0.87482  0.0  0.0  0.00014  0.000164  0.87470       0
34  EUR_GBP 2023-04-06 12:00:00+00:00  0.87481  0.87470  0.0  0.0  0.00014  0.000025  0.87481       0
35  EUR_GBP 2023-04-06 12:05:00+00:00  0.87495  0.87485  0.0  0.0  0.00012  0.000136  0.87495       0
36  EUR_GBP 2023-04-06 12:10:00+00:00  0.87529  0.87495  0.0  0.0  0.00014  0.000485  0.87529       0
37  EUR_GBP 2023-04-06 12:15:00+00:00  0.87545  0.87528  0.0  0.0  0.00014  0.000638  0.87545       0
2023-04-06 07:25:32 CandleManger() new candle:last_candle:23-04-06 12:20 is ready:True
2023-04-06 07:25:43 tech_manger: max_rows: 39 candle_time: 2023-04-06 12:20:00+00:00 granularity: M5
2023-04-06 07:25:53 process_candles:
       PAIR                      time    mid_c    mid_o   SL   TP   SPREAD      GAIN     LOSS  SIGNAL
33  EUR_GBP 2023-04-06 12:00:00+00:00  0.87481  0.87470  0.0  0.0  0.00014  0.000025  0.87481       0
34  EUR_GBP 2023-04-06 12:05:00+00:00  0.87495  0.87485  0.0  0.0  0.00012  0.000136  0.87495       0
35  EUR_GBP 2023-04-06 12:10:00+00:00  0.87529  0.87495  0.0  0.0  0.00014  0.000485  0.87529       0
36  EUR_GBP 2023-04-06 12:15:00+00:00  0.87545  0.87528  0.0  0.0  0.00014  0.000638  0.87545       0
37  EUR_GBP 2023-04-06 12:20:00+00:00  0.87522  0.87546  0.0  0.0  0.00015  0.000395  0.87522       0
2023-04-06 07:30:03 CandleManger() new candle:last_candle:23-04-06 12:25 is ready:True
2023-04-06 07:30:14 tech_manger: max_rows: 39 candle_time: 2023-04-06 12:25:00+00:00 granularity: M5
2023-04-06 07:30:24 process_candles:
       PAIR                      time    mid_c    mid_o   SL   TP   SPREAD      GAIN     LOSS  SIGNAL
33  EUR_GBP 2023-04-06 12:05:00+00:00  0.87495  0.87485  0.0  0.0  0.00012  0.000136  0.87495       0
34  EUR_GBP 2023-04-06 12:10:00+00:00  0.87529  0.87495  0.0  0.0  0.00014  0.000485  0.87529       0
35  EUR_GBP 2023-04-06 12:15:00+00:00  0.87545  0.87528  0.0  0.0  0.00014  0.000638  0.87545       0
36  EUR_GBP 2023-04-06 12:20:00+00:00  0.87522  0.87546  0.0  0.0  0.00015  0.000395  0.87522       0
37  EUR_GBP 2023-04-06 12:25:00+00:00  0.87513  0.87524  0.0  0.0  0.00048  0.000301  0.87513       0
2023-04-06 07:36:35 CandleManger() new candle:last_candle:23-04-06 12:30 is ready:True
2023-04-06 07:36:45 tech_manger: max_rows: 39 candle_time: 2023-04-06 12:30:00+00:00 granularity: M5
2023-04-06 07:36:55 process_candles:
       PAIR                      time    mid_c    mid_o   SL   TP   SPREAD      GAIN     LOSS  SIGNAL
33  EUR_GBP 2023-04-06 12:10:00+00:00  0.87529  0.87495  0.0  0.0  0.00014  0.000485  0.87529       0
34  EUR_GBP 2023-04-06 12:15:00+00:00  0.87545  0.87528  0.0  0.0  0.00014  0.000638  0.87545       0
35  EUR_GBP 2023-04-06 12:20:00+00:00  0.87522  0.87546  0.0  0.0  0.00015  0.000395  0.87522       0
36  EUR_GBP 2023-04-06 12:25:00+00:00  0.87513  0.87524  0.0  0.0  0.00048  0.000301  0.87513       0
37  EUR_GBP 2023-04-06 12:30:00+00:00  0.87498  0.87512  0.0  0.0  0.00013  0.000140  0.87498       0
2023-04-06 07:41:06 CandleManger() new candle:last_candle:23-04-06 12:35 is ready:True
2023-04-06 07:41:16 tech_manger: max_rows: 39 candle_time: 2023-04-06 12:35:00+00:00 granularity: M5
2023-04-06 07:41:26 process_candles:
       PAIR                      time    mid_c    mid_o   SL   TP   SPREAD      GAIN     LOSS  SIGNAL
33  EUR_GBP 2023-04-06 12:15:00+00:00  0.87545  0.87528  0.0  0.0  0.00014  0.000638  0.87545       0
34  EUR_GBP 2023-04-06 12:20:00+00:00  0.87522  0.87546  0.0  0.0  0.00015  0.000395  0.87522       0
35  EUR_GBP 2023-04-06 12:25:00+00:00  0.87513  0.87524  0.0  0.0  0.00048  0.000301  0.87513       0
36  EUR_GBP 2023-04-06 12:30:00+00:00  0.87498  0.87512  0.0  0.0  0.00013  0.000140  0.87498       0
37  EUR_GBP 2023-04-06 12:35:00+00:00  0.87494  0.87498  0.0  0.0  0.00014  0.000099  0.87494       0
2023-04-06 07:45:36 CandleManger() new candle:last_candle:23-04-06 12:40 is ready:True
2023-04-06 07:45:47 tech_manger: max_rows: 39 candle_time: 2023-04-06 12:40:00+00:00 granularity: M5
2023-04-06 07:45:57 process_candles:
       PAIR                      time    mid_c    mid_o   SL   TP   SPREAD      GAIN     LOSS  SIGNAL
33  EUR_GBP 2023-04-06 12:20:00+00:00  0.87522  0.87546  0.0  0.0  0.00015  0.000395  0.87522       0
34  EUR_GBP 2023-04-06 12:25:00+00:00  0.87513  0.87524  0.0  0.0  0.00048  0.000301  0.87513       0
35  EUR_GBP 2023-04-06 12:30:00+00:00  0.87498  0.87512  0.0  0.0  0.00013  0.000140  0.87498       0
36  EUR_GBP 2023-04-06 12:35:00+00:00  0.87494  0.87498  0.0  0.0  0.00014  0.000099  0.87494       0
37  EUR_GBP 2023-04-06 12:40:00+00:00  0.87512  0.87496  0.0  0.0  0.00014  0.000267  0.87512       0
2023-04-06 07:50:07 CandleManger() new candle:last_candle:23-04-06 12:45 is ready:True
2023-04-06 07:50:18 tech_manger: max_rows: 39 candle_time: 2023-04-06 12:45:00+00:00 granularity: M5
2023-04-06 07:50:28 process_candles:
       PAIR                      time    mid_c    mid_o       SL      TP   SPREAD      GAIN     LOSS  SIGNAL
33  EUR_GBP 2023-04-06 12:25:00+00:00  0.87513  0.87524  0.00000  0.0000  0.00048  0.000301  0.87513       0
34  EUR_GBP 2023-04-06 12:30:00+00:00  0.87498  0.87512  0.00000  0.0000  0.00013  0.000140  0.87498       0
35  EUR_GBP 2023-04-06 12:35:00+00:00  0.87494  0.87498  0.00000  0.0000  0.00014  0.000099  0.87494       0
36  EUR_GBP 2023-04-06 12:40:00+00:00  0.87512  0.87496  0.00000  0.0000  0.00014  0.000267  0.87512       0
37  EUR_GBP 2023-04-06 12:45:00+00:00  0.87588  0.87513  0.87686  0.8749  0.00015  0.000980  0.00098      -1
2023-04-06 07:50:28 SIGNAL:PAIR                        EUR_GBP
time      2023-04-06 12:45:00+00:00
mid_c                       0.87588
mid_o                       0.87513
SL                          0.87686
TP                           0.8749
SPREAD                      0.00015
GAIN                        0.00098
LOSS                        0.00098
SIGNAL                           -1
Name: 37, dtype: object

2023-04-06 07:50:28 Place Trade: TradeDecision(): pair: EUR_GBP dir:-1 gain:0.0010 sl:0.8769 tp:0.8749
2023-04-06 07:50:28 get_trade_units() price ApiPrice() EUR_GBP 0.87601 0.87586 1.243840 1.243840
2023-04-06 07:50:28 0.0001 9.80175438596409 1.5303382853053011 12303.3
2023-04-06 07:50:28 Error placing TradeDecision(): pair: EUR_GBP dir:-1 gain:0.0010 sl:0.8769 tp:0.8749
2023-04-06 07:56:39 CandleManger() new candle:last_candle:23-04-06 12:50 is ready:True
2023-04-06 07:56:49 tech_manger: max_rows: 39 candle_time: 2023-04-06 12:50:00+00:00 granularity: M5
2023-04-06 07:56:59 process_candles:
       PAIR                      time    mid_c    mid_o       SL      TP   SPREAD      GAIN     LOSS  SIGNAL
33  EUR_GBP 2023-04-06 12:30:00+00:00  0.87498  0.87512  0.00000  0.0000  0.00013  0.000140  0.87498       0
34  EUR_GBP 2023-04-06 12:35:00+00:00  0.87494  0.87498  0.00000  0.0000  0.00014  0.000099  0.87494       0
35  EUR_GBP 2023-04-06 12:40:00+00:00  0.87512  0.87496  0.00000  0.0000  0.00014  0.000267  0.87512       0
36  EUR_GBP 2023-04-06 12:45:00+00:00  0.87588  0.87513  0.87686  0.8749  0.00015  0.000980  0.00098      -1
37  EUR_GBP 2023-04-06 12:50:00+00:00  0.87610  0.87592  0.00000  0.0000  0.00015  0.001137  0.87610       0
2023-04-06 08:01:10 CandleManger() new candle:last_candle:23-04-06 12:55 is ready:True
2023-04-06 08:01:20 tech_manger: max_rows: 39 candle_time: 2023-04-06 12:55:00+00:00 granularity: M5
2023-04-06 08:01:30 process_candles:
       PAIR                      time    mid_c    mid_o       SL      TP   SPREAD      GAIN     LOSS  SIGNAL
33  EUR_GBP 2023-04-06 12:35:00+00:00  0.87494  0.87498  0.00000  0.0000  0.00014  0.000099  0.87494       0
34  EUR_GBP 2023-04-06 12:40:00+00:00  0.87512  0.87496  0.00000  0.0000  0.00014  0.000267  0.87512       0
35  EUR_GBP 2023-04-06 12:45:00+00:00  0.87588  0.87513  0.87686  0.8749  0.00015  0.000980  0.00098      -1
36  EUR_GBP 2023-04-06 12:50:00+00:00  0.87610  0.87592  0.00000  0.0000  0.00015  0.001137  0.87610       0
37  EUR_GBP 2023-04-06 12:55:00+00:00  0.87616  0.87608  0.00000  0.0000  0.00013  0.001120  0.87616       0
2023-04-06 08:05:41 CandleManger() new candle:last_candle:23-04-06 13:00 is ready:True
2023-04-06 08:05:51 tech_manger: max_rows: 39 candle_time: 2023-04-06 13:00:00+00:00 granularity: M5
2023-04-06 08:06:01 process_candles:
       PAIR                      time    mid_c    mid_o       SL      TP   SPREAD      GAIN     LOSS  SIGNAL
33  EUR_GBP 2023-04-06 12:40:00+00:00  0.87512  0.87496  0.00000  0.0000  0.00014  0.000267  0.87512       0
34  EUR_GBP 2023-04-06 12:45:00+00:00  0.87588  0.87513  0.87686  0.8749  0.00015  0.000980  0.00098      -1
35  EUR_GBP 2023-04-06 12:50:00+00:00  0.87610  0.87592  0.00000  0.0000  0.00015  0.001137  0.87610       0
36  EUR_GBP 2023-04-06 12:55:00+00:00  0.87616  0.87608  0.00000  0.0000  0.00013  0.001120  0.87616       0
37  EUR_GBP 2023-04-06 13:00:00+00:00  0.87663  0.87617  0.00000  0.0000  0.00012  0.001494  0.87663       0
2023-04-06 08:10:12 CandleManger() new candle:last_candle:23-04-06 13:05 is ready:True
2023-04-06 08:10:22 tech_manger: max_rows: 39 candle_time: 2023-04-06 13:05:00+00:00 granularity: M5
2023-04-06 08:10:32 process_candles:
       PAIR                      time    mid_c    mid_o       SL      TP   SPREAD      GAIN     LOSS  SIGNAL
33  EUR_GBP 2023-04-06 12:45:00+00:00  0.87588  0.87513  0.87686  0.8749  0.00015  0.000980  0.00098      -1
34  EUR_GBP 2023-04-06 12:50:00+00:00  0.87610  0.87592  0.00000  0.0000  0.00015  0.001137  0.87610       0
35  EUR_GBP 2023-04-06 12:55:00+00:00  0.87616  0.87608  0.00000  0.0000  0.00013  0.001120  0.87616       0
36  EUR_GBP 2023-04-06 13:00:00+00:00  0.87663  0.87617  0.00000  0.0000  0.00012  0.001494  0.87663       0
37  EUR_GBP 2023-04-06 13:05:00+00:00  0.87666  0.87661  0.00000  0.0000  0.00010  0.001417  0.87666       0
2023-04-06 08:16:43 CandleManger() new candle:last_candle:23-04-06 13:10 is ready:True
2023-04-06 08:16:53 tech_manger: max_rows: 39 candle_time: 2023-04-06 13:10:00+00:00 granularity: M5
2023-04-06 08:17:03 process_candles:
       PAIR                      time    mid_c    mid_o   SL   TP   SPREAD      GAIN     LOSS  SIGNAL
33  EUR_GBP 2023-04-06 12:50:00+00:00  0.87610  0.87592  0.0  0.0  0.00015  0.001137  0.87610       0
34  EUR_GBP 2023-04-06 12:55:00+00:00  0.87616  0.87608  0.0  0.0  0.00013  0.001120  0.87616       0
35  EUR_GBP 2023-04-06 13:00:00+00:00  0.87663  0.87617  0.0  0.0  0.00012  0.001494  0.87663       0
36  EUR_GBP 2023-04-06 13:05:00+00:00  0.87666  0.87661  0.0  0.0  0.00010  0.001417  0.87666       0
37  EUR_GBP 2023-04-06 13:10:00+00:00  0.87672  0.87664  0.0  0.0  0.00013  0.001354  0.87672       0
2023-04-06 08:21:14 CandleManger() new candle:last_candle:23-04-06 13:15 is ready:True
2023-04-06 08:21:24 tech_manger: max_rows: 39 candle_time: 2023-04-06 13:15:00+00:00 granularity: M5
2023-04-06 08:21:34 process_candles:
       PAIR                      time    mid_c    mid_o   SL   TP   SPREAD      GAIN     LOSS  SIGNAL
33  EUR_GBP 2023-04-06 12:55:00+00:00  0.87616  0.87608  0.0  0.0  0.00013  0.001120  0.87616       0
34  EUR_GBP 2023-04-06 13:00:00+00:00  0.87663  0.87617  0.0  0.0  0.00012  0.001494  0.87663       0
35  EUR_GBP 2023-04-06 13:05:00+00:00  0.87666  0.87661  0.0  0.0  0.00010  0.001417  0.87666       0
36  EUR_GBP 2023-04-06 13:10:00+00:00  0.87672  0.87664  0.0  0.0  0.00013  0.001354  0.87672       0
37  EUR_GBP 2023-04-06 13:15:00+00:00  0.87653  0.87673  0.0  0.0  0.00014  0.001050  0.87653       0
2023-04-06 08:25:45 CandleManger() new candle:last_candle:23-04-06 13:20 is ready:True
2023-04-06 08:25:55 tech_manger: max_rows: 39 candle_time: 2023-04-06 13:20:00+00:00 granularity: M5
2023-04-06 08:26:05 process_candles:
       PAIR                      time    mid_c    mid_o        SL        TP   SPREAD      GAIN      LOSS  SIGNAL
33  EUR_GBP 2023-04-06 13:00:00+00:00  0.87663  0.87617  0.000000  0.000000  0.00012  0.001494  0.876630       0
34  EUR_GBP 2023-04-06 13:05:00+00:00  0.87666  0.87661  0.000000  0.000000  0.00010  0.001417  0.876660       0
35  EUR_GBP 2023-04-06 13:10:00+00:00  0.87672  0.87664  0.000000  0.000000  0.00013  0.001354  0.876720       0
36  EUR_GBP 2023-04-06 13:15:00+00:00  0.87653  0.87673  0.000000  0.000000  0.00014  0.001050  0.876530       0
37  EUR_GBP 2023-04-06 13:20:00+00:00  0.87684  0.87652  0.878095  0.875585  0.00013  0.001255  0.001255      -1
2023-04-06 08:26:05 SIGNAL:PAIR                        EUR_GBP
time      2023-04-06 13:20:00+00:00
mid_c                       0.87684
mid_o                       0.87652
SL                         0.878095
TP                         0.875585
SPREAD                      0.00013
GAIN                       0.001255
LOSS                       0.001255
SIGNAL                           -1
Name: 37, dtype: object

2023-04-06 08:26:05 Place Trade: TradeDecision(): pair: EUR_GBP dir:-1 gain:0.0013 sl:0.8781 tp:0.8756
2023-04-06 08:26:05 get_trade_units() price ApiPrice() EUR_GBP 0.8767 0.87657 1.242880 1.242880
2023-04-06 08:26:05 0.0001 12.545614035086583 1.1956369738499195 9619.9
2023-04-06 08:26:05 Error placing TradeDecision(): pair: EUR_GBP dir:-1 gain:0.0013 sl:0.8781 tp:0.8756
2023-04-06 08:30:16 CandleManger() new candle:last_candle:23-04-06 13:25 is ready:True
2023-04-06 08:30:26 tech_manger: max_rows: 39 candle_time: 2023-04-06 13:25:00+00:00 granularity: M5
2023-04-06 08:30:36 process_candles:
       PAIR                      time    mid_c    mid_o        SL        TP   SPREAD      GAIN      LOSS  SIGNAL
33  EUR_GBP 2023-04-06 13:05:00+00:00  0.87666  0.87661  0.000000  0.000000  0.00010  0.001417  0.876660       0
34  EUR_GBP 2023-04-06 13:10:00+00:00  0.87672  0.87664  0.000000  0.000000  0.00013  0.001354  0.876720       0
35  EUR_GBP 2023-04-06 13:15:00+00:00  0.87653  0.87673  0.000000  0.000000  0.00014  0.001050  0.876530       0
36  EUR_GBP 2023-04-06 13:20:00+00:00  0.87684  0.87652  0.878095  0.875585  0.00013  0.001255  0.001255      -1
37  EUR_GBP 2023-04-06 13:25:00+00:00  0.87663  0.87683  0.000000  0.000000  0.00014  0.000946  0.876630       0
2023-04-06 08:36:47 CandleManger() new candle:last_candle:23-04-06 13:30 is ready:True
2023-04-06 08:36:57 tech_manger: max_rows: 39 candle_time: 2023-04-06 13:30:00+00:00 granularity: M5
2023-04-06 08:37:07 process_candles:
       PAIR                      time    mid_c    mid_o        SL        TP   SPREAD      GAIN      LOSS  SIGNAL
33  EUR_GBP 2023-04-06 13:10:00+00:00  0.87672  0.87664  0.000000  0.000000  0.00013  0.001354  0.876720       0
34  EUR_GBP 2023-04-06 13:15:00+00:00  0.87653  0.87673  0.000000  0.000000  0.00014  0.001050  0.876530       0
35  EUR_GBP 2023-04-06 13:20:00+00:00  0.87684  0.87652  0.878095  0.875585  0.00013  0.001255  0.001255      -1
36  EUR_GBP 2023-04-06 13:25:00+00:00  0.87663  0.87683  0.000000  0.000000  0.00014  0.000946  0.876630       0
37  EUR_GBP 2023-04-06 13:30:00+00:00  0.87663  0.87660  0.000000  0.000000  0.00014  0.000848  0.876630       0
2023-04-06 08:41:18 CandleManger() new candle:last_candle:23-04-06 13:35 is ready:True
2023-04-06 08:41:28 tech_manger: max_rows: 39 candle_time: 2023-04-06 13:35:00+00:00 granularity: M5
2023-04-06 08:41:38 process_candles:
       PAIR                      time    mid_c    mid_o        SL        TP   SPREAD      GAIN      LOSS  SIGNAL
33  EUR_GBP 2023-04-06 13:15:00+00:00  0.87653  0.87673  0.000000  0.000000  0.00014  0.001050  0.876530       0
34  EUR_GBP 2023-04-06 13:20:00+00:00  0.87684  0.87652  0.878095  0.875585  0.00013  0.001255  0.001255      -1
35  EUR_GBP 2023-04-06 13:25:00+00:00  0.87663  0.87683  0.000000  0.000000  0.00014  0.000946  0.876630       0
36  EUR_GBP 2023-04-06 13:30:00+00:00  0.87663  0.87660  0.000000  0.000000  0.00014  0.000848  0.876630       0
37  EUR_GBP 2023-04-06 13:35:00+00:00  0.87676  0.87662  0.000000  0.000000  0.00014  0.000872  0.876760       0
2023-04-06 08:45:49 CandleManger() new candle:last_candle:23-04-06 13:40 is ready:True
2023-04-06 08:45:59 tech_manger: max_rows: 39 candle_time: 2023-04-06 13:40:00+00:00 granularity: M5
2023-04-06 08:46:09 process_candles:
       PAIR                      time    mid_c    mid_o        SL        TP   SPREAD      GAIN      LOSS  SIGNAL
33  EUR_GBP 2023-04-06 13:20:00+00:00  0.87684  0.87652  0.878095  0.875585  0.00013  0.001255  0.001255      -1
34  EUR_GBP 2023-04-06 13:25:00+00:00  0.87663  0.87683  0.000000  0.000000  0.00014  0.000946  0.876630       0
35  EUR_GBP 2023-04-06 13:30:00+00:00  0.87663  0.87660  0.000000  0.000000  0.00014  0.000848  0.876630       0
36  EUR_GBP 2023-04-06 13:35:00+00:00  0.87676  0.87662  0.000000  0.000000  0.00014  0.000872  0.876760       0
37  EUR_GBP 2023-04-06 13:40:00+00:00  0.87700  0.87676  0.000000  0.000000  0.00014  0.001002  0.877000       0
2023-04-06 08:50:20 CandleManger() new candle:last_candle:23-04-06 13:45 is ready:True
2023-04-06 08:50:30 tech_manger: max_rows: 39 candle_time: 2023-04-06 13:45:00+00:00 granularity: M5
2023-04-06 08:50:40 process_candles:
       PAIR                      time    mid_c    mid_o   SL   TP   SPREAD      GAIN     LOSS  SIGNAL
33  EUR_GBP 2023-04-06 13:25:00+00:00  0.87663  0.87683  0.0  0.0  0.00014  0.000946  0.87663       0
34  EUR_GBP 2023-04-06 13:30:00+00:00  0.87663  0.87660  0.0  0.0  0.00014  0.000848  0.87663       0
35  EUR_GBP 2023-04-06 13:35:00+00:00  0.87676  0.87662  0.0  0.0  0.00014  0.000872  0.87676       0
36  EUR_GBP 2023-04-06 13:40:00+00:00  0.87700  0.87676  0.0  0.0  0.00014  0.001002  0.87700       0
37  EUR_GBP 2023-04-06 13:45:00+00:00  0.87681  0.87702  0.0  0.0  0.00014  0.000723  0.87681       0
2023-04-06 08:56:51 CandleManger() new candle:last_candle:23-04-06 13:50 is ready:True
2023-04-06 08:57:01 tech_manger: max_rows: 39 candle_time: 2023-04-06 13:50:00+00:00 granularity: M5
2023-04-06 08:57:11 process_candles:
       PAIR                      time    mid_c    mid_o       SL       TP   SPREAD      GAIN     LOSS  SIGNAL
33  EUR_GBP 2023-04-06 13:30:00+00:00  0.87663  0.87660  0.00000  0.00000  0.00014  0.000848  0.87663       0
34  EUR_GBP 2023-04-06 13:35:00+00:00  0.87676  0.87662  0.00000  0.00000  0.00014  0.000872  0.87676       0
35  EUR_GBP 2023-04-06 13:40:00+00:00  0.87700  0.87676  0.00000  0.00000  0.00014  0.001002  0.87700       0
36  EUR_GBP 2023-04-06 13:45:00+00:00  0.87681  0.87702  0.00000  0.00000  0.00014  0.000723  0.87681       0
37  EUR_GBP 2023-04-06 13:50:00+00:00  0.87730  0.87680  0.87842  0.87618  0.00012  0.001120  0.00112      -1
2023-04-06 08:57:11 SIGNAL:PAIR                        EUR_GBP
time      2023-04-06 13:50:00+00:00
mid_c                        0.8773
mid_o                        0.8768
SL                          0.87842
TP                          0.87618
SPREAD                      0.00012
GAIN                        0.00112
LOSS                        0.00112
SIGNAL                           -1
Name: 37, dtype: object

2023-04-06 08:57:11 Place Trade: TradeDecision(): pair: EUR_GBP dir:-1 gain:0.0011 sl:0.8784 tp:0.8762
2023-04-06 08:57:11 Failed to place trade TradeDecision(): pair: EUR_GBP dir:-1 gain:0.0011 sl:0.8784 tp:0.8762, already open: {'id': '1849', 'instrument': 'EUR_GBP', 'price': 0.87657, 'currentUnits': -9620.0, 'unrealizedPL': -12.8429, 'marginUsed': 314.4326}
2023-04-06 09:01:22 CandleManger() new candle:last_candle:23-04-06 13:55 is ready:True
2023-04-06 09:01:32 tech_manger: max_rows: 39 candle_time: 2023-04-06 13:55:00+00:00 granularity: M5
2023-04-06 09:01:42 process_candles:
       PAIR                      time    mid_c    mid_o       SL       TP   SPREAD      GAIN     LOSS  SIGNAL
33  EUR_GBP 2023-04-06 13:35:00+00:00  0.87676  0.87662  0.00000  0.00000  0.00014  0.000872  0.87676       0
34  EUR_GBP 2023-04-06 13:40:00+00:00  0.87700  0.87676  0.00000  0.00000  0.00014  0.001002  0.87700       0
35  EUR_GBP 2023-04-06 13:45:00+00:00  0.87681  0.87702  0.00000  0.00000  0.00014  0.000723  0.87681       0
36  EUR_GBP 2023-04-06 13:50:00+00:00  0.87730  0.87680  0.87842  0.87618  0.00012  0.001120  0.00112      -1
37  EUR_GBP 2023-04-06 13:55:00+00:00  0.87726  0.87732  0.00000  0.00000  0.00014  0.000975  0.87726       0
2023-04-06 09:05:53 CandleManger() new candle:last_candle:23-04-06 14:00 is ready:True
2023-04-06 09:06:03 tech_manger: max_rows: 39 candle_time: 2023-04-06 14:00:00+00:00 granularity: M5
2023-04-06 09:06:13 process_candles:
       PAIR                      time    mid_c    mid_o       SL       TP   SPREAD      GAIN     LOSS  SIGNAL
33  EUR_GBP 2023-04-06 13:40:00+00:00  0.87700  0.87676  0.00000  0.00000  0.00014  0.001002  0.87700       0
34  EUR_GBP 2023-04-06 13:45:00+00:00  0.87681  0.87702  0.00000  0.00000  0.00014  0.000723  0.87681       0
35  EUR_GBP 2023-04-06 13:50:00+00:00  0.87730  0.87680  0.87842  0.87618  0.00012  0.001120  0.00112      -1
36  EUR_GBP 2023-04-06 13:55:00+00:00  0.87726  0.87732  0.00000  0.00000  0.00014  0.000975  0.87726       0
37  EUR_GBP 2023-04-06 14:00:00+00:00  0.87747  0.87723  0.00000  0.00000  0.00012  0.001067  0.87747       0
2023-04-06 09:10:24 CandleManger() new candle:last_candle:23-04-06 14:05 is ready:True
2023-04-06 09:10:34 tech_manger: max_rows: 39 candle_time: 2023-04-06 14:05:00+00:00 granularity: M5
2023-04-06 09:10:44 process_candles:
       PAIR                      time    mid_c    mid_o       SL       TP   SPREAD      GAIN     LOSS  SIGNAL
33  EUR_GBP 2023-04-06 13:45:00+00:00  0.87681  0.87702  0.00000  0.00000  0.00014  0.000723  0.87681       0
34  EUR_GBP 2023-04-06 13:50:00+00:00  0.87730  0.87680  0.87842  0.87618  0.00012  0.001120  0.00112      -1
35  EUR_GBP 2023-04-06 13:55:00+00:00  0.87726  0.87732  0.00000  0.00000  0.00014  0.000975  0.87726       0
36  EUR_GBP 2023-04-06 14:00:00+00:00  0.87747  0.87723  0.00000  0.00000  0.00012  0.001067  0.87747       0
37  EUR_GBP 2023-04-06 14:05:00+00:00  0.87754  0.87749  0.00000  0.00000  0.00014  0.001014  0.87754       0
2023-04-06 09:16:56 CandleManger() new candle:last_candle:23-04-06 14:10 is ready:True
2023-04-06 09:17:06 tech_manger: max_rows: 39 candle_time: 2023-04-06 14:10:00+00:00 granularity: M5
2023-04-06 09:17:16 process_candles:
       PAIR                      time    mid_c    mid_o        SL        TP   SPREAD      GAIN      LOSS  SIGNAL
33  EUR_GBP 2023-04-06 13:50:00+00:00  0.87730  0.87680  0.878420  0.876180  0.00012  0.001120  0.001120      -1
34  EUR_GBP 2023-04-06 13:55:00+00:00  0.87726  0.87732  0.000000  0.000000  0.00014  0.000975  0.877260       0
35  EUR_GBP 2023-04-06 14:00:00+00:00  0.87747  0.87723  0.000000  0.000000  0.00012  0.001067  0.877470       0
36  EUR_GBP 2023-04-06 14:05:00+00:00  0.87754  0.87749  0.000000  0.000000  0.00014  0.001014  0.877540       0
37  EUR_GBP 2023-04-06 14:10:00+00:00  0.87796  0.87753  0.879245  0.876675  0.00013  0.001285  0.001285      -1
2023-04-06 09:17:16 SIGNAL:PAIR                        EUR_GBP
time      2023-04-06 14:10:00+00:00
mid_c                       0.87796
mid_o                       0.87753
SL                         0.879245
TP                         0.876675
SPREAD                      0.00013
GAIN                       0.001285
LOSS                       0.001285
SIGNAL                           -1
Name: 37, dtype: object

2023-04-06 09:17:16 Place Trade: TradeDecision(): pair: EUR_GBP dir:-1 gain:0.0013 sl:0.8792 tp:0.8767
2023-04-06 09:17:16 get_trade_units() price ApiPrice() EUR_GBP 0.87817 0.87805 1.242580 1.242580
2023-04-06 09:17:16 0.0001 12.852631578946783 1.1670761670762202 9392.4
2023-04-06 09:17:16 Error placing TradeDecision(): pair: EUR_GBP dir:-1 gain:0.0013 sl:0.8792 tp:0.8767
2023-04-06 09:21:27 CandleManger() new candle:last_candle:23-04-06 14:15 is ready:True
2023-04-06 09:21:37 tech_manger: max_rows: 39 candle_time: 2023-04-06 14:15:00+00:00 granularity: M5
2023-04-06 09:21:47 process_candles:
       PAIR                      time    mid_c    mid_o        SL        TP   SPREAD      GAIN      LOSS  SIGNAL
33  EUR_GBP 2023-04-06 13:55:00+00:00  0.87726  0.87732  0.000000  0.000000  0.00014  0.000975  0.877260       0
34  EUR_GBP 2023-04-06 14:00:00+00:00  0.87747  0.87723  0.000000  0.000000  0.00012  0.001067  0.877470       0
35  EUR_GBP 2023-04-06 14:05:00+00:00  0.87754  0.87749  0.000000  0.000000  0.00014  0.001014  0.877540       0
36  EUR_GBP 2023-04-06 14:10:00+00:00  0.87796  0.87753  0.879245  0.876675  0.00013  0.001285  0.001285      -1
37  EUR_GBP 2023-04-06 14:15:00+00:00  0.87807  0.87800  0.000000  0.000000  0.00012  0.001236  0.878070       0
2023-04-06 09:25:58 CandleManger() new candle:last_candle:23-04-06 14:20 is ready:True
2023-04-06 09:26:08 tech_manger: max_rows: 39 candle_time: 2023-04-06 14:20:00+00:00 granularity: M5
2023-04-06 09:26:18 process_candles:
       PAIR                      time    mid_c    mid_o        SL        TP   SPREAD      GAIN      LOSS  SIGNAL
33  EUR_GBP 2023-04-06 14:00:00+00:00  0.87747  0.87723  0.000000  0.000000  0.00012  0.001067  0.877470       0
34  EUR_GBP 2023-04-06 14:05:00+00:00  0.87754  0.87749  0.000000  0.000000  0.00014  0.001014  0.877540       0
35  EUR_GBP 2023-04-06 14:10:00+00:00  0.87796  0.87753  0.879245  0.876675  0.00013  0.001285  0.001285      -1
36  EUR_GBP 2023-04-06 14:15:00+00:00  0.87807  0.87800  0.000000  0.000000  0.00012  0.001236  0.878070       0
37  EUR_GBP 2023-04-06 14:20:00+00:00  0.87820  0.87805  0.000000  0.000000  0.00014  0.001239  0.878200       0
2023-04-06 09:30:29 CandleManger() new candle:last_candle:23-04-06 14:25 is ready:True
2023-04-06 09:30:39 tech_manger: max_rows: 39 candle_time: 2023-04-06 14:25:00+00:00 granularity: M5
2023-04-06 09:30:49 process_candles:
       PAIR                      time    mid_c    mid_o        SL        TP   SPREAD      GAIN      LOSS  SIGNAL
33  EUR_GBP 2023-04-06 14:05:00+00:00  0.87754  0.87749  0.000000  0.000000  0.00014  0.001014  0.877540       0
34  EUR_GBP 2023-04-06 14:10:00+00:00  0.87796  0.87753  0.879245  0.876675  0.00013  0.001285  0.001285      -1
35  EUR_GBP 2023-04-06 14:15:00+00:00  0.87807  0.87800  0.000000  0.000000  0.00012  0.001236  0.878070       0
36  EUR_GBP 2023-04-06 14:20:00+00:00  0.87820  0.87805  0.000000  0.000000  0.00014  0.001239  0.878200       0
37  EUR_GBP 2023-04-06 14:25:00+00:00  0.87820  0.87818  0.000000  0.000000  0.00016  0.001118  0.878200       0
2023-04-06 09:37:00 CandleManger() new candle:last_candle:23-04-06 14:30 is ready:True
2023-04-06 09:37:10 tech_manger: max_rows: 39 candle_time: 2023-04-06 14:30:00+00:00 granularity: M5
2023-04-06 09:37:20 process_candles:
       PAIR                      time    mid_c    mid_o        SL        TP   SPREAD      GAIN      LOSS  SIGNAL
33  EUR_GBP 2023-04-06 14:10:00+00:00  0.87796  0.87753  0.879245  0.876675  0.00013  0.001285  0.001285      -1
34  EUR_GBP 2023-04-06 14:15:00+00:00  0.87807  0.87800  0.000000  0.000000  0.00012  0.001236  0.878070       0
35  EUR_GBP 2023-04-06 14:20:00+00:00  0.87820  0.87805  0.000000  0.000000  0.00014  0.001239  0.878200       0
36  EUR_GBP 2023-04-06 14:25:00+00:00  0.87820  0.87818  0.000000  0.000000  0.00016  0.001118  0.878200       0
37  EUR_GBP 2023-04-06 14:30:00+00:00  0.87793  0.87824  0.000000  0.000000  0.00014  0.000748  0.877930       0
2023-04-06 09:41:31 CandleManger() new candle:last_candle:23-04-06 14:35 is ready:True
2023-04-06 09:41:41 tech_manger: max_rows: 39 candle_time: 2023-04-06 14:35:00+00:00 granularity: M5
2023-04-06 09:41:51 process_candles:
       PAIR                      time    mid_c    mid_o   SL   TP   SPREAD      GAIN     LOSS  SIGNAL
33  EUR_GBP 2023-04-06 14:15:00+00:00  0.87807  0.87800  0.0  0.0  0.00012  0.001236  0.87807       0
34  EUR_GBP 2023-04-06 14:20:00+00:00  0.87820  0.87805  0.0  0.0  0.00014  0.001239  0.87820       0
35  EUR_GBP 2023-04-06 14:25:00+00:00  0.87820  0.87818  0.0  0.0  0.00016  0.001118  0.87820       0
36  EUR_GBP 2023-04-06 14:30:00+00:00  0.87793  0.87824  0.0  0.0  0.00014  0.000748  0.87793       0
37  EUR_GBP 2023-04-06 14:35:00+00:00  0.87792  0.87794  0.0  0.0  0.00011  0.000663  0.87792       0
2023-04-06 09:46:02 CandleManger() new candle:last_candle:23-04-06 14:40 is ready:True
2023-04-06 09:46:12 tech_manger: max_rows: 39 candle_time: 2023-04-06 14:40:00+00:00 granularity: M5
2023-04-06 09:46:22 process_candles:
       PAIR                      time    mid_c    mid_o   SL   TP   SPREAD      GAIN     LOSS  SIGNAL
33  EUR_GBP 2023-04-06 14:20:00+00:00  0.87820  0.87805  0.0  0.0  0.00014  0.001239  0.87820       0
34  EUR_GBP 2023-04-06 14:25:00+00:00  0.87820  0.87818  0.0  0.0  0.00016  0.001118  0.87820       0
35  EUR_GBP 2023-04-06 14:30:00+00:00  0.87793  0.87824  0.0  0.0  0.00014  0.000748  0.87793       0
36  EUR_GBP 2023-04-06 14:35:00+00:00  0.87792  0.87794  0.0  0.0  0.00011  0.000663  0.87792       0
37  EUR_GBP 2023-04-06 14:40:00+00:00  0.87798  0.87792  0.0  0.0  0.00012  0.000647  0.87798       0
2023-04-06 09:50:33 CandleManger() new candle:last_candle:23-04-06 14:45 is ready:True
2023-04-06 09:50:43 tech_manger: max_rows: 39 candle_time: 2023-04-06 14:45:00+00:00 granularity: M5
2023-04-06 09:50:53 process_candles:
       PAIR                      time    mid_c    mid_o   SL   TP   SPREAD      GAIN     LOSS  SIGNAL
33  EUR_GBP 2023-04-06 14:25:00+00:00  0.87820  0.87818  0.0  0.0  0.00016  0.001118  0.87820       0
34  EUR_GBP 2023-04-06 14:30:00+00:00  0.87793  0.87824  0.0  0.0  0.00014  0.000748  0.87793       0
35  EUR_GBP 2023-04-06 14:35:00+00:00  0.87792  0.87794  0.0  0.0  0.00011  0.000663  0.87792       0
36  EUR_GBP 2023-04-06 14:40:00+00:00  0.87798  0.87792  0.0  0.0  0.00012  0.000647  0.87798       0
37  EUR_GBP 2023-04-06 14:45:00+00:00  0.87784  0.87798  0.0  0.0  0.00013  0.000447  0.87784       0
2023-04-06 09:55:04 CandleManger() new candle:last_candle:23-04-06 14:50 is ready:True
2023-04-06 09:55:14 tech_manger: max_rows: 39 candle_time: 2023-04-06 14:50:00+00:00 granularity: M5
2023-04-06 09:55:24 process_candles:
       PAIR                      time    mid_c    mid_o   SL   TP   SPREAD      GAIN     LOSS  SIGNAL
33  EUR_GBP 2023-04-06 14:30:00+00:00  0.87793  0.87824  0.0  0.0  0.00014  0.000748  0.87793       0
34  EUR_GBP 2023-04-06 14:35:00+00:00  0.87792  0.87794  0.0  0.0  0.00011  0.000663  0.87792       0
35  EUR_GBP 2023-04-06 14:40:00+00:00  0.87798  0.87792  0.0  0.0  0.00012  0.000647  0.87798       0
36  EUR_GBP 2023-04-06 14:45:00+00:00  0.87784  0.87798  0.0  0.0  0.00013  0.000447  0.87784       0
37  EUR_GBP 2023-04-06 14:50:00+00:00  0.87806  0.87783  0.0  0.0  0.00013  0.000592  0.87806       0
2023-04-06 10:01:35 CandleManger() new candle:last_candle:23-04-06 14:55 is ready:True
2023-04-06 10:01:45 tech_manger: max_rows: 39 candle_time: 2023-04-06 14:55:00+00:00 granularity: M5
2023-04-06 10:01:55 process_candles:
       PAIR                      time    mid_c    mid_o        SL        TP   SPREAD      GAIN      LOSS  SIGNAL
33  EUR_GBP 2023-04-06 14:35:00+00:00  0.87792  0.87794  0.000000  0.000000  0.00011  0.000663  0.877920       0
34  EUR_GBP 2023-04-06 14:40:00+00:00  0.87798  0.87792  0.000000  0.000000  0.00012  0.000647  0.877980       0
35  EUR_GBP 2023-04-06 14:45:00+00:00  0.87784  0.87798  0.000000  0.000000  0.00013  0.000447  0.877840       0
36  EUR_GBP 2023-04-06 14:50:00+00:00  0.87806  0.87783  0.000000  0.000000  0.00013  0.000592  0.878060       0
37  EUR_GBP 2023-04-06 14:55:00+00:00  0.87841  0.87808  0.879272  0.877548  0.00014  0.000862  0.000862      -1
2023-04-06 10:01:55 SIGNAL:PAIR                        EUR_GBP
time      2023-04-06 14:55:00+00:00
mid_c                       0.87841
mid_o                       0.87808
SL                         0.879272
TP                         0.877548
SPREAD                      0.00014
GAIN                       0.000862
LOSS                       0.000862
SIGNAL                           -1
Name: 37, dtype: object

2023-04-06 10:01:55 Place Trade: TradeDecision(): pair: EUR_GBP dir:-1 gain:0.0009 sl:0.8793 tp:0.8775
2023-04-06 10:01:55 Failed to place trade TradeDecision(): pair: EUR_GBP dir:-1 gain:0.0009 sl:0.8793 tp:0.8775, already open: {'id': '1871', 'instrument': 'EUR_GBP', 'price': 0.87805, 'currentUnits': -9392.0, 'unrealizedPL': -3.4049, 'marginUsed': 307.8143}
2023-04-06 10:06:06 CandleManger() new candle:last_candle:23-04-06 15:00 is ready:True
2023-04-06 10:06:16 tech_manger: max_rows: 39 candle_time: 2023-04-06 15:00:00+00:00 granularity: M5
2023-04-06 10:06:26 process_candles:
       PAIR                      time    mid_c    mid_o        SL        TP   SPREAD      GAIN      LOSS  SIGNAL
33  EUR_GBP 2023-04-06 14:40:00+00:00  0.87798  0.87792  0.000000  0.000000  0.00012  0.000647  0.877980       0
34  EUR_GBP 2023-04-06 14:45:00+00:00  0.87784  0.87798  0.000000  0.000000  0.00013  0.000447  0.877840       0
35  EUR_GBP 2023-04-06 14:50:00+00:00  0.87806  0.87783  0.000000  0.000000  0.00013  0.000592  0.878060       0
36  EUR_GBP 2023-04-06 14:55:00+00:00  0.87841  0.87808  0.879272  0.877548  0.00014  0.000862  0.000862      -1
37  EUR_GBP 2023-04-06 15:00:00+00:00  0.87832  0.87842  0.000000  0.000000  0.00012  0.000684  0.878320       0
2023-04-06 10:10:37 CandleManger() new candle:last_candle:23-04-06 15:05 is ready:True
2023-04-06 10:10:47 tech_manger: max_rows: 39 candle_time: 2023-04-06 15:05:00+00:00 granularity: M5
2023-04-06 10:10:57 process_candles:
       PAIR                      time    mid_c    mid_o        SL        TP   SPREAD      GAIN      LOSS  SIGNAL
33  EUR_GBP 2023-04-06 14:45:00+00:00  0.87784  0.87798  0.000000  0.000000  0.00013  0.000447  0.877840       0
34  EUR_GBP 2023-04-06 14:50:00+00:00  0.87806  0.87783  0.000000  0.000000  0.00013  0.000592  0.878060       0
35  EUR_GBP 2023-04-06 14:55:00+00:00  0.87841  0.87808  0.879272  0.877548  0.00014  0.000862  0.000862      -1
36  EUR_GBP 2023-04-06 15:00:00+00:00  0.87832  0.87842  0.000000  0.000000  0.00012  0.000684  0.878320       0
37  EUR_GBP 2023-04-06 15:05:00+00:00  0.87819  0.87835  0.000000  0.000000  0.00012  0.000468  0.878190       0
2023-04-06 10:15:08 CandleManger() new candle:last_candle:23-04-06 15:10 is ready:True
2023-04-06 10:15:18 tech_manger: max_rows: 39 candle_time: 2023-04-06 15:10:00+00:00 granularity: M5
2023-04-06 10:15:28 process_candles:
       PAIR                      time    mid_c    mid_o        SL        TP   SPREAD      GAIN      LOSS  SIGNAL
33  EUR_GBP 2023-04-06 14:50:00+00:00  0.87806  0.87783  0.000000  0.000000  0.00013  0.000592  0.878060       0
34  EUR_GBP 2023-04-06 14:55:00+00:00  0.87841  0.87808  0.879272  0.877548  0.00014  0.000862  0.000862      -1
35  EUR_GBP 2023-04-06 15:00:00+00:00  0.87832  0.87842  0.000000  0.000000  0.00012  0.000684  0.878320       0
36  EUR_GBP 2023-04-06 15:05:00+00:00  0.87819  0.87835  0.000000  0.000000  0.00012  0.000468  0.878190       0
37  EUR_GBP 2023-04-06 15:10:00+00:00  0.87836  0.87818  0.000000  0.000000  0.00013  0.000555  0.878360       0
2023-04-06 10:21:39 CandleManger() new candle:last_candle:23-04-06 15:15 is ready:True
2023-04-06 10:21:49 tech_manger: max_rows: 39 candle_time: 2023-04-06 15:15:00+00:00 granularity: M5
2023-04-06 10:21:59 process_candles:
       PAIR                      time    mid_c    mid_o        SL        TP   SPREAD      GAIN      LOSS  SIGNAL
33  EUR_GBP 2023-04-06 14:55:00+00:00  0.87841  0.87808  0.879272  0.877548  0.00014  0.000862  0.000862      -1
34  EUR_GBP 2023-04-06 15:00:00+00:00  0.87832  0.87842  0.000000  0.000000  0.00012  0.000684  0.878320       0
35  EUR_GBP 2023-04-06 15:05:00+00:00  0.87819  0.87835  0.000000  0.000000  0.00012  0.000468  0.878190       0
36  EUR_GBP 2023-04-06 15:10:00+00:00  0.87836  0.87818  0.000000  0.000000  0.00013  0.000555  0.878360       0
37  EUR_GBP 2023-04-06 15:15:00+00:00  0.87816  0.87838  0.000000  0.000000  0.00013  0.000289  0.878160       0
2023-04-06 10:26:10 CandleManger() new candle:last_candle:23-04-06 15:20 is ready:True
2023-04-06 10:26:20 tech_manger: max_rows: 39 candle_time: 2023-04-06 15:20:00+00:00 granularity: M5
2023-04-06 10:26:30 process_candles:
       PAIR                      time    mid_c    mid_o   SL   TP   SPREAD      GAIN     LOSS  SIGNAL
33  EUR_GBP 2023-04-06 15:00:00+00:00  0.87832  0.87842  0.0  0.0  0.00012  0.000684  0.87832       0
34  EUR_GBP 2023-04-06 15:05:00+00:00  0.87819  0.87835  0.0  0.0  0.00012  0.000468  0.87819       0
35  EUR_GBP 2023-04-06 15:10:00+00:00  0.87836  0.87818  0.0  0.0  0.00013  0.000555  0.87836       0
36  EUR_GBP 2023-04-06 15:15:00+00:00  0.87816  0.87838  0.0  0.0  0.00013  0.000289  0.87816       0
37  EUR_GBP 2023-04-06 15:20:00+00:00  0.87808  0.87815  0.0  0.0  0.00013  0.000142  0.87808       0
2023-04-06 10:30:41 CandleManger() new candle:last_candle:23-04-06 15:25 is ready:True
2023-04-06 10:30:51 tech_manger: max_rows: 39 candle_time: 2023-04-06 15:25:00+00:00 granularity: M5
2023-04-06 10:31:01 process_candles:
       PAIR                      time    mid_c    mid_o   SL   TP   SPREAD      GAIN     LOSS  SIGNAL
33  EUR_GBP 2023-04-06 15:05:00+00:00  0.87819  0.87835  0.0  0.0  0.00012  0.000468  0.87819       0
34  EUR_GBP 2023-04-06 15:10:00+00:00  0.87836  0.87818  0.0  0.0  0.00013  0.000555  0.87836       0
35  EUR_GBP 2023-04-06 15:15:00+00:00  0.87816  0.87838  0.0  0.0  0.00013  0.000289  0.87816       0
36  EUR_GBP 2023-04-06 15:20:00+00:00  0.87808  0.87815  0.0  0.0  0.00013  0.000142  0.87808       0
37  EUR_GBP 2023-04-06 15:25:00+00:00  0.87839  0.87810  0.0  0.0  0.00014  0.000390  0.87839       0
2023-04-06 10:35:12 CandleManger() new candle:last_candle:23-04-06 15:30 is ready:True
2023-04-06 10:35:22 tech_manger: max_rows: 39 candle_time: 2023-04-06 15:30:00+00:00 granularity: M5
2023-04-06 10:35:32 process_candles:
       PAIR                      time    mid_c    mid_o   SL   TP   SPREAD      GAIN     LOSS  SIGNAL
33  EUR_GBP 2023-04-06 15:10:00+00:00  0.87836  0.87818  0.0  0.0  0.00013  0.000555  0.87836       0
34  EUR_GBP 2023-04-06 15:15:00+00:00  0.87816  0.87838  0.0  0.0  0.00013  0.000289  0.87816       0
35  EUR_GBP 2023-04-06 15:20:00+00:00  0.87808  0.87815  0.0  0.0  0.00013  0.000142  0.87808       0
36  EUR_GBP 2023-04-06 15:25:00+00:00  0.87839  0.87810  0.0  0.0  0.00014  0.000390  0.87839       0
37  EUR_GBP 2023-04-06 15:30:00+00:00  0.87811  0.87841  0.0  0.0  0.00016  0.000063  0.87811       0
2023-04-06 10:41:44 CandleManger() new candle:last_candle:23-04-06 15:35 is ready:True
2023-04-06 10:41:54 tech_manger: max_rows: 39 candle_time: 2023-04-06 15:35:00+00:00 granularity: M5
2023-04-06 10:42:04 process_candles:
       PAIR                      time    mid_c    mid_o   SL   TP   SPREAD      GAIN     LOSS  SIGNAL
33  EUR_GBP 2023-04-06 15:15:00+00:00  0.87816  0.87838  0.0  0.0  0.00013  0.000289  0.87816       0
34  EUR_GBP 2023-04-06 15:20:00+00:00  0.87808  0.87815  0.0  0.0  0.00013  0.000142  0.87808       0
35  EUR_GBP 2023-04-06 15:25:00+00:00  0.87839  0.87810  0.0  0.0  0.00014  0.000390  0.87839       0
36  EUR_GBP 2023-04-06 15:30:00+00:00  0.87811  0.87841  0.0  0.0  0.00016  0.000063  0.87811       0
37  EUR_GBP 2023-04-06 15:35:00+00:00  0.87790  0.87812  0.0  0.0  0.00015  0.000177  0.87790       0
2023-04-06 10:46:15 CandleManger() new candle:last_candle:23-04-06 15:40 is ready:True
2023-04-06 10:46:25 tech_manger: max_rows: 39 candle_time: 2023-04-06 15:40:00+00:00 granularity: M5
2023-04-06 10:46:35 process_candles:
       PAIR                      time    mid_c    mid_o   SL   TP   SPREAD      GAIN     LOSS  SIGNAL
33  EUR_GBP 2023-04-06 15:20:00+00:00  0.87808  0.87815  0.0  0.0  0.00013  0.000142  0.87808       0
34  EUR_GBP 2023-04-06 15:25:00+00:00  0.87839  0.87810  0.0  0.0  0.00014  0.000390  0.87839       0
35  EUR_GBP 2023-04-06 15:30:00+00:00  0.87811  0.87841  0.0  0.0  0.00016  0.000063  0.87811       0
36  EUR_GBP 2023-04-06 15:35:00+00:00  0.87790  0.87812  0.0  0.0  0.00015  0.000177  0.87790       0
37  EUR_GBP 2023-04-06 15:40:00+00:00  0.87785  0.87786  0.0  0.0  0.00012  0.000248  0.87785       0
2023-04-06 10:50:46 CandleManger() new candle:last_candle:23-04-06 15:45 is ready:True
2023-04-06 10:50:56 tech_manger: max_rows: 39 candle_time: 2023-04-06 15:45:00+00:00 granularity: M5
2023-04-06 10:51:06 process_candles:
       PAIR                      time    mid_c    mid_o   SL   TP   SPREAD      GAIN     LOSS  SIGNAL
33  EUR_GBP 2023-04-06 15:25:00+00:00  0.87839  0.87810  0.0  0.0  0.00014  0.000390  0.87839       0
34  EUR_GBP 2023-04-06 15:30:00+00:00  0.87811  0.87841  0.0  0.0  0.00016  0.000063  0.87811       0
35  EUR_GBP 2023-04-06 15:35:00+00:00  0.87790  0.87812  0.0  0.0  0.00015  0.000177  0.87790       0
36  EUR_GBP 2023-04-06 15:40:00+00:00  0.87785  0.87786  0.0  0.0  0.00012  0.000248  0.87785       0
37  EUR_GBP 2023-04-06 15:45:00+00:00  0.87762  0.87784  0.0  0.0  0.00015  0.000473  0.87762       0
2023-04-06 10:55:17 CandleManger() new candle:last_candle:23-04-06 15:50 is ready:True
2023-04-06 10:55:27 tech_manger: max_rows: 39 candle_time: 2023-04-06 15:50:00+00:00 granularity: M5
2023-04-06 10:55:37 process_candles:
       PAIR                      time    mid_c    mid_o   SL   TP   SPREAD      GAIN     LOSS  SIGNAL
33  EUR_GBP 2023-04-06 15:30:00+00:00  0.87811  0.87841  0.0  0.0  0.00016  0.000063  0.87811       0
34  EUR_GBP 2023-04-06 15:35:00+00:00  0.87790  0.87812  0.0  0.0  0.00015  0.000177  0.87790       0
35  EUR_GBP 2023-04-06 15:40:00+00:00  0.87785  0.87786  0.0  0.0  0.00012  0.000248  0.87785       0
36  EUR_GBP 2023-04-06 15:45:00+00:00  0.87762  0.87784  0.0  0.0  0.00015  0.000473  0.87762       0
37  EUR_GBP 2023-04-06 15:50:00+00:00  0.87736  0.87762  0.0  0.0  0.00014  0.000697  0.87736       0
2023-04-06 11:01:48 CandleManger() new candle:last_candle:23-04-06 15:55 is ready:True
2023-04-06 11:01:58 tech_manger: max_rows: 39 candle_time: 2023-04-06 15:55:00+00:00 granularity: M5
2023-04-06 11:02:08 process_candles:
       PAIR                      time    mid_c    mid_o   SL   TP   SPREAD      GAIN     LOSS  SIGNAL
33  EUR_GBP 2023-04-06 15:35:00+00:00  0.87790  0.87812  0.0  0.0  0.00015  0.000177  0.87790       0
34  EUR_GBP 2023-04-06 15:40:00+00:00  0.87785  0.87786  0.0  0.0  0.00012  0.000248  0.87785       0
35  EUR_GBP 2023-04-06 15:45:00+00:00  0.87762  0.87784  0.0  0.0  0.00015  0.000473  0.87762       0
36  EUR_GBP 2023-04-06 15:50:00+00:00  0.87736  0.87762  0.0  0.0  0.00014  0.000697  0.87736       0
37  EUR_GBP 2023-04-06 15:55:00+00:00  0.87728  0.87736  0.0  0.0  0.00014  0.000737  0.87728       0
