2023-03-02 04:44:52 LogWrapper init() ./logs/GBP_JPY.log
2023-03-02 04:44:52 {'n_ma': 8, 'n_std': 1.5, 'maxspread': 0.0004, 'mingain': 0.0018, 'riskreward': 1.5}
2023-03-02 04:44:52 CandleManger() init last_candle:last_candle:23-03-02 10:35 is ready:False
2023-03-02 04:46:52 CandleManger() new candle:last_candle:23-03-02 10:40 is ready:True
2023-03-02 04:47:12 tech_manger: max_rows: 28 candle_time: 2023-03-02 10:40:00+00:00 granularity: M5
2023-03-02 04:47:22 process_candles:
       PAIR                      time    mid_c    mid_o   SL   TP  SPREAD      GAIN  SIGNAL
22  GBP_JPY 2023-03-02 10:20:00+00:00  163.558  163.388  0.0  0.0   0.032  0.118208       0
23  GBP_JPY 2023-03-02 10:25:00+00:00  163.598  163.560  0.0  0.0   0.032  0.153792       0
24  GBP_JPY 2023-03-02 10:30:00+00:00  163.490  163.598  0.0  0.0   0.031  0.045250       0
25  GBP_JPY 2023-03-02 10:35:00+00:00  163.472  163.492  0.0  0.0   0.029  0.023458       0
26  GBP_JPY 2023-03-02 10:40:00+00:00  163.496  163.471  0.0  0.0   0.030  0.040250       0
2023-03-02 04:51:23 CandleManger() new candle:last_candle:23-03-02 10:45 is ready:True
2023-03-02 04:51:43 tech_manger: max_rows: 28 candle_time: 2023-03-02 10:45:00+00:00 granularity: M5
2023-03-02 04:51:53 process_candles:
       PAIR                      time    mid_c    mid_o   SL   TP  SPREAD      GAIN  SIGNAL
22  GBP_JPY 2023-03-02 10:25:00+00:00  163.598  163.560  0.0  0.0   0.032  0.153792       0
23  GBP_JPY 2023-03-02 10:30:00+00:00  163.490  163.598  0.0  0.0   0.031  0.045250       0
24  GBP_JPY 2023-03-02 10:35:00+00:00  163.472  163.492  0.0  0.0   0.029  0.023458       0
25  GBP_JPY 2023-03-02 10:40:00+00:00  163.496  163.471  0.0  0.0   0.030  0.040250       0
26  GBP_JPY 2023-03-02 10:45:00+00:00  163.504  163.493  0.0  0.0   0.029  0.035750       0
2023-03-02 04:55:54 CandleManger() new candle:last_candle:23-03-02 10:50 is ready:True
2023-03-02 04:56:14 tech_manger: max_rows: 28 candle_time: 2023-03-02 10:50:00+00:00 granularity: M5
2023-03-02 04:56:24 process_candles:
       PAIR                      time    mid_c    mid_o   SL   TP  SPREAD      GAIN  SIGNAL
22  GBP_JPY 2023-03-02 10:30:00+00:00  163.490  163.598  0.0  0.0   0.031  0.045250       0
23  GBP_JPY 2023-03-02 10:35:00+00:00  163.472  163.492  0.0  0.0   0.029  0.023458       0
24  GBP_JPY 2023-03-02 10:40:00+00:00  163.496  163.471  0.0  0.0   0.030  0.040250       0
25  GBP_JPY 2023-03-02 10:45:00+00:00  163.504  163.493  0.0  0.0   0.029  0.035750       0
26  GBP_JPY 2023-03-02 10:50:00+00:00  163.567  163.496  0.0  0.0   0.030  0.072167       0
2023-03-02 05:00:25 CandleManger() new candle:last_candle:23-03-02 10:55 is ready:True
2023-03-02 05:00:45 tech_manger: max_rows: 28 candle_time: 2023-03-02 10:55:00+00:00 granularity: M5
2023-03-02 05:00:55 process_candles:
       PAIR                      time    mid_c    mid_o   SL   TP  SPREAD      GAIN  SIGNAL
22  GBP_JPY 2023-03-02 10:35:00+00:00  163.472  163.492  0.0  0.0   0.029  0.023458       0
23  GBP_JPY 2023-03-02 10:40:00+00:00  163.496  163.471  0.0  0.0   0.030  0.040250       0
24  GBP_JPY 2023-03-02 10:45:00+00:00  163.504  163.493  0.0  0.0   0.029  0.035750       0
25  GBP_JPY 2023-03-02 10:50:00+00:00  163.567  163.496  0.0  0.0   0.030  0.072167       0
26  GBP_JPY 2023-03-02 10:55:00+00:00  163.532  163.568  0.0  0.0   0.029  0.017958       0
2023-03-02 05:06:56 CandleManger() new candle:last_candle:23-03-02 11:00 is ready:True
2023-03-02 05:07:16 tech_manger: max_rows: 28 candle_time: 2023-03-02 11:00:00+00:00 granularity: M5
2023-03-02 05:07:26 process_candles:
       PAIR                      time    mid_c    mid_o   SL   TP  SPREAD      GAIN  SIGNAL
22  GBP_JPY 2023-03-02 10:40:00+00:00  163.496  163.471  0.0  0.0   0.030  0.040250       0
23  GBP_JPY 2023-03-02 10:45:00+00:00  163.504  163.493  0.0  0.0   0.029  0.035750       0
24  GBP_JPY 2023-03-02 10:50:00+00:00  163.567  163.496  0.0  0.0   0.030  0.072167       0
25  GBP_JPY 2023-03-02 10:55:00+00:00  163.532  163.568  0.0  0.0   0.029  0.017958       0
26  GBP_JPY 2023-03-02 11:00:00+00:00  163.558  163.530  0.0  0.0   0.031  0.037250       0
2023-03-02 05:11:27 CandleManger() new candle:last_candle:23-03-02 11:05 is ready:True
2023-03-02 05:11:47 tech_manger: max_rows: 28 candle_time: 2023-03-02 11:05:00+00:00 granularity: M5
2023-03-02 05:11:57 process_candles:
       PAIR                      time    mid_c    mid_o   SL   TP  SPREAD      GAIN  SIGNAL
22  GBP_JPY 2023-03-02 10:45:00+00:00  163.504  163.493  0.0  0.0   0.029  0.035750       0
23  GBP_JPY 2023-03-02 10:50:00+00:00  163.567  163.496  0.0  0.0   0.030  0.072167       0
24  GBP_JPY 2023-03-02 10:55:00+00:00  163.532  163.568  0.0  0.0   0.029  0.017958       0
25  GBP_JPY 2023-03-02 11:00:00+00:00  163.558  163.530  0.0  0.0   0.031  0.037250       0
26  GBP_JPY 2023-03-02 11:05:00+00:00  163.660  163.552  0.0  0.0   0.029  0.134958       0
2023-03-02 05:15:57 CandleManger() new candle:last_candle:23-03-02 11:10 is ready:True
2023-03-02 05:16:18 tech_manger: max_rows: 28 candle_time: 2023-03-02 11:10:00+00:00 granularity: M5
2023-03-02 05:16:28 process_candles:
       PAIR                      time    mid_c    mid_o   SL   TP  SPREAD      GAIN  SIGNAL
22  GBP_JPY 2023-03-02 10:50:00+00:00  163.567  163.496  0.0  0.0   0.030  0.072167       0
23  GBP_JPY 2023-03-02 10:55:00+00:00  163.532  163.568  0.0  0.0   0.029  0.017958       0
24  GBP_JPY 2023-03-02 11:00:00+00:00  163.558  163.530  0.0  0.0   0.031  0.037250       0
25  GBP_JPY 2023-03-02 11:05:00+00:00  163.660  163.552  0.0  0.0   0.029  0.134958       0
26  GBP_JPY 2023-03-02 11:10:00+00:00  163.705  163.661  0.0  0.0   0.028  0.161250       0
2023-03-02 05:20:28 CandleManger() new candle:last_candle:23-03-02 11:15 is ready:True
2023-03-02 05:20:48 tech_manger: max_rows: 28 candle_time: 2023-03-02 11:15:00+00:00 granularity: M5
2023-03-02 05:20:58 process_candles:
       PAIR                      time    mid_c    mid_o   SL   TP  SPREAD      GAIN  SIGNAL
22  GBP_JPY 2023-03-02 10:55:00+00:00  163.532  163.568  0.0  0.0   0.029  0.017958       0
23  GBP_JPY 2023-03-02 11:00:00+00:00  163.558  163.530  0.0  0.0   0.031  0.037250       0
24  GBP_JPY 2023-03-02 11:05:00+00:00  163.660  163.552  0.0  0.0   0.029  0.134958       0
25  GBP_JPY 2023-03-02 11:10:00+00:00  163.705  163.661  0.0  0.0   0.028  0.161250       0
26  GBP_JPY 2023-03-02 11:15:00+00:00  163.747  163.704  0.0  0.0   0.028  0.169417       0
2023-03-02 05:26:59 CandleManger() new candle:last_candle:23-03-02 11:20 is ready:True
2023-03-02 05:27:20 tech_manger: max_rows: 28 candle_time: 2023-03-02 11:20:00+00:00 granularity: M5
2023-03-02 05:27:30 process_candles:
       PAIR                      time    mid_c    mid_o   SL   TP  SPREAD      GAIN  SIGNAL
22  GBP_JPY 2023-03-02 11:00:00+00:00  163.558  163.530  0.0  0.0   0.031  0.037250       0
23  GBP_JPY 2023-03-02 11:05:00+00:00  163.660  163.552  0.0  0.0   0.029  0.134958       0
24  GBP_JPY 2023-03-02 11:10:00+00:00  163.705  163.661  0.0  0.0   0.028  0.161250       0
25  GBP_JPY 2023-03-02 11:15:00+00:00  163.747  163.704  0.0  0.0   0.028  0.169417       0
26  GBP_JPY 2023-03-02 11:20:00+00:00  163.738  163.746  0.0  0.0   0.031  0.126000       0
2023-03-02 05:31:30 CandleManger() new candle:last_candle:23-03-02 11:25 is ready:True
2023-03-02 05:31:50 tech_manger: max_rows: 28 candle_time: 2023-03-02 11:25:00+00:00 granularity: M5
2023-03-02 05:32:01 process_candles:
       PAIR                      time    mid_c    mid_o   SL   TP  SPREAD      GAIN  SIGNAL
22  GBP_JPY 2023-03-02 11:05:00+00:00  163.660  163.552  0.0  0.0   0.029  0.134958       0
23  GBP_JPY 2023-03-02 11:10:00+00:00  163.705  163.661  0.0  0.0   0.028  0.161250       0
24  GBP_JPY 2023-03-02 11:15:00+00:00  163.747  163.704  0.0  0.0   0.028  0.169417       0
25  GBP_JPY 2023-03-02 11:20:00+00:00  163.738  163.746  0.0  0.0   0.031  0.126000       0
26  GBP_JPY 2023-03-02 11:25:00+00:00  163.694  163.738  0.0  0.0   0.035  0.055250       0
2023-03-02 05:36:01 CandleManger() new candle:last_candle:23-03-02 11:30 is ready:True
2023-03-02 05:36:21 tech_manger: max_rows: 28 candle_time: 2023-03-02 11:30:00+00:00 granularity: M5
2023-03-02 05:36:31 process_candles:
       PAIR                      time    mid_c    mid_o   SL   TP  SPREAD      GAIN  SIGNAL
22  GBP_JPY 2023-03-02 11:10:00+00:00  163.705  163.661  0.0  0.0   0.028  0.161250       0
23  GBP_JPY 2023-03-02 11:15:00+00:00  163.747  163.704  0.0  0.0   0.028  0.169417       0
24  GBP_JPY 2023-03-02 11:20:00+00:00  163.738  163.746  0.0  0.0   0.031  0.126000       0
25  GBP_JPY 2023-03-02 11:25:00+00:00  163.694  163.738  0.0  0.0   0.035  0.055250       0
26  GBP_JPY 2023-03-02 11:30:00+00:00  163.760  163.692  0.0  0.0   0.031  0.098208       0
2023-03-02 05:40:32 CandleManger() new candle:last_candle:23-03-02 11:35 is ready:True
2023-03-02 05:40:52 tech_manger: max_rows: 28 candle_time: 2023-03-02 11:35:00+00:00 granularity: M5
2023-03-02 05:41:02 process_candles:
       PAIR                      time    mid_c    mid_o   SL   TP  SPREAD      GAIN  SIGNAL
22  GBP_JPY 2023-03-02 11:15:00+00:00  163.747  163.704  0.0  0.0   0.028  0.169417       0
23  GBP_JPY 2023-03-02 11:20:00+00:00  163.738  163.746  0.0  0.0   0.031  0.126000       0
24  GBP_JPY 2023-03-02 11:25:00+00:00  163.694  163.738  0.0  0.0   0.035  0.055250       0
25  GBP_JPY 2023-03-02 11:30:00+00:00  163.760  163.692  0.0  0.0   0.031  0.098208       0
26  GBP_JPY 2023-03-02 11:35:00+00:00  163.812  163.762  0.0  0.0   0.031  0.117292       0
2023-03-02 05:45:03 CandleManger() new candle:last_candle:23-03-02 11:40 is ready:True
2023-03-02 05:45:23 tech_manger: max_rows: 28 candle_time: 2023-03-02 11:40:00+00:00 granularity: M5
2023-03-02 05:45:33 process_candles:
       PAIR                      time    mid_c    mid_o   SL   TP  SPREAD      GAIN  SIGNAL
22  GBP_JPY 2023-03-02 11:20:00+00:00  163.738  163.746  0.0  0.0   0.031  0.126000       0
23  GBP_JPY 2023-03-02 11:25:00+00:00  163.694  163.738  0.0  0.0   0.035  0.055250       0
24  GBP_JPY 2023-03-02 11:30:00+00:00  163.760  163.692  0.0  0.0   0.031  0.098208       0
25  GBP_JPY 2023-03-02 11:35:00+00:00  163.812  163.762  0.0  0.0   0.031  0.117292       0
26  GBP_JPY 2023-03-02 11:40:00+00:00  163.769  163.812  0.0  0.0   0.032  0.045333       0
2023-03-02 05:51:34 CandleManger() new candle:last_candle:23-03-02 11:45 is ready:True
2023-03-02 05:51:54 tech_manger: max_rows: 28 candle_time: 2023-03-02 11:45:00+00:00 granularity: M5
2023-03-02 05:52:04 process_candles:
       PAIR                      time    mid_c    mid_o   SL   TP  SPREAD      GAIN  SIGNAL
22  GBP_JPY 2023-03-02 11:25:00+00:00  163.694  163.738  0.0  0.0   0.035  0.055250       0
23  GBP_JPY 2023-03-02 11:30:00+00:00  163.760  163.692  0.0  0.0   0.031  0.098208       0
24  GBP_JPY 2023-03-02 11:35:00+00:00  163.812  163.762  0.0  0.0   0.031  0.117292       0
25  GBP_JPY 2023-03-02 11:40:00+00:00  163.769  163.812  0.0  0.0   0.032  0.045333       0
26  GBP_JPY 2023-03-02 11:45:00+00:00  163.708  163.765  0.0  0.0   0.031  0.029750       0
2023-03-02 05:56:05 CandleManger() new candle:last_candle:23-03-02 11:50 is ready:True
2023-03-02 05:56:25 tech_manger: max_rows: 28 candle_time: 2023-03-02 11:50:00+00:00 granularity: M5
2023-03-02 05:56:35 process_candles:
       PAIR                      time    mid_c    mid_o   SL   TP  SPREAD      GAIN  SIGNAL
22  GBP_JPY 2023-03-02 11:30:00+00:00  163.760  163.692  0.0  0.0   0.031  0.098208       0
23  GBP_JPY 2023-03-02 11:35:00+00:00  163.812  163.762  0.0  0.0   0.031  0.117292       0
24  GBP_JPY 2023-03-02 11:40:00+00:00  163.769  163.812  0.0  0.0   0.032  0.045333       0
25  GBP_JPY 2023-03-02 11:45:00+00:00  163.708  163.765  0.0  0.0   0.031  0.029750       0
26  GBP_JPY 2023-03-02 11:50:00+00:00  163.794  163.707  0.0  0.0   0.031  0.044792       0
2023-03-02 06:00:36 CandleManger() new candle:last_candle:23-03-02 11:55 is ready:True
2023-03-02 06:00:56 tech_manger: max_rows: 28 candle_time: 2023-03-02 11:55:00+00:00 granularity: M5
2023-03-02 06:01:06 process_candles:
       PAIR                      time    mid_c    mid_o   SL   TP  SPREAD      GAIN  SIGNAL
22  GBP_JPY 2023-03-02 11:35:00+00:00  163.812  163.762  0.0  0.0   0.031  0.117292       0
23  GBP_JPY 2023-03-02 11:40:00+00:00  163.769  163.812  0.0  0.0   0.032  0.045333       0
24  GBP_JPY 2023-03-02 11:45:00+00:00  163.708  163.765  0.0  0.0   0.031  0.029750       0
25  GBP_JPY 2023-03-02 11:50:00+00:00  163.794  163.707  0.0  0.0   0.031  0.044792       0
26  GBP_JPY 2023-03-02 11:55:00+00:00  163.680  163.796  0.0  0.0   0.024  0.066708       0
2023-03-02 06:05:07 CandleManger() new candle:last_candle:23-03-02 12:00 is ready:True
2023-03-02 06:05:27 tech_manger: max_rows: 28 candle_time: 2023-03-02 12:00:00+00:00 granularity: M5
2023-03-02 06:05:37 process_candles:
       PAIR                      time    mid_c    mid_o   SL   TP  SPREAD      GAIN  SIGNAL
22  GBP_JPY 2023-03-02 11:40:00+00:00  163.769  163.812  0.0  0.0   0.032  0.045333       0
23  GBP_JPY 2023-03-02 11:45:00+00:00  163.708  163.765  0.0  0.0   0.031  0.029750       0
24  GBP_JPY 2023-03-02 11:50:00+00:00  163.794  163.707  0.0  0.0   0.031  0.044792       0
25  GBP_JPY 2023-03-02 11:55:00+00:00  163.680  163.796  0.0  0.0   0.024  0.066708       0
26  GBP_JPY 2023-03-02 12:00:00+00:00  163.678  163.681  0.0  0.0   0.030  0.057292       0
2023-03-02 06:11:38 CandleManger() new candle:last_candle:23-03-02 12:05 is ready:True
2023-03-02 06:11:58 tech_manger: max_rows: 28 candle_time: 2023-03-02 12:05:00+00:00 granularity: M5
2023-03-02 06:12:08 process_candles:
       PAIR                      time    mid_c    mid_o   SL   TP  SPREAD      GAIN  SIGNAL
22  GBP_JPY 2023-03-02 11:45:00+00:00  163.708  163.765  0.0  0.0   0.031  0.029750       0
23  GBP_JPY 2023-03-02 11:50:00+00:00  163.794  163.707  0.0  0.0   0.031  0.044792       0
24  GBP_JPY 2023-03-02 11:55:00+00:00  163.680  163.796  0.0  0.0   0.024  0.066708       0
25  GBP_JPY 2023-03-02 12:00:00+00:00  163.678  163.681  0.0  0.0   0.030  0.057292       0
26  GBP_JPY 2023-03-02 12:05:00+00:00  163.514  163.680  0.0  0.0   0.030  0.204125       0
2023-03-02 06:16:09 CandleManger() new candle:last_candle:23-03-02 12:10 is ready:True
2023-03-02 06:16:29 tech_manger: max_rows: 28 candle_time: 2023-03-02 12:10:00+00:00 granularity: M5
2023-03-02 06:16:39 process_candles:
       PAIR                      time    mid_c    mid_o   SL   TP  SPREAD      GAIN  SIGNAL
22  GBP_JPY 2023-03-02 11:50:00+00:00  163.794  163.707  0.0  0.0   0.031  0.044792       0
23  GBP_JPY 2023-03-02 11:55:00+00:00  163.680  163.796  0.0  0.0   0.024  0.066708       0
24  GBP_JPY 2023-03-02 12:00:00+00:00  163.678  163.681  0.0  0.0   0.030  0.057292       0
25  GBP_JPY 2023-03-02 12:05:00+00:00  163.514  163.680  0.0  0.0   0.030  0.204125       0
26  GBP_JPY 2023-03-02 12:10:00+00:00  163.590  163.514  0.0  0.0   0.029  0.105000       0
2023-03-02 06:20:40 CandleManger() new candle:last_candle:23-03-02 12:15 is ready:True
2023-03-02 06:21:00 tech_manger: max_rows: 28 candle_time: 2023-03-02 12:15:00+00:00 granularity: M5
2023-03-02 06:21:10 process_candles:
       PAIR                      time    mid_c    mid_o   SL   TP  SPREAD      GAIN  SIGNAL
22  GBP_JPY 2023-03-02 11:55:00+00:00  163.680  163.796  0.0  0.0   0.024  0.066708       0
23  GBP_JPY 2023-03-02 12:00:00+00:00  163.678  163.681  0.0  0.0   0.030  0.057292       0
24  GBP_JPY 2023-03-02 12:05:00+00:00  163.514  163.680  0.0  0.0   0.030  0.204125       0
25  GBP_JPY 2023-03-02 12:10:00+00:00  163.590  163.514  0.0  0.0   0.029  0.105000       0
26  GBP_JPY 2023-03-02 12:15:00+00:00  163.610  163.586  0.0  0.0   0.029  0.061167       0
2023-03-02 06:25:11 CandleManger() new candle:last_candle:23-03-02 12:20 is ready:True
2023-03-02 06:25:31 tech_manger: max_rows: 28 candle_time: 2023-03-02 12:20:00+00:00 granularity: M5
2023-03-02 06:25:41 process_candles:
       PAIR                      time    mid_c    mid_o   SL   TP  SPREAD      GAIN  SIGNAL
22  GBP_JPY 2023-03-02 12:00:00+00:00  163.678  163.681  0.0  0.0   0.030  0.057292       0
23  GBP_JPY 2023-03-02 12:05:00+00:00  163.514  163.680  0.0  0.0   0.030  0.204125       0
24  GBP_JPY 2023-03-02 12:10:00+00:00  163.590  163.514  0.0  0.0   0.029  0.105000       0
25  GBP_JPY 2023-03-02 12:15:00+00:00  163.610  163.586  0.0  0.0   0.029  0.061167       0
26  GBP_JPY 2023-03-02 12:20:00+00:00  163.612  163.610  0.0  0.0   0.029  0.038542       0
2023-03-02 06:31:42 CandleManger() new candle:last_candle:23-03-02 12:25 is ready:True
2023-03-02 06:32:02 tech_manger: max_rows: 28 candle_time: 2023-03-02 12:25:00+00:00 granularity: M5
2023-03-02 06:32:12 process_candles:
       PAIR                      time    mid_c    mid_o   SL   TP  SPREAD      GAIN  SIGNAL
22  GBP_JPY 2023-03-02 12:05:00+00:00  163.514  163.680  0.0  0.0   0.030  0.204125       0
23  GBP_JPY 2023-03-02 12:10:00+00:00  163.590  163.514  0.0  0.0   0.029  0.105000       0
24  GBP_JPY 2023-03-02 12:15:00+00:00  163.610  163.586  0.0  0.0   0.029  0.061167       0
25  GBP_JPY 2023-03-02 12:20:00+00:00  163.612  163.610  0.0  0.0   0.029  0.038542       0
26  GBP_JPY 2023-03-02 12:25:00+00:00  163.584  163.612  0.0  0.0   0.029  0.050750       0
2023-03-02 06:36:13 CandleManger() new candle:last_candle:23-03-02 12:30 is ready:True
2023-03-02 06:36:33 tech_manger: max_rows: 28 candle_time: 2023-03-02 12:30:00+00:00 granularity: M5
2023-03-02 06:36:43 process_candles:
       PAIR                      time    mid_c    mid_o   SL   TP  SPREAD      GAIN  SIGNAL
22  GBP_JPY 2023-03-02 12:10:00+00:00  163.590  163.514  0.0  0.0   0.029  0.105000       0
23  GBP_JPY 2023-03-02 12:15:00+00:00  163.610  163.586  0.0  0.0   0.029  0.061167       0
24  GBP_JPY 2023-03-02 12:20:00+00:00  163.612  163.610  0.0  0.0   0.029  0.038542       0
25  GBP_JPY 2023-03-02 12:25:00+00:00  163.584  163.612  0.0  0.0   0.029  0.050750       0
26  GBP_JPY 2023-03-02 12:30:00+00:00  163.558  163.586  0.0  0.0   0.029  0.052250       0
2023-03-02 06:40:44 CandleManger() new candle:last_candle:23-03-02 12:35 is ready:True
2023-03-02 06:41:04 tech_manger: max_rows: 28 candle_time: 2023-03-02 12:35:00+00:00 granularity: M5
2023-03-02 06:41:14 process_candles:
       PAIR                      time    mid_c    mid_o   SL   TP  SPREAD      GAIN  SIGNAL
22  GBP_JPY 2023-03-02 12:15:00+00:00  163.610  163.586  0.0  0.0   0.029  0.061167       0
23  GBP_JPY 2023-03-02 12:20:00+00:00  163.612  163.610  0.0  0.0   0.029  0.038542       0
24  GBP_JPY 2023-03-02 12:25:00+00:00  163.584  163.612  0.0  0.0   0.029  0.050750       0
25  GBP_JPY 2023-03-02 12:30:00+00:00  163.558  163.586  0.0  0.0   0.029  0.052250       0
26  GBP_JPY 2023-03-02 12:35:00+00:00  163.572  163.560  0.0  0.0   0.029  0.018750       0
2023-03-02 06:45:15 CandleManger() new candle:last_candle:23-03-02 12:40 is ready:True
2023-03-02 06:45:35 tech_manger: max_rows: 28 candle_time: 2023-03-02 12:40:00+00:00 granularity: M5
2023-03-02 06:45:45 process_candles:
       PAIR                      time    mid_c    mid_o   SL   TP  SPREAD      GAIN  SIGNAL
22  GBP_JPY 2023-03-02 12:20:00+00:00  163.612  163.610  0.0  0.0   0.029  0.038542       0
23  GBP_JPY 2023-03-02 12:25:00+00:00  163.584  163.612  0.0  0.0   0.029  0.050750       0
24  GBP_JPY 2023-03-02 12:30:00+00:00  163.558  163.586  0.0  0.0   0.029  0.052250       0
25  GBP_JPY 2023-03-02 12:35:00+00:00  163.572  163.560  0.0  0.0   0.029  0.018750       0
26  GBP_JPY 2023-03-02 12:40:00+00:00  163.550  163.572  0.0  0.0   0.028  0.027583       0
2023-03-02 06:51:46 CandleManger() new candle:last_candle:23-03-02 12:45 is ready:True
2023-03-02 06:52:06 tech_manger: max_rows: 28 candle_time: 2023-03-02 12:45:00+00:00 granularity: M5
2023-03-02 06:52:16 process_candles:
       PAIR                      time    mid_c    mid_o   SL   TP  SPREAD      GAIN  SIGNAL
22  GBP_JPY 2023-03-02 12:25:00+00:00  163.584  163.612  0.0  0.0   0.029  0.050750       0
23  GBP_JPY 2023-03-02 12:30:00+00:00  163.558  163.586  0.0  0.0   0.029  0.052250       0
24  GBP_JPY 2023-03-02 12:35:00+00:00  163.572  163.560  0.0  0.0   0.029  0.018750       0
25  GBP_JPY 2023-03-02 12:40:00+00:00  163.550  163.572  0.0  0.0   0.028  0.027583       0
26  GBP_JPY 2023-03-02 12:45:00+00:00  163.510  163.549  0.0  0.0   0.029  0.063208       0
2023-03-02 06:56:17 CandleManger() new candle:last_candle:23-03-02 12:50 is ready:True
2023-03-02 06:56:37 tech_manger: max_rows: 28 candle_time: 2023-03-02 12:50:00+00:00 granularity: M5
2023-03-02 06:56:47 process_candles:
       PAIR                      time    mid_c    mid_o   SL   TP  SPREAD      GAIN  SIGNAL
22  GBP_JPY 2023-03-02 12:30:00+00:00  163.558  163.586  0.0  0.0   0.029  0.052250       0
23  GBP_JPY 2023-03-02 12:35:00+00:00  163.572  163.560  0.0  0.0   0.029  0.018750       0
24  GBP_JPY 2023-03-02 12:40:00+00:00  163.550  163.572  0.0  0.0   0.028  0.027583       0
25  GBP_JPY 2023-03-02 12:45:00+00:00  163.510  163.549  0.0  0.0   0.029  0.063208       0
26  GBP_JPY 2023-03-02 12:50:00+00:00  163.466  163.510  0.0  0.0   0.031  0.096042       0
2023-03-02 07:00:48 CandleManger() new candle:last_candle:23-03-02 12:55 is ready:True
2023-03-02 07:01:08 tech_manger: max_rows: 28 candle_time: 2023-03-02 12:55:00+00:00 granularity: M5
2023-03-02 07:01:18 process_candles:
       PAIR                      time    mid_c    mid_o   SL   TP  SPREAD      GAIN  SIGNAL
22  GBP_JPY 2023-03-02 12:35:00+00:00  163.572  163.560  0.0  0.0   0.029  0.018750       0
23  GBP_JPY 2023-03-02 12:40:00+00:00  163.550  163.572  0.0  0.0   0.028  0.027583       0
24  GBP_JPY 2023-03-02 12:45:00+00:00  163.510  163.549  0.0  0.0   0.029  0.063208       0
25  GBP_JPY 2023-03-02 12:50:00+00:00  163.466  163.510  0.0  0.0   0.031  0.096042       0
26  GBP_JPY 2023-03-02 12:55:00+00:00  163.412  163.468  0.0  0.0   0.030  0.127708       0
2023-03-02 07:05:19 CandleManger() new candle:last_candle:23-03-02 13:00 is ready:True
2023-03-02 07:05:39 tech_manger: max_rows: 28 candle_time: 2023-03-02 13:00:00+00:00 granularity: M5
2023-03-02 07:05:49 process_candles:
       PAIR                      time    mid_c    mid_o   SL   TP  SPREAD      GAIN  SIGNAL
22  GBP_JPY 2023-03-02 12:40:00+00:00  163.550  163.572  0.0  0.0   0.028  0.027583       0
23  GBP_JPY 2023-03-02 12:45:00+00:00  163.510  163.549  0.0  0.0   0.029  0.063208       0
24  GBP_JPY 2023-03-02 12:50:00+00:00  163.466  163.510  0.0  0.0   0.031  0.096042       0
25  GBP_JPY 2023-03-02 12:55:00+00:00  163.412  163.468  0.0  0.0   0.030  0.127708       0
26  GBP_JPY 2023-03-02 13:00:00+00:00  163.452  163.414  0.0  0.0   0.029  0.065917       0
2023-03-02 07:11:50 CandleManger() new candle:last_candle:23-03-02 13:05 is ready:True
2023-03-02 07:12:10 tech_manger: max_rows: 28 candle_time: 2023-03-02 13:05:00+00:00 granularity: M5
2023-03-02 07:12:20 process_candles:
       PAIR                      time    mid_c    mid_o   SL   TP  SPREAD      GAIN  SIGNAL
22  GBP_JPY 2023-03-02 12:45:00+00:00  163.510  163.549  0.0  0.0   0.029  0.063208       0
23  GBP_JPY 2023-03-02 12:50:00+00:00  163.466  163.510  0.0  0.0   0.031  0.096042       0
24  GBP_JPY 2023-03-02 12:55:00+00:00  163.412  163.468  0.0  0.0   0.030  0.127708       0
25  GBP_JPY 2023-03-02 13:00:00+00:00  163.452  163.414  0.0  0.0   0.029  0.065917       0
26  GBP_JPY 2023-03-02 13:05:00+00:00  163.394  163.452  0.0  0.0   0.030  0.098000       0
2023-03-02 07:16:21 CandleManger() new candle:last_candle:23-03-02 13:10 is ready:True
2023-03-02 07:16:41 tech_manger: max_rows: 28 candle_time: 2023-03-02 13:10:00+00:00 granularity: M5
2023-03-02 07:16:51 process_candles:
       PAIR                      time    mid_c    mid_o   SL   TP  SPREAD      GAIN  SIGNAL
22  GBP_JPY 2023-03-02 12:50:00+00:00  163.466  163.510  0.0  0.0   0.031  0.096042       0
23  GBP_JPY 2023-03-02 12:55:00+00:00  163.412  163.468  0.0  0.0   0.030  0.127708       0
24  GBP_JPY 2023-03-02 13:00:00+00:00  163.452  163.414  0.0  0.0   0.029  0.065917       0
25  GBP_JPY 2023-03-02 13:05:00+00:00  163.394  163.452  0.0  0.0   0.030  0.098000       0
26  GBP_JPY 2023-03-02 13:10:00+00:00  163.398  163.395  0.0  0.0   0.023  0.070958       0
2023-03-02 07:20:52 CandleManger() new candle:last_candle:23-03-02 13:15 is ready:True
2023-03-02 07:21:12 tech_manger: max_rows: 28 candle_time: 2023-03-02 13:15:00+00:00 granularity: M5
2023-03-02 07:21:22 process_candles:
       PAIR                      time    mid_c    mid_o   SL   TP  SPREAD      GAIN  SIGNAL
22  GBP_JPY 2023-03-02 12:55:00+00:00  163.412  163.468  0.0  0.0   0.030  0.127708       0
23  GBP_JPY 2023-03-02 13:00:00+00:00  163.452  163.414  0.0  0.0   0.029  0.065917       0
24  GBP_JPY 2023-03-02 13:05:00+00:00  163.394  163.452  0.0  0.0   0.030  0.098000       0
25  GBP_JPY 2023-03-02 13:10:00+00:00  163.398  163.395  0.0  0.0   0.023  0.070958       0
26  GBP_JPY 2023-03-02 13:15:00+00:00  163.420  163.395  0.0  0.0   0.030  0.030625       0
2023-03-02 07:25:23 CandleManger() new candle:last_candle:23-03-02 13:20 is ready:True
2023-03-02 07:25:43 tech_manger: max_rows: 28 candle_time: 2023-03-02 13:20:00+00:00 granularity: M5
2023-03-02 07:25:53 process_candles:
       PAIR                      time    mid_c    mid_o   SL   TP  SPREAD      GAIN  SIGNAL
22  GBP_JPY 2023-03-02 13:00:00+00:00  163.452  163.414  0.0  0.0   0.029  0.065917       0
23  GBP_JPY 2023-03-02 13:05:00+00:00  163.394  163.452  0.0  0.0   0.030  0.098000       0
24  GBP_JPY 2023-03-02 13:10:00+00:00  163.398  163.395  0.0  0.0   0.023  0.070958       0
25  GBP_JPY 2023-03-02 13:15:00+00:00  163.420  163.395  0.0  0.0   0.030  0.030625       0
26  GBP_JPY 2023-03-02 13:20:00+00:00  163.540  163.420  0.0  0.0   0.025  0.095042       0
2023-03-02 07:31:54 CandleManger() new candle:last_candle:23-03-02 13:25 is ready:True
2023-03-02 07:32:14 tech_manger: max_rows: 28 candle_time: 2023-03-02 13:25:00+00:00 granularity: M5
2023-03-02 07:32:24 process_candles:
       PAIR                      time    mid_c    mid_o   SL   TP  SPREAD      GAIN  SIGNAL
22  GBP_JPY 2023-03-02 13:05:00+00:00  163.394  163.452  0.0  0.0   0.030  0.098000       0
23  GBP_JPY 2023-03-02 13:10:00+00:00  163.398  163.395  0.0  0.0   0.023  0.070958       0
24  GBP_JPY 2023-03-02 13:15:00+00:00  163.420  163.395  0.0  0.0   0.030  0.030625       0
25  GBP_JPY 2023-03-02 13:20:00+00:00  163.540  163.420  0.0  0.0   0.025  0.095042       0
26  GBP_JPY 2023-03-02 13:25:00+00:00  163.580  163.539  0.0  0.0   0.052  0.130000       0
2023-03-02 07:36:25 CandleManger() new candle:last_candle:23-03-02 13:30 is ready:True
2023-03-02 07:36:45 tech_manger: max_rows: 28 candle_time: 2023-03-02 13:30:00+00:00 granularity: M5
2023-03-02 07:36:55 process_candles:
       PAIR                      time    mid_c    mid_o   SL   TP  SPREAD      GAIN  SIGNAL
22  GBP_JPY 2023-03-02 13:10:00+00:00  163.398  163.395  0.0  0.0   0.023  0.070958       0
23  GBP_JPY 2023-03-02 13:15:00+00:00  163.420  163.395  0.0  0.0   0.030  0.030625       0
24  GBP_JPY 2023-03-02 13:20:00+00:00  163.540  163.420  0.0  0.0   0.025  0.095042       0
25  GBP_JPY 2023-03-02 13:25:00+00:00  163.580  163.539  0.0  0.0   0.052  0.130000       0
26  GBP_JPY 2023-03-02 13:30:00+00:00  163.526  163.580  0.0  0.0   0.037  0.069042       0
2023-03-02 07:40:56 CandleManger() new candle:last_candle:23-03-02 13:35 is ready:True
2023-03-02 07:41:16 tech_manger: max_rows: 28 candle_time: 2023-03-02 13:35:00+00:00 granularity: M5
2023-03-02 07:41:26 process_candles:
       PAIR                      time    mid_c    mid_o   SL   TP  SPREAD      GAIN  SIGNAL
22  GBP_JPY 2023-03-02 13:15:00+00:00  163.420  163.395  0.0  0.0   0.030  0.030625       0
23  GBP_JPY 2023-03-02 13:20:00+00:00  163.540  163.420  0.0  0.0   0.025  0.095042       0
24  GBP_JPY 2023-03-02 13:25:00+00:00  163.580  163.539  0.0  0.0   0.052  0.130000       0
25  GBP_JPY 2023-03-02 13:30:00+00:00  163.526  163.580  0.0  0.0   0.037  0.069042       0
26  GBP_JPY 2023-03-02 13:35:00+00:00  163.530  163.522  0.0  0.0   0.031  0.062667       0
2023-03-02 07:45:27 CandleManger() new candle:last_candle:23-03-02 13:40 is ready:True
2023-03-02 07:45:47 tech_manger: max_rows: 28 candle_time: 2023-03-02 13:40:00+00:00 granularity: M5
2023-03-02 07:45:57 process_candles:
       PAIR                      time    mid_c    mid_o   SL   TP  SPREAD      GAIN  SIGNAL
22  GBP_JPY 2023-03-02 13:20:00+00:00  163.540  163.420  0.0  0.0   0.025  0.095042       0
23  GBP_JPY 2023-03-02 13:25:00+00:00  163.580  163.539  0.0  0.0   0.052  0.130000       0
24  GBP_JPY 2023-03-02 13:30:00+00:00  163.526  163.580  0.0  0.0   0.037  0.069042       0
25  GBP_JPY 2023-03-02 13:35:00+00:00  163.530  163.522  0.0  0.0   0.031  0.062667       0
26  GBP_JPY 2023-03-02 13:40:00+00:00  163.518  163.526  0.0  0.0   0.033  0.040375       0
2023-03-02 07:51:58 CandleManger() new candle:last_candle:23-03-02 13:45 is ready:True
2023-03-02 07:52:18 tech_manger: max_rows: 28 candle_time: 2023-03-02 13:45:00+00:00 granularity: M5
2023-03-02 07:52:28 process_candles:
       PAIR                      time    mid_c    mid_o   SL   TP  SPREAD      GAIN  SIGNAL
22  GBP_JPY 2023-03-02 13:25:00+00:00  163.580  163.539  0.0  0.0   0.052  0.130000       0
23  GBP_JPY 2023-03-02 13:30:00+00:00  163.526  163.580  0.0  0.0   0.037  0.069042       0
24  GBP_JPY 2023-03-02 13:35:00+00:00  163.530  163.522  0.0  0.0   0.031  0.062667       0
25  GBP_JPY 2023-03-02 13:40:00+00:00  163.518  163.526  0.0  0.0   0.033  0.040375       0
26  GBP_JPY 2023-03-02 13:45:00+00:00  163.496  163.512  0.0  0.0   0.029  0.006792       0
2023-03-02 07:56:29 CandleManger() new candle:last_candle:23-03-02 13:50 is ready:True
2023-03-02 07:56:49 tech_manger: max_rows: 28 candle_time: 2023-03-02 13:50:00+00:00 granularity: M5
2023-03-02 07:56:59 process_candles:
       PAIR                      time    mid_c    mid_o   SL   TP  SPREAD      GAIN  SIGNAL
22  GBP_JPY 2023-03-02 13:30:00+00:00  163.526  163.580  0.0  0.0   0.037  0.069042       0
23  GBP_JPY 2023-03-02 13:35:00+00:00  163.530  163.522  0.0  0.0   0.031  0.062667       0
24  GBP_JPY 2023-03-02 13:40:00+00:00  163.518  163.526  0.0  0.0   0.033  0.040375       0
25  GBP_JPY 2023-03-02 13:45:00+00:00  163.496  163.512  0.0  0.0   0.029  0.006792       0
26  GBP_JPY 2023-03-02 13:50:00+00:00  163.454  163.496  0.0  0.0   0.029  0.044667       0
2023-03-02 08:01:00 CandleManger() new candle:last_candle:23-03-02 13:55 is ready:True
2023-03-02 08:01:20 tech_manger: max_rows: 28 candle_time: 2023-03-02 13:55:00+00:00 granularity: M5
2023-03-02 08:01:30 process_candles:
       PAIR                      time    mid_c    mid_o   SL   TP  SPREAD      GAIN  SIGNAL
22  GBP_JPY 2023-03-02 13:35:00+00:00  163.530  163.522  0.0  0.0   0.031  0.062667       0
23  GBP_JPY 2023-03-02 13:40:00+00:00  163.518  163.526  0.0  0.0   0.033  0.040375       0
24  GBP_JPY 2023-03-02 13:45:00+00:00  163.496  163.512  0.0  0.0   0.029  0.006792       0
25  GBP_JPY 2023-03-02 13:50:00+00:00  163.454  163.496  0.0  0.0   0.029  0.044667       0
26  GBP_JPY 2023-03-02 13:55:00+00:00  163.487  163.454  0.0  0.0   0.028  0.020708       0
2023-03-02 08:05:31 CandleManger() new candle:last_candle:23-03-02 14:00 is ready:True
2023-03-02 08:05:51 tech_manger: max_rows: 28 candle_time: 2023-03-02 14:00:00+00:00 granularity: M5
2023-03-02 08:06:01 process_candles:
       PAIR                      time    mid_c    mid_o   SL   TP  SPREAD      GAIN  SIGNAL
22  GBP_JPY 2023-03-02 13:40:00+00:00  163.518  163.526  0.0  0.0   0.033  0.040375       0
23  GBP_JPY 2023-03-02 13:45:00+00:00  163.496  163.512  0.0  0.0   0.029  0.006792       0
24  GBP_JPY 2023-03-02 13:50:00+00:00  163.454  163.496  0.0  0.0   0.029  0.044667       0
25  GBP_JPY 2023-03-02 13:55:00+00:00  163.487  163.454  0.0  0.0   0.028  0.020708       0
26  GBP_JPY 2023-03-02 14:00:00+00:00  163.532  163.492  0.0  0.0   0.029  0.020458       0
2023-03-02 08:10:02 CandleManger() new candle:last_candle:23-03-02 14:05 is ready:True
2023-03-02 08:10:22 tech_manger: max_rows: 28 candle_time: 2023-03-02 14:05:00+00:00 granularity: M5
2023-03-02 08:10:32 process_candles:
       PAIR                      time    mid_c    mid_o   SL   TP  SPREAD      GAIN  SIGNAL
22  GBP_JPY 2023-03-02 13:45:00+00:00  163.496  163.512  0.0  0.0   0.029  0.006792       0
23  GBP_JPY 2023-03-02 13:50:00+00:00  163.454  163.496  0.0  0.0   0.029  0.044667       0
24  GBP_JPY 2023-03-02 13:55:00+00:00  163.487  163.454  0.0  0.0   0.028  0.020708       0
25  GBP_JPY 2023-03-02 14:00:00+00:00  163.532  163.492  0.0  0.0   0.029  0.020458       0
26  GBP_JPY 2023-03-02 14:05:00+00:00  163.542  163.534  0.0  0.0   0.029  0.037458       0
2023-03-02 08:16:33 CandleManger() new candle:last_candle:23-03-02 14:10 is ready:True
2023-03-02 08:16:53 tech_manger: max_rows: 28 candle_time: 2023-03-02 14:10:00+00:00 granularity: M5
2023-03-02 08:17:03 process_candles:
       PAIR                      time    mid_c    mid_o   SL   TP  SPREAD      GAIN  SIGNAL
22  GBP_JPY 2023-03-02 13:50:00+00:00  163.454  163.496  0.0  0.0   0.029  0.044667       0
23  GBP_JPY 2023-03-02 13:55:00+00:00  163.487  163.454  0.0  0.0   0.028  0.020708       0
24  GBP_JPY 2023-03-02 14:00:00+00:00  163.532  163.492  0.0  0.0   0.029  0.020458       0
25  GBP_JPY 2023-03-02 14:05:00+00:00  163.542  163.534  0.0  0.0   0.029  0.037458       0
26  GBP_JPY 2023-03-02 14:10:00+00:00  163.401  163.539  0.0  0.0   0.030  0.094542       0
2023-03-02 08:21:04 CandleManger() new candle:last_candle:23-03-02 14:15 is ready:True
2023-03-02 08:21:24 tech_manger: max_rows: 28 candle_time: 2023-03-02 14:15:00+00:00 granularity: M5
2023-03-02 08:21:34 process_candles:
       PAIR                      time    mid_c    mid_o   SL   TP  SPREAD      GAIN  SIGNAL
22  GBP_JPY 2023-03-02 13:55:00+00:00  163.487  163.454  0.0  0.0   0.028  0.020708       0
23  GBP_JPY 2023-03-02 14:00:00+00:00  163.532  163.492  0.0  0.0   0.029  0.020458       0
24  GBP_JPY 2023-03-02 14:05:00+00:00  163.542  163.534  0.0  0.0   0.029  0.037458       0
25  GBP_JPY 2023-03-02 14:10:00+00:00  163.401  163.539  0.0  0.0   0.030  0.094542       0
26  GBP_JPY 2023-03-02 14:15:00+00:00  163.395  163.399  0.0  0.0   0.030  0.090750       0
2023-03-02 08:25:35 CandleManger() new candle:last_candle:23-03-02 14:20 is ready:True
2023-03-02 08:25:55 tech_manger: max_rows: 28 candle_time: 2023-03-02 14:20:00+00:00 granularity: M5
2023-03-02 08:26:05 process_candles:
       PAIR                      time    mid_c    mid_o   SL   TP  SPREAD      GAIN  SIGNAL
22  GBP_JPY 2023-03-02 14:00:00+00:00  163.532  163.492  0.0  0.0   0.029  0.020458       0
23  GBP_JPY 2023-03-02 14:05:00+00:00  163.542  163.534  0.0  0.0   0.029  0.037458       0
24  GBP_JPY 2023-03-02 14:10:00+00:00  163.401  163.539  0.0  0.0   0.030  0.094542       0
25  GBP_JPY 2023-03-02 14:15:00+00:00  163.395  163.399  0.0  0.0   0.030  0.090750       0
26  GBP_JPY 2023-03-02 14:20:00+00:00  163.242  163.394  0.0  0.0   0.029  0.214750       0
2023-03-02 08:30:06 CandleManger() new candle:last_candle:23-03-02 14:25 is ready:True
2023-03-02 08:30:26 tech_manger: max_rows: 28 candle_time: 2023-03-02 14:25:00+00:00 granularity: M5
2023-03-02 08:30:36 process_candles:
       PAIR                      time    mid_c    mid_o   SL   TP  SPREAD      GAIN  SIGNAL
22  GBP_JPY 2023-03-02 14:05:00+00:00  163.542  163.534  0.0  0.0   0.029  0.037458       0
23  GBP_JPY 2023-03-02 14:10:00+00:00  163.401  163.539  0.0  0.0   0.030  0.094542       0
24  GBP_JPY 2023-03-02 14:15:00+00:00  163.395  163.399  0.0  0.0   0.030  0.090750       0
25  GBP_JPY 2023-03-02 14:20:00+00:00  163.242  163.394  0.0  0.0   0.029  0.214750       0
26  GBP_JPY 2023-03-02 14:25:00+00:00  163.227  163.244  0.0  0.0   0.030  0.195625       0
2023-03-02 08:36:37 CandleManger() new candle:last_candle:23-03-02 14:30 is ready:True
2023-03-02 08:36:57 tech_manger: max_rows: 28 candle_time: 2023-03-02 14:30:00+00:00 granularity: M5
2023-03-02 08:37:07 process_candles:
       PAIR                      time    mid_c    mid_o   SL   TP  SPREAD      GAIN  SIGNAL
22  GBP_JPY 2023-03-02 14:10:00+00:00  163.401  163.539  0.0  0.0   0.030  0.094542       0
23  GBP_JPY 2023-03-02 14:15:00+00:00  163.395  163.399  0.0  0.0   0.030  0.090750       0
24  GBP_JPY 2023-03-02 14:20:00+00:00  163.242  163.394  0.0  0.0   0.029  0.214750       0
25  GBP_JPY 2023-03-02 14:25:00+00:00  163.227  163.244  0.0  0.0   0.030  0.195625       0
26  GBP_JPY 2023-03-02 14:30:00+00:00  163.240  163.226  0.0  0.0   0.030  0.154250       0
2023-03-02 08:41:08 CandleManger() new candle:last_candle:23-03-02 14:35 is ready:True
2023-03-02 08:41:28 tech_manger: max_rows: 28 candle_time: 2023-03-02 14:35:00+00:00 granularity: M5
2023-03-02 08:41:38 process_candles:
       PAIR                      time    mid_c    mid_o   SL   TP  SPREAD      GAIN  SIGNAL
22  GBP_JPY 2023-03-02 14:15:00+00:00  163.395  163.399  0.0  0.0   0.030  0.090750       0
23  GBP_JPY 2023-03-02 14:20:00+00:00  163.242  163.394  0.0  0.0   0.029  0.214750       0
24  GBP_JPY 2023-03-02 14:25:00+00:00  163.227  163.244  0.0  0.0   0.030  0.195625       0
25  GBP_JPY 2023-03-02 14:30:00+00:00  163.240  163.226  0.0  0.0   0.030  0.154250       0
26  GBP_JPY 2023-03-02 14:35:00+00:00  163.222  163.240  0.0  0.0   0.031  0.137542       0
2023-03-02 08:45:39 CandleManger() new candle:last_candle:23-03-02 14:40 is ready:True
2023-03-02 08:45:59 tech_manger: max_rows: 28 candle_time: 2023-03-02 14:40:00+00:00 granularity: M5
2023-03-02 08:46:09 process_candles:
       PAIR                      time    mid_c    mid_o   SL   TP  SPREAD      GAIN  SIGNAL
22  GBP_JPY 2023-03-02 14:20:00+00:00  163.242  163.394  0.0  0.0   0.029  0.214750       0
23  GBP_JPY 2023-03-02 14:25:00+00:00  163.227  163.244  0.0  0.0   0.030  0.195625       0
24  GBP_JPY 2023-03-02 14:30:00+00:00  163.240  163.226  0.0  0.0   0.030  0.154250       0
25  GBP_JPY 2023-03-02 14:35:00+00:00  163.222  163.240  0.0  0.0   0.031  0.137542       0
26  GBP_JPY 2023-03-02 14:40:00+00:00  163.298  163.218  0.0  0.0   0.029  0.028292       0
2023-03-02 08:50:10 CandleManger() new candle:last_candle:23-03-02 14:45 is ready:True
2023-03-02 08:50:30 tech_manger: max_rows: 28 candle_time: 2023-03-02 14:45:00+00:00 granularity: M5
2023-03-02 08:50:40 process_candles:
       PAIR                      time    mid_c    mid_o   SL   TP  SPREAD      GAIN  SIGNAL
22  GBP_JPY 2023-03-02 14:25:00+00:00  163.227  163.244  0.0  0.0   0.030  0.195625       0
23  GBP_JPY 2023-03-02 14:30:00+00:00  163.240  163.226  0.0  0.0   0.030  0.154250       0
24  GBP_JPY 2023-03-02 14:35:00+00:00  163.222  163.240  0.0  0.0   0.031  0.137542       0
25  GBP_JPY 2023-03-02 14:40:00+00:00  163.298  163.218  0.0  0.0   0.029  0.028292       0
26  GBP_JPY 2023-03-02 14:45:00+00:00  163.210  163.300  0.0  0.0   0.031  0.083417       0
2023-03-02 08:56:41 CandleManger() new candle:last_candle:23-03-02 14:50 is ready:True
2023-03-02 08:57:01 tech_manger: max_rows: 28 candle_time: 2023-03-02 14:50:00+00:00 granularity: M5
2023-03-02 08:57:12 process_candles:
       PAIR                      time    mid_c    mid_o   SL   TP  SPREAD      GAIN  SIGNAL
22  GBP_JPY 2023-03-02 14:30:00+00:00  163.240  163.226  0.0  0.0   0.030  0.154250       0
23  GBP_JPY 2023-03-02 14:35:00+00:00  163.222  163.240  0.0  0.0   0.031  0.137542       0
24  GBP_JPY 2023-03-02 14:40:00+00:00  163.298  163.218  0.0  0.0   0.029  0.028292       0
25  GBP_JPY 2023-03-02 14:45:00+00:00  163.210  163.300  0.0  0.0   0.031  0.083417       0
26  GBP_JPY 2023-03-02 14:50:00+00:00  163.244  163.210  0.0  0.0   0.033  0.026292       0
2023-03-02 09:01:12 CandleManger() new candle:last_candle:23-03-02 14:55 is ready:True
2023-03-02 09:01:32 tech_manger: max_rows: 28 candle_time: 2023-03-02 14:55:00+00:00 granularity: M5
2023-03-02 09:01:42 process_candles:
       PAIR                      time    mid_c    mid_o   SL   TP  SPREAD      GAIN  SIGNAL
22  GBP_JPY 2023-03-02 14:35:00+00:00  163.222  163.240  0.0  0.0   0.031  0.137542       0
23  GBP_JPY 2023-03-02 14:40:00+00:00  163.298  163.218  0.0  0.0   0.029  0.028292       0
24  GBP_JPY 2023-03-02 14:45:00+00:00  163.210  163.300  0.0  0.0   0.031  0.083417       0
25  GBP_JPY 2023-03-02 14:50:00+00:00  163.244  163.210  0.0  0.0   0.033  0.026292       0
26  GBP_JPY 2023-03-02 14:55:00+00:00  163.120  163.245  0.0  0.0   0.031  0.116625       0
2023-03-02 09:05:43 CandleManger() new candle:last_candle:23-03-02 15:00 is ready:True
2023-03-02 09:06:03 tech_manger: max_rows: 28 candle_time: 2023-03-02 15:00:00+00:00 granularity: M5
2023-03-02 09:06:13 process_candles:
       PAIR                      time    mid_c    mid_o   SL   TP  SPREAD      GAIN  SIGNAL
22  GBP_JPY 2023-03-02 14:40:00+00:00  163.298  163.218  0.0  0.0   0.029  0.028292       0
23  GBP_JPY 2023-03-02 14:45:00+00:00  163.210  163.300  0.0  0.0   0.031  0.083417       0
24  GBP_JPY 2023-03-02 14:50:00+00:00  163.244  163.210  0.0  0.0   0.033  0.026292       0
25  GBP_JPY 2023-03-02 14:55:00+00:00  163.120  163.245  0.0  0.0   0.031  0.116625       0
26  GBP_JPY 2023-03-02 15:00:00+00:00  163.292  163.128  0.0  0.0   0.032  0.061042       0
2023-03-02 09:10:15 CandleManger() new candle:last_candle:23-03-02 15:05 is ready:True
2023-03-02 09:10:35 tech_manger: max_rows: 28 candle_time: 2023-03-02 15:05:00+00:00 granularity: M5
2023-03-02 09:10:45 process_candles:
       PAIR                      time    mid_c    mid_o   SL   TP  SPREAD      GAIN  SIGNAL
22  GBP_JPY 2023-03-02 14:45:00+00:00  163.210  163.300  0.0  0.0   0.031  0.083417       0
23  GBP_JPY 2023-03-02 14:50:00+00:00  163.244  163.210  0.0  0.0   0.033  0.026292       0
24  GBP_JPY 2023-03-02 14:55:00+00:00  163.120  163.245  0.0  0.0   0.031  0.116625       0
25  GBP_JPY 2023-03-02 15:00:00+00:00  163.292  163.128  0.0  0.0   0.032  0.061042       0
26  GBP_JPY 2023-03-02 15:05:00+00:00  163.236  163.293  0.0  0.0   0.029  0.000583       0
2023-03-02 09:16:47 CandleManger() new candle:last_candle:23-03-02 15:10 is ready:True
2023-03-02 09:17:07 tech_manger: max_rows: 28 candle_time: 2023-03-02 15:10:00+00:00 granularity: M5
2023-03-02 09:17:17 process_candles:
       PAIR                      time    mid_c    mid_o   SL   TP  SPREAD      GAIN  SIGNAL
22  GBP_JPY 2023-03-02 14:50:00+00:00  163.244  163.210  0.0  0.0   0.033  0.026292       0
23  GBP_JPY 2023-03-02 14:55:00+00:00  163.120  163.245  0.0  0.0   0.031  0.116625       0
24  GBP_JPY 2023-03-02 15:00:00+00:00  163.292  163.128  0.0  0.0   0.032  0.061042       0
25  GBP_JPY 2023-03-02 15:05:00+00:00  163.236  163.293  0.0  0.0   0.029  0.000583       0
26  GBP_JPY 2023-03-02 15:10:00+00:00  163.241  163.236  0.0  0.0   0.030  0.004000       0
2023-03-02 09:21:17 CandleManger() new candle:last_candle:23-03-02 15:15 is ready:True
2023-03-02 09:21:38 tech_manger: max_rows: 28 candle_time: 2023-03-02 15:15:00+00:00 granularity: M5
2023-03-02 09:21:48 process_candles:
       PAIR                      time    mid_c    mid_o   SL   TP  SPREAD      GAIN  SIGNAL
22  GBP_JPY 2023-03-02 14:55:00+00:00  163.120  163.245  0.0  0.0   0.031  0.116625       0
23  GBP_JPY 2023-03-02 15:00:00+00:00  163.292  163.128  0.0  0.0   0.032  0.061042       0
24  GBP_JPY 2023-03-02 15:05:00+00:00  163.236  163.293  0.0  0.0   0.029  0.000583       0
25  GBP_JPY 2023-03-02 15:10:00+00:00  163.241  163.236  0.0  0.0   0.030  0.004000       0
26  GBP_JPY 2023-03-02 15:15:00+00:00  163.111  163.241  0.0  0.0   0.030  0.118250       0
2023-03-02 09:25:48 CandleManger() new candle:last_candle:23-03-02 15:20 is ready:True
2023-03-02 09:26:09 tech_manger: max_rows: 28 candle_time: 2023-03-02 15:20:00+00:00 granularity: M5
2023-03-02 09:26:19 process_candles:
       PAIR                      time    mid_c    mid_o   SL   TP  SPREAD      GAIN  SIGNAL
22  GBP_JPY 2023-03-02 15:00:00+00:00  163.292  163.128  0.0  0.0   0.032  0.061042       0
23  GBP_JPY 2023-03-02 15:05:00+00:00  163.236  163.293  0.0  0.0   0.029  0.000583       0
24  GBP_JPY 2023-03-02 15:10:00+00:00  163.241  163.236  0.0  0.0   0.030  0.004000       0
25  GBP_JPY 2023-03-02 15:15:00+00:00  163.111  163.241  0.0  0.0   0.030  0.118250       0
26  GBP_JPY 2023-03-02 15:20:00+00:00  163.116  163.112  0.0  0.0   0.030  0.093583       0
2023-03-02 09:30:19 CandleManger() new candle:last_candle:23-03-02 15:25 is ready:True
2023-03-02 09:30:39 tech_manger: max_rows: 28 candle_time: 2023-03-02 15:25:00+00:00 granularity: M5
2023-03-02 09:30:50 process_candles:
       PAIR                      time    mid_c    mid_o   SL   TP  SPREAD      GAIN  SIGNAL
22  GBP_JPY 2023-03-02 15:05:00+00:00  163.236  163.293  0.0  0.0   0.029  0.000583       0
23  GBP_JPY 2023-03-02 15:10:00+00:00  163.241  163.236  0.0  0.0   0.030  0.004000       0
24  GBP_JPY 2023-03-02 15:15:00+00:00  163.111  163.241  0.0  0.0   0.030  0.118250       0
25  GBP_JPY 2023-03-02 15:20:00+00:00  163.116  163.112  0.0  0.0   0.030  0.093583       0
26  GBP_JPY 2023-03-02 15:25:00+00:00  163.208  163.115  0.0  0.0   0.031  0.008292       0
2023-03-02 09:36:51 CandleManger() new candle:last_candle:23-03-02 15:30 is ready:True
2023-03-02 09:37:11 tech_manger: max_rows: 28 candle_time: 2023-03-02 15:30:00+00:00 granularity: M5
2023-03-02 09:37:21 process_candles:
       PAIR                      time    mid_c    mid_o   SL   TP  SPREAD      GAIN  SIGNAL
22  GBP_JPY 2023-03-02 15:10:00+00:00  163.241  163.236  0.0  0.0   0.030  0.004000       0
23  GBP_JPY 2023-03-02 15:15:00+00:00  163.111  163.241  0.0  0.0   0.030  0.118250       0
24  GBP_JPY 2023-03-02 15:20:00+00:00  163.116  163.112  0.0  0.0   0.030  0.093583       0
25  GBP_JPY 2023-03-02 15:25:00+00:00  163.208  163.115  0.0  0.0   0.031  0.008292       0
26  GBP_JPY 2023-03-02 15:30:00+00:00  163.154  163.206  0.0  0.0   0.031  0.034208       0
2023-03-02 09:41:22 CandleManger() new candle:last_candle:23-03-02 15:35 is ready:True
2023-03-02 09:41:42 tech_manger: max_rows: 28 candle_time: 2023-03-02 15:35:00+00:00 granularity: M5
2023-03-02 09:41:52 process_candles:
       PAIR                      time    mid_c    mid_o   SL   TP  SPREAD      GAIN  SIGNAL
22  GBP_JPY 2023-03-02 15:15:00+00:00  163.111  163.241  0.0  0.0   0.030  0.118250       0
23  GBP_JPY 2023-03-02 15:20:00+00:00  163.116  163.112  0.0  0.0   0.030  0.093583       0
24  GBP_JPY 2023-03-02 15:25:00+00:00  163.208  163.115  0.0  0.0   0.031  0.008292       0
25  GBP_JPY 2023-03-02 15:30:00+00:00  163.154  163.206  0.0  0.0   0.031  0.034208       0
26  GBP_JPY 2023-03-02 15:35:00+00:00  163.142  163.154  0.0  0.0   0.031  0.043958       0
2023-03-02 09:45:53 CandleManger() new candle:last_candle:23-03-02 15:40 is ready:True
2023-03-02 09:46:13 tech_manger: max_rows: 28 candle_time: 2023-03-02 15:40:00+00:00 granularity: M5
2023-03-02 09:46:23 process_candles:
       PAIR                      time    mid_c    mid_o   SL   TP  SPREAD      GAIN  SIGNAL
22  GBP_JPY 2023-03-02 15:20:00+00:00  163.116  163.112  0.0  0.0   0.030  0.093583       0
23  GBP_JPY 2023-03-02 15:25:00+00:00  163.208  163.115  0.0  0.0   0.031  0.008292       0
24  GBP_JPY 2023-03-02 15:30:00+00:00  163.154  163.206  0.0  0.0   0.031  0.034208       0
25  GBP_JPY 2023-03-02 15:35:00+00:00  163.142  163.154  0.0  0.0   0.031  0.043958       0
26  GBP_JPY 2023-03-02 15:40:00+00:00  163.170  163.144  0.0  0.0   0.030  0.003250       0
2023-03-02 09:50:24 CandleManger() new candle:last_candle:23-03-02 15:45 is ready:True
2023-03-02 09:50:44 tech_manger: max_rows: 28 candle_time: 2023-03-02 15:45:00+00:00 granularity: M5
2023-03-02 09:50:54 process_candles:
       PAIR                      time    mid_c    mid_o   SL   TP  SPREAD      GAIN  SIGNAL
22  GBP_JPY 2023-03-02 15:25:00+00:00  163.208  163.115  0.0  0.0   0.031  0.008292       0
23  GBP_JPY 2023-03-02 15:30:00+00:00  163.154  163.206  0.0  0.0   0.031  0.034208       0
24  GBP_JPY 2023-03-02 15:35:00+00:00  163.142  163.154  0.0  0.0   0.031  0.043958       0
25  GBP_JPY 2023-03-02 15:40:00+00:00  163.170  163.144  0.0  0.0   0.030  0.003250       0
26  GBP_JPY 2023-03-02 15:45:00+00:00  163.212  163.172  0.0  0.0   0.034  0.046375       0
