2023-03-22 23:17:40 LogWrapper init() ./logs/main.log
2023-03-22 23:17:40 Bot started with Trade Settings:
{'n_ma': 18, 'n_std': 1.5, 'maxspread': 0.025, 'mingain': 0.08, 'riskreward': 1.0}
{'n_ma': 19, 'n_std': 1.5, 'maxspread': 0.0002, 'mingain': 0.0007, 'riskreward': 1.0}
{'n_ma': 8, 'n_std': 1.5, 'maxspread': 0.04, 'mingain': 0.02, 'riskreward': 1.0}

2023-03-22 23:17:41 Bot Started
2023-03-22 23:21:41 process_candles triggerd:['USD_JPY', 'EUR_GBP', 'GBP_JPY']
2023-03-22 23:26:12 process_candles triggerd:['USD_JPY', 'EUR_GBP', 'GBP_JPY']
2023-03-22 23:26:22 Place Trade: TradeDecision(): pair: USD_JPY dir:-1 gain:0.1103 sl:130.8423 tp:130.6217
2023-03-22 23:26:43 Place Trade: TradeDecision(): pair: GBP_JPY dir:-1 gain:0.0850 sl:161.0510 tp:160.8810
2023-03-22 23:30:43 process_candles triggerd:['USD_JPY', 'EUR_GBP', 'GBP_JPY']
2023-03-22 23:31:14 Place Trade: TradeDecision(): pair: GBP_JPY dir:-1 gain:0.0945 sl:161.0895 tp:160.9005
2023-03-22 23:35:14 process_candles triggerd:['USD_JPY', 'EUR_GBP', 'GBP_JPY']
2023-03-22 23:35:24 Place Trade: TradeDecision(): pair: USD_JPY dir:-1 gain:0.1380 sl:130.9040 tp:130.6280
2023-03-22 23:35:45 Place Trade: TradeDecision(): pair: GBP_JPY dir:-1 gain:0.1073 sl:161.1393 tp:160.9247
2023-03-22 23:41:46 process_candles triggerd:['USD_JPY', 'EUR_GBP', 'GBP_JPY']
2023-03-22 23:46:16 process_candles triggerd:['USD_JPY', 'EUR_GBP', 'GBP_JPY']
2023-03-22 23:46:26 Place Trade: TradeDecision(): pair: USD_JPY dir:-1 gain:0.1469 sl:130.9329 tp:130.6391
2023-03-22 23:50:47 process_candles triggerd:['USD_JPY', 'EUR_GBP', 'GBP_JPY']
2023-03-22 23:50:57 Place Trade: TradeDecision(): pair: USD_JPY dir:-1 gain:0.1634 sl:130.9814 tp:130.6546
2023-03-22 23:51:18 Place Trade: TradeDecision(): pair: GBP_JPY dir:-1 gain:0.1037 sl:161.1867 tp:160.9793
2023-03-22 23:55:18 process_candles triggerd:['USD_JPY', 'EUR_GBP', 'GBP_JPY']
2023-03-22 23:55:49 Place Trade: TradeDecision(): pair: GBP_JPY dir:-1 gain:0.1116 sl:161.2276 tp:161.0044
2023-03-23 00:01:50 process_candles triggerd:['USD_JPY', 'EUR_GBP', 'GBP_JPY']
2023-03-23 00:06:21 process_candles triggerd:['USD_JPY', 'EUR_GBP', 'GBP_JPY']
2023-03-23 00:10:51 process_candles triggerd:['USD_JPY', 'EUR_GBP', 'GBP_JPY']
2023-03-23 00:15:22 process_candles triggerd:['USD_JPY', 'EUR_GBP', 'GBP_JPY']
2023-03-23 00:21:53 process_candles triggerd:['USD_JPY', 'EUR_GBP', 'GBP_JPY']
2023-03-23 00:26:24 process_candles triggerd:['USD_JPY', 'EUR_GBP', 'GBP_JPY']
2023-03-23 00:30:55 process_candles triggerd:['USD_JPY', 'EUR_GBP', 'GBP_JPY']
2023-03-23 00:31:25 Place Trade: TradeDecision(): pair: GBP_JPY dir:-1 gain:0.0508 sl:161.1768 tp:161.0752
2023-03-23 00:35:26 process_candles triggerd:['USD_JPY', 'EUR_GBP', 'GBP_JPY']
2023-03-23 00:41:57 process_candles triggerd:['USD_JPY', 'EUR_GBP', 'GBP_JPY']
2023-03-23 00:42:27 Place Trade: TradeDecision(): pair: GBP_JPY dir:-1 gain:0.1262 sl:161.3422 tp:161.0898
2023-03-23 00:46:28 process_candles triggerd:['USD_JPY', 'EUR_GBP', 'GBP_JPY']
2023-03-23 00:50:59 process_candles triggerd:['USD_JPY', 'EUR_GBP', 'GBP_JPY']
2023-03-23 00:55:30 process_candles triggerd:['USD_JPY', 'EUR_GBP', 'GBP_JPY']
2023-03-23 00:55:40 Place Trade: TradeDecision(): pair: USD_JPY dir:-1 gain:0.0817 sl:130.8937 tp:130.7303
2023-03-23 00:56:00 Place Trade: TradeDecision(): pair: GBP_JPY dir:-1 gain:0.1086 sl:161.3526 tp:161.1354
2023-03-23 01:00:01 process_candles triggerd:['USD_JPY', 'EUR_GBP', 'GBP_JPY']
2023-03-23 01:06:33 process_candles triggerd:['USD_JPY', 'EUR_GBP', 'GBP_JPY']
2023-03-23 01:07:03 Place Trade: TradeDecision(): pair: GBP_JPY dir:1 gain:0.0996 sl:160.9654 tp:161.1646
2023-03-23 01:11:05 process_candles triggerd:['USD_JPY', 'EUR_GBP', 'GBP_JPY']
2023-03-23 01:15:36 process_candles triggerd:['USD_JPY', 'EUR_GBP', 'GBP_JPY']
2023-03-23 01:20:07 process_candles triggerd:['USD_JPY', 'EUR_GBP', 'GBP_JPY']
