2023-04-06 06:14:28 LogWrapper init() ./logs/USD_JPY.log
2023-04-06 06:14:28 {'n_ma': 18, 'n_std': 1.5, 'maxspread': 0.025, 'mingain': 0.08, 'riskreward': 1.0}
2023-04-06 06:14:29 CandleManger() init last_candle:last_candle:23-04-06 11:05 is ready:False
2023-04-06 06:16:29 CandleManger() new candle:last_candle:23-04-06 11:10 is ready:True
2023-04-06 06:16:29 tech_manger: max_rows: 38 candle_time: 2023-04-06 11:10:00+00:00 granularity: M5
2023-04-06 06:16:39 process_candles:
       PAIR                      time    mid_c    mid_o   SL   TP  SPREAD      GAIN     LOSS  SIGNAL
32  USD_JPY 2023-04-06 10:50:00+00:00  131.413  131.444  0.0  0.0   0.018  0.030074  131.413       0
33  USD_JPY 2023-04-06 10:55:00+00:00  131.452  131.412  0.0  0.0   0.017  0.057815  131.452       0
34  USD_JPY 2023-04-06 11:00:00+00:00  131.410  131.452  0.0  0.0   0.017  0.006796  131.410       0
35  USD_JPY 2023-04-06 11:05:00+00:00  131.394  131.410  0.0  0.0   0.014  0.014833  131.394       0
36  USD_JPY 2023-04-06 11:10:00+00:00  131.358  131.393  0.0  0.0   0.016  0.052741  131.358       0
2023-04-06 06:21:00 CandleManger() new candle:last_candle:23-04-06 11:15 is ready:True
2023-04-06 06:21:00 tech_manger: max_rows: 38 candle_time: 2023-04-06 11:15:00+00:00 granularity: M5
2023-04-06 06:21:10 process_candles:
       PAIR                      time    mid_c    mid_o   SL   TP  SPREAD      GAIN     LOSS  SIGNAL
32  USD_JPY 2023-04-06 10:55:00+00:00  131.452  131.412  0.0  0.0   0.017  0.057815  131.452       0
33  USD_JPY 2023-04-06 11:00:00+00:00  131.410  131.452  0.0  0.0   0.017  0.006796  131.410       0
34  USD_JPY 2023-04-06 11:05:00+00:00  131.394  131.410  0.0  0.0   0.014  0.014833  131.394       0
35  USD_JPY 2023-04-06 11:10:00+00:00  131.358  131.393  0.0  0.0   0.016  0.052741  131.358       0
36  USD_JPY 2023-04-06 11:15:00+00:00  131.411  131.358  0.0  0.0   0.016  0.002204  131.411       0
2023-04-06 06:25:31 CandleManger() new candle:last_candle:23-04-06 11:20 is ready:True
2023-04-06 06:25:31 tech_manger: max_rows: 38 candle_time: 2023-04-06 11:20:00+00:00 granularity: M5
2023-04-06 06:25:41 process_candles:
       PAIR                      time    mid_c    mid_o   SL   TP  SPREAD      GAIN     LOSS  SIGNAL
32  USD_JPY 2023-04-06 11:00:00+00:00  131.410  131.452  0.0  0.0   0.017  0.006796  131.410       0
33  USD_JPY 2023-04-06 11:05:00+00:00  131.394  131.410  0.0  0.0   0.014  0.014833  131.394       0
34  USD_JPY 2023-04-06 11:10:00+00:00  131.358  131.393  0.0  0.0   0.016  0.052741  131.358       0
35  USD_JPY 2023-04-06 11:15:00+00:00  131.411  131.358  0.0  0.0   0.016  0.002204  131.411       0
36  USD_JPY 2023-04-06 11:20:00+00:00  131.449  131.414  0.0  0.0   0.018  0.029741  131.449       0
2023-04-06 06:30:01 CandleManger() new candle:last_candle:23-04-06 11:25 is ready:True
2023-04-06 06:30:02 tech_manger: max_rows: 38 candle_time: 2023-04-06 11:25:00+00:00 granularity: M5
2023-04-06 06:30:12 process_candles:
       PAIR                      time    mid_c    mid_o   SL   TP  SPREAD      GAIN     LOSS  SIGNAL
32  USD_JPY 2023-04-06 11:05:00+00:00  131.394  131.410  0.0  0.0   0.014  0.014833  131.394       0
33  USD_JPY 2023-04-06 11:10:00+00:00  131.358  131.393  0.0  0.0   0.016  0.052741  131.358       0
34  USD_JPY 2023-04-06 11:15:00+00:00  131.411  131.358  0.0  0.0   0.016  0.002204  131.411       0
35  USD_JPY 2023-04-06 11:20:00+00:00  131.449  131.414  0.0  0.0   0.018  0.029741  131.449       0
36  USD_JPY 2023-04-06 11:25:00+00:00  131.476  131.450  0.0  0.0   0.016  0.048148  131.476       0
2023-04-06 06:36:23 CandleManger() new candle:last_candle:23-04-06 11:30 is ready:True
2023-04-06 06:36:23 tech_manger: max_rows: 38 candle_time: 2023-04-06 11:30:00+00:00 granularity: M5
2023-04-06 06:36:33 process_candles:
       PAIR                      time    mid_c    mid_o   SL   TP  SPREAD      GAIN     LOSS  SIGNAL
32  USD_JPY 2023-04-06 11:10:00+00:00  131.358  131.393  0.0  0.0   0.016  0.052741  131.358       0
33  USD_JPY 2023-04-06 11:15:00+00:00  131.411  131.358  0.0  0.0   0.016  0.002204  131.411       0
34  USD_JPY 2023-04-06 11:20:00+00:00  131.449  131.414  0.0  0.0   0.018  0.029741  131.449       0
35  USD_JPY 2023-04-06 11:25:00+00:00  131.476  131.450  0.0  0.0   0.016  0.048148  131.476       0
36  USD_JPY 2023-04-06 11:30:00+00:00  131.460  131.479  0.0  0.0   0.018  0.025500  131.460       0
2023-04-06 06:40:54 CandleManger() new candle:last_candle:23-04-06 11:35 is ready:True
2023-04-06 06:40:54 tech_manger: max_rows: 38 candle_time: 2023-04-06 11:35:00+00:00 granularity: M5
2023-04-06 06:41:04 process_candles:
       PAIR                      time    mid_c    mid_o   SL   TP  SPREAD      GAIN     LOSS  SIGNAL
32  USD_JPY 2023-04-06 11:15:00+00:00  131.411  131.358  0.0  0.0   0.016  0.002204  131.411       0
33  USD_JPY 2023-04-06 11:20:00+00:00  131.449  131.414  0.0  0.0   0.018  0.029741  131.449       0
34  USD_JPY 2023-04-06 11:25:00+00:00  131.476  131.450  0.0  0.0   0.016  0.048148  131.476       0
35  USD_JPY 2023-04-06 11:30:00+00:00  131.460  131.479  0.0  0.0   0.018  0.025500  131.460       0
36  USD_JPY 2023-04-06 11:35:00+00:00  131.500  131.457  0.0  0.0   0.017  0.061648  131.500       0
2023-04-06 06:45:24 CandleManger() new candle:last_candle:23-04-06 11:40 is ready:True
2023-04-06 06:45:25 tech_manger: max_rows: 38 candle_time: 2023-04-06 11:40:00+00:00 granularity: M5
2023-04-06 06:45:35 process_candles:
       PAIR                      time    mid_c    mid_o   SL   TP  SPREAD      GAIN     LOSS  SIGNAL
32  USD_JPY 2023-04-06 11:20:00+00:00  131.449  131.414  0.0  0.0   0.018  0.029741  131.449       0
33  USD_JPY 2023-04-06 11:25:00+00:00  131.476  131.450  0.0  0.0   0.016  0.048148  131.476       0
34  USD_JPY 2023-04-06 11:30:00+00:00  131.460  131.479  0.0  0.0   0.018  0.025500  131.460       0
35  USD_JPY 2023-04-06 11:35:00+00:00  131.500  131.457  0.0  0.0   0.017  0.061648  131.500       0
36  USD_JPY 2023-04-06 11:40:00+00:00  131.470  131.502  0.0  0.0   0.016  0.027426  131.470       0
2023-04-06 06:51:56 CandleManger() new candle:last_candle:23-04-06 11:45 is ready:True
2023-04-06 06:51:56 tech_manger: max_rows: 38 candle_time: 2023-04-06 11:45:00+00:00 granularity: M5
2023-04-06 06:52:06 process_candles:
       PAIR                      time    mid_c    mid_o   SL   TP  SPREAD      GAIN     LOSS  SIGNAL
32  USD_JPY 2023-04-06 11:25:00+00:00  131.476  131.450  0.0  0.0   0.016  0.048148  131.476       0
33  USD_JPY 2023-04-06 11:30:00+00:00  131.460  131.479  0.0  0.0   0.018  0.025500  131.460       0
34  USD_JPY 2023-04-06 11:35:00+00:00  131.500  131.457  0.0  0.0   0.017  0.061648  131.500       0
35  USD_JPY 2023-04-06 11:40:00+00:00  131.470  131.502  0.0  0.0   0.016  0.027426  131.470       0
36  USD_JPY 2023-04-06 11:45:00+00:00  131.476  131.471  0.0  0.0   0.018  0.031019  131.476       0
2023-04-06 06:56:27 CandleManger() new candle:last_candle:23-04-06 11:50 is ready:True
2023-04-06 06:56:27 tech_manger: max_rows: 38 candle_time: 2023-04-06 11:50:00+00:00 granularity: M5
2023-04-06 06:56:37 process_candles:
       PAIR                      time    mid_c    mid_o         SL         TP  SPREAD      GAIN       LOSS  SIGNAL
32  USD_JPY 2023-04-06 11:30:00+00:00  131.460  131.479    0.00000    0.00000   0.018  0.025500  131.46000       0
33  USD_JPY 2023-04-06 11:35:00+00:00  131.500  131.457    0.00000    0.00000   0.017  0.061648  131.50000       0
34  USD_JPY 2023-04-06 11:40:00+00:00  131.470  131.502    0.00000    0.00000   0.016  0.027426  131.47000       0
35  USD_JPY 2023-04-06 11:45:00+00:00  131.476  131.471    0.00000    0.00000   0.018  0.031019  131.47600       0
36  USD_JPY 2023-04-06 11:50:00+00:00  131.529  131.478  131.61287  131.44513   0.016  0.083870    0.08387      -1
2023-04-06 06:56:37 SIGNAL:PAIR                        USD_JPY
time      2023-04-06 11:50:00+00:00
mid_c                       131.529
mid_o                       131.478
SL                        131.61287
TP                        131.44513
SPREAD                        0.016
GAIN                        0.08387
LOSS                        0.08387
SIGNAL                           -1
Name: 36, dtype: object

2023-04-06 06:56:37 Place Trade: TradeDecision(): pair: USD_JPY dir:-1 gain:0.0839 sl:131.6129 tp:131.4451
2023-04-06 06:56:37 get_trade_units() price ApiPrice() USD_JPY 131.513 131.498 0.007604 0.007604
2023-04-06 06:56:37 0.01 8.387037037036293 1.7884742768824726 23519.4
2023-04-06 06:56:37 Error placing TradeDecision(): pair: USD_JPY dir:-1 gain:0.0839 sl:131.6129 tp:131.4451
2023-04-06 07:00:57 CandleManger() new candle:last_candle:23-04-06 11:55 is ready:True
2023-04-06 07:00:58 tech_manger: max_rows: 38 candle_time: 2023-04-06 11:55:00+00:00 granularity: M5
2023-04-06 07:01:08 process_candles:
       PAIR                      time    mid_c    mid_o         SL         TP  SPREAD      GAIN       LOSS  SIGNAL
32  USD_JPY 2023-04-06 11:35:00+00:00  131.500  131.457    0.00000    0.00000   0.017  0.061648  131.50000       0
33  USD_JPY 2023-04-06 11:40:00+00:00  131.470  131.502    0.00000    0.00000   0.016  0.027426  131.47000       0
34  USD_JPY 2023-04-06 11:45:00+00:00  131.476  131.471    0.00000    0.00000   0.018  0.031019  131.47600       0
35  USD_JPY 2023-04-06 11:50:00+00:00  131.529  131.478  131.61287  131.44513   0.016  0.083870    0.08387      -1
36  USD_JPY 2023-04-06 11:55:00+00:00  131.479  131.529    0.00000    0.00000   0.018  0.032593  131.47900       0
2023-04-06 07:05:28 CandleManger() new candle:last_candle:23-04-06 12:00 is ready:True
2023-04-06 07:05:28 tech_manger: max_rows: 38 candle_time: 2023-04-06 12:00:00+00:00 granularity: M5
2023-04-06 07:05:38 process_candles:
       PAIR                      time    mid_c    mid_o         SL         TP  SPREAD      GAIN       LOSS  SIGNAL
32  USD_JPY 2023-04-06 11:40:00+00:00  131.470  131.502    0.00000    0.00000   0.016  0.027426  131.47000       0
33  USD_JPY 2023-04-06 11:45:00+00:00  131.476  131.471    0.00000    0.00000   0.018  0.031019  131.47600       0
34  USD_JPY 2023-04-06 11:50:00+00:00  131.529  131.478  131.61287  131.44513   0.016  0.083870    0.08387      -1
35  USD_JPY 2023-04-06 11:55:00+00:00  131.479  131.529    0.00000    0.00000   0.018  0.032593  131.47900       0
36  USD_JPY 2023-04-06 12:00:00+00:00  131.527  131.477    0.00000    0.00000   0.016  0.076981  131.52700       0
2023-04-06 07:11:59 CandleManger() new candle:last_candle:23-04-06 12:05 is ready:True
2023-04-06 07:11:59 tech_manger: max_rows: 38 candle_time: 2023-04-06 12:05:00+00:00 granularity: M5
2023-04-06 07:12:09 process_candles:
       PAIR                      time    mid_c    mid_o         SL         TP  SPREAD      GAIN       LOSS  SIGNAL
32  USD_JPY 2023-04-06 11:45:00+00:00  131.476  131.471    0.00000    0.00000   0.018  0.031019  131.47600       0
33  USD_JPY 2023-04-06 11:50:00+00:00  131.529  131.478  131.61287  131.44513   0.016  0.083870    0.08387      -1
34  USD_JPY 2023-04-06 11:55:00+00:00  131.479  131.529    0.00000    0.00000   0.018  0.032593  131.47900       0
35  USD_JPY 2023-04-06 12:00:00+00:00  131.527  131.477    0.00000    0.00000   0.016  0.076981  131.52700       0
36  USD_JPY 2023-04-06 12:05:00+00:00  131.500  131.528    0.00000    0.00000   0.015  0.043833  131.50000       0
2023-04-06 07:16:30 CandleManger() new candle:last_candle:23-04-06 12:10 is ready:True
2023-04-06 07:16:30 tech_manger: max_rows: 38 candle_time: 2023-04-06 12:10:00+00:00 granularity: M5
2023-04-06 07:16:40 process_candles:
       PAIR                      time    mid_c    mid_o         SL         TP  SPREAD      GAIN       LOSS  SIGNAL
32  USD_JPY 2023-04-06 11:50:00+00:00  131.529  131.478  131.61287  131.44513   0.016  0.083870    0.08387      -1
33  USD_JPY 2023-04-06 11:55:00+00:00  131.479  131.529    0.00000    0.00000   0.018  0.032593  131.47900       0
34  USD_JPY 2023-04-06 12:00:00+00:00  131.527  131.477    0.00000    0.00000   0.016  0.076981  131.52700       0
35  USD_JPY 2023-04-06 12:05:00+00:00  131.500  131.528    0.00000    0.00000   0.015  0.043833  131.50000       0
36  USD_JPY 2023-04-06 12:10:00+00:00  131.416  131.498    0.00000    0.00000   0.016  0.041963  131.41600       0
2023-04-06 07:21:01 CandleManger() new candle:last_candle:23-04-06 12:15 is ready:True
2023-04-06 07:21:01 tech_manger: max_rows: 38 candle_time: 2023-04-06 12:15:00+00:00 granularity: M5
2023-04-06 07:21:11 process_candles:
       PAIR                      time    mid_c    mid_o   SL   TP  SPREAD      GAIN     LOSS  SIGNAL
32  USD_JPY 2023-04-06 11:55:00+00:00  131.479  131.529  0.0  0.0   0.018  0.032593  131.479       0
33  USD_JPY 2023-04-06 12:00:00+00:00  131.527  131.477  0.0  0.0   0.016  0.076981  131.527       0
34  USD_JPY 2023-04-06 12:05:00+00:00  131.500  131.528  0.0  0.0   0.015  0.043833  131.500       0
35  USD_JPY 2023-04-06 12:10:00+00:00  131.416  131.498  0.0  0.0   0.016  0.041963  131.416       0
36  USD_JPY 2023-04-06 12:15:00+00:00  131.383  131.416  0.0  0.0   0.018  0.073037  131.383       0
2023-04-06 07:25:32 CandleManger() new candle:last_candle:23-04-06 12:20 is ready:True
2023-04-06 07:25:32 tech_manger: max_rows: 38 candle_time: 2023-04-06 12:20:00+00:00 granularity: M5
2023-04-06 07:25:42 process_candles:
       PAIR                      time    mid_c    mid_o          SL          TP  SPREAD      GAIN        LOSS  SIGNAL
32  USD_JPY 2023-04-06 12:00:00+00:00  131.527  131.477    0.000000    0.000000   0.016  0.076981  131.527000       0
33  USD_JPY 2023-04-06 12:05:00+00:00  131.500  131.528    0.000000    0.000000   0.015  0.043833  131.500000       0
34  USD_JPY 2023-04-06 12:10:00+00:00  131.416  131.498    0.000000    0.000000   0.016  0.041963  131.416000       0
35  USD_JPY 2023-04-06 12:15:00+00:00  131.383  131.416    0.000000    0.000000   0.018  0.073037  131.383000       0
36  USD_JPY 2023-04-06 12:20:00+00:00  131.295  131.382  131.139926  131.450074   0.016  0.155074    0.155074       1
2023-04-06 07:25:42 SIGNAL:PAIR                        USD_JPY
time      2023-04-06 12:20:00+00:00
mid_c                       131.295
mid_o                       131.382
SL                       131.139926
TP                       131.450074
SPREAD                        0.016
GAIN                       0.155074
LOSS                       0.155074
SIGNAL                            1
Name: 36, dtype: object

2023-04-06 07:25:42 Place Trade: TradeDecision(): pair: USD_JPY dir:1 gain:0.1551 sl:131.1399 tp:131.4501
2023-04-06 07:25:43 get_trade_units() price ApiPrice() USD_JPY 131.311 131.295 0.007616 0.007616
2023-04-06 07:25:43 0.01 15.507407407409346 0.9672796751849758 12700.7
2023-04-06 07:25:43 Error placing TradeDecision(): pair: USD_JPY dir:1 gain:0.1551 sl:131.1399 tp:131.4501
2023-04-06 07:30:03 CandleManger() new candle:last_candle:23-04-06 12:25 is ready:True
2023-04-06 07:30:04 tech_manger: max_rows: 38 candle_time: 2023-04-06 12:25:00+00:00 granularity: M5
2023-04-06 07:30:14 process_candles:
       PAIR                      time    mid_c    mid_o          SL          TP  SPREAD      GAIN        LOSS  SIGNAL
32  USD_JPY 2023-04-06 12:05:00+00:00  131.500  131.528    0.000000    0.000000   0.015  0.043833  131.500000       0
33  USD_JPY 2023-04-06 12:10:00+00:00  131.416  131.498    0.000000    0.000000   0.016  0.041963  131.416000       0
34  USD_JPY 2023-04-06 12:15:00+00:00  131.383  131.416    0.000000    0.000000   0.018  0.073037  131.383000       0
35  USD_JPY 2023-04-06 12:20:00+00:00  131.295  131.382  131.139926  131.450074   0.016  0.155074    0.155074       1
36  USD_JPY 2023-04-06 12:25:00+00:00  131.265  131.296    0.000000    0.000000   0.036  0.174759  131.265000       0
2023-04-06 07:36:35 CandleManger() new candle:last_candle:23-04-06 12:30 is ready:True
2023-04-06 07:36:35 tech_manger: max_rows: 38 candle_time: 2023-04-06 12:30:00+00:00 granularity: M5
2023-04-06 07:36:45 process_candles:
       PAIR                      time    mid_c    mid_o          SL          TP  SPREAD      GAIN        LOSS  SIGNAL
32  USD_JPY 2023-04-06 12:10:00+00:00  131.416  131.498    0.000000    0.000000   0.016  0.041963  131.416000       0
33  USD_JPY 2023-04-06 12:15:00+00:00  131.383  131.416    0.000000    0.000000   0.018  0.073037  131.383000       0
34  USD_JPY 2023-04-06 12:20:00+00:00  131.295  131.382  131.139926  131.450074   0.016  0.155074    0.155074       1
35  USD_JPY 2023-04-06 12:25:00+00:00  131.265  131.296    0.000000    0.000000   0.036  0.174759  131.265000       0
36  USD_JPY 2023-04-06 12:30:00+00:00  131.406  131.255    0.000000    0.000000   0.017  0.025019  131.406000       0
2023-04-06 07:41:05 CandleManger() new candle:last_candle:23-04-06 12:35 is ready:True
2023-04-06 07:41:06 tech_manger: max_rows: 38 candle_time: 2023-04-06 12:35:00+00:00 granularity: M5
2023-04-06 07:41:16 process_candles:
       PAIR                      time    mid_c    mid_o          SL          TP  SPREAD      GAIN        LOSS  SIGNAL
32  USD_JPY 2023-04-06 12:15:00+00:00  131.383  131.416    0.000000    0.000000   0.018  0.073037  131.383000       0
33  USD_JPY 2023-04-06 12:20:00+00:00  131.295  131.382  131.139926  131.450074   0.016  0.155074    0.155074       1
34  USD_JPY 2023-04-06 12:25:00+00:00  131.265  131.296    0.000000    0.000000   0.036  0.174759  131.265000       0
35  USD_JPY 2023-04-06 12:30:00+00:00  131.406  131.255    0.000000    0.000000   0.017  0.025019  131.406000       0
36  USD_JPY 2023-04-06 12:35:00+00:00  131.554  131.408    0.000000    0.000000   0.017  0.117907  131.554000       0
2023-04-06 07:45:36 CandleManger() new candle:last_candle:23-04-06 12:40 is ready:True
2023-04-06 07:45:36 tech_manger: max_rows: 38 candle_time: 2023-04-06 12:40:00+00:00 granularity: M5
2023-04-06 07:45:46 process_candles:
       PAIR                      time    mid_c    mid_o          SL          TP  SPREAD      GAIN        LOSS  SIGNAL
32  USD_JPY 2023-04-06 12:20:00+00:00  131.295  131.382  131.139926  131.450074   0.016  0.155074    0.155074       1
33  USD_JPY 2023-04-06 12:25:00+00:00  131.265  131.296    0.000000    0.000000   0.036  0.174759  131.265000       0
34  USD_JPY 2023-04-06 12:30:00+00:00  131.406  131.255    0.000000    0.000000   0.017  0.025019  131.406000       0
35  USD_JPY 2023-04-06 12:35:00+00:00  131.554  131.408    0.000000    0.000000   0.017  0.117907  131.554000       0
36  USD_JPY 2023-04-06 12:40:00+00:00  131.578  131.554  131.709037  131.446963   0.017  0.131037    0.131037      -1
2023-04-06 07:45:46 SIGNAL:PAIR                        USD_JPY
time      2023-04-06 12:40:00+00:00
mid_c                       131.578
mid_o                       131.554
SL                       131.709037
TP                       131.446963
SPREAD                        0.017
GAIN                       0.131037
LOSS                       0.131037
SIGNAL                           -1
Name: 36, dtype: object

2023-04-06 07:45:46 Place Trade: TradeDecision(): pair: USD_JPY dir:-1 gain:0.1310 sl:131.7090 tp:131.4470
2023-04-06 07:45:47 get_trade_units() price ApiPrice() USD_JPY 131.557 131.539 0.007602 0.007602
2023-04-06 07:45:47 0.01 13.103703703703218 1.144714527981953 15058.5
2023-04-06 07:45:47 Error placing TradeDecision(): pair: USD_JPY dir:-1 gain:0.1310 sl:131.7090 tp:131.4470
2023-04-06 07:50:07 CandleManger() new candle:last_candle:23-04-06 12:45 is ready:True
2023-04-06 07:50:07 tech_manger: max_rows: 38 candle_time: 2023-04-06 12:45:00+00:00 granularity: M5
2023-04-06 07:50:18 process_candles:
       PAIR                      time    mid_c    mid_o          SL          TP  SPREAD      GAIN        LOSS  SIGNAL
32  USD_JPY 2023-04-06 12:25:00+00:00  131.265  131.296    0.000000    0.000000   0.036  0.174759  131.265000       0
33  USD_JPY 2023-04-06 12:30:00+00:00  131.406  131.255    0.000000    0.000000   0.017  0.025019  131.406000       0
34  USD_JPY 2023-04-06 12:35:00+00:00  131.554  131.408    0.000000    0.000000   0.017  0.117907  131.554000       0
35  USD_JPY 2023-04-06 12:40:00+00:00  131.578  131.554  131.709037  131.446963   0.017  0.131037    0.131037      -1
36  USD_JPY 2023-04-06 12:45:00+00:00  131.645  131.584  131.831630  131.458370   0.016  0.186630    0.186630      -1
2023-04-06 07:50:18 SIGNAL:PAIR                        USD_JPY
time      2023-04-06 12:45:00+00:00
mid_c                       131.645
mid_o                       131.584
SL                        131.83163
TP                        131.45837
SPREAD                        0.016
GAIN                        0.18663
LOSS                        0.18663
SIGNAL                           -1
Name: 36, dtype: object

2023-04-06 07:50:18 Place Trade: TradeDecision(): pair: USD_JPY dir:-1 gain:0.1866 sl:131.8316 tp:131.4584
2023-04-06 07:50:18 Failed to place trade TradeDecision(): pair: USD_JPY dir:-1 gain:0.1866 sl:131.8316 tp:131.4584, already open: {'id': '1833', 'instrument': 'USD_JPY', 'price': 131.539, 'currentUnits': -15058.0, 'unrealizedPL': -13.105, 'marginUsed': 301.16}
2023-04-06 07:56:39 CandleManger() new candle:last_candle:23-04-06 12:50 is ready:True
2023-04-06 07:56:39 tech_manger: max_rows: 38 candle_time: 2023-04-06 12:50:00+00:00 granularity: M5
2023-04-06 07:56:49 process_candles:
       PAIR                      time    mid_c    mid_o          SL          TP  SPREAD      GAIN        LOSS  SIGNAL
32  USD_JPY 2023-04-06 12:30:00+00:00  131.406  131.255    0.000000    0.000000   0.017  0.025019  131.406000       0
33  USD_JPY 2023-04-06 12:35:00+00:00  131.554  131.408    0.000000    0.000000   0.017  0.117907  131.554000       0
34  USD_JPY 2023-04-06 12:40:00+00:00  131.578  131.554  131.709037  131.446963   0.017  0.131037    0.131037      -1
35  USD_JPY 2023-04-06 12:45:00+00:00  131.645  131.584  131.831630  131.458370   0.016  0.186630    0.186630      -1
36  USD_JPY 2023-04-06 12:50:00+00:00  131.599  131.646    0.000000    0.000000   0.014  0.131463  131.599000       0
2023-04-06 08:01:10 CandleManger() new candle:last_candle:23-04-06 12:55 is ready:True
2023-04-06 08:01:10 tech_manger: max_rows: 38 candle_time: 2023-04-06 12:55:00+00:00 granularity: M5
2023-04-06 08:01:20 process_candles:
       PAIR                      time    mid_c    mid_o          SL          TP  SPREAD      GAIN        LOSS  SIGNAL
32  USD_JPY 2023-04-06 12:35:00+00:00  131.554  131.408    0.000000    0.000000   0.017  0.117907  131.554000       0
33  USD_JPY 2023-04-06 12:40:00+00:00  131.578  131.554  131.709037  131.446963   0.017  0.131037    0.131037      -1
34  USD_JPY 2023-04-06 12:45:00+00:00  131.645  131.584  131.831630  131.458370   0.016  0.186630    0.186630      -1
35  USD_JPY 2023-04-06 12:50:00+00:00  131.599  131.646    0.000000    0.000000   0.014  0.131463  131.599000       0
36  USD_JPY 2023-04-06 12:55:00+00:00  131.598  131.602    0.000000    0.000000   0.017  0.123704  131.598000       0
2023-04-06 08:05:41 CandleManger() new candle:last_candle:23-04-06 13:00 is ready:True
2023-04-06 08:05:41 tech_manger: max_rows: 38 candle_time: 2023-04-06 13:00:00+00:00 granularity: M5
2023-04-06 08:05:51 process_candles:
       PAIR                      time    mid_c    mid_o          SL          TP  SPREAD      GAIN        LOSS  SIGNAL
32  USD_JPY 2023-04-06 12:40:00+00:00  131.578  131.554  131.709037  131.446963   0.017  0.131037    0.131037      -1
33  USD_JPY 2023-04-06 12:45:00+00:00  131.645  131.584  131.831630  131.458370   0.016  0.186630    0.186630      -1
34  USD_JPY 2023-04-06 12:50:00+00:00  131.599  131.646    0.000000    0.000000   0.014  0.131463  131.599000       0
35  USD_JPY 2023-04-06 12:55:00+00:00  131.598  131.602    0.000000    0.000000   0.017  0.123704  131.598000       0
36  USD_JPY 2023-04-06 13:00:00+00:00  131.748  131.604  132.009667  131.486333   0.017  0.261667    0.261667      -1
2023-04-06 08:05:51 SIGNAL:PAIR                        USD_JPY
time      2023-04-06 13:00:00+00:00
mid_c                       131.748
mid_o                       131.604
SL                       132.009667
TP                       131.486333
SPREAD                        0.017
GAIN                       0.261667
LOSS                       0.261667
SIGNAL                           -1
Name: 36, dtype: object

2023-04-06 08:05:51 Place Trade: TradeDecision(): pair: USD_JPY dir:-1 gain:0.2617 sl:132.0097 tp:131.4863
2023-04-06 08:05:51 get_trade_units() price ApiPrice() USD_JPY 131.749 131.731 0.007591 0.007591
2023-04-06 08:05:51 0.01 26.166666666665606 0.5732484076433354 7552.0
2023-04-06 08:05:51 Error placing TradeDecision(): pair: USD_JPY dir:-1 gain:0.2617 sl:132.0097 tp:131.4863
2023-04-06 08:10:12 CandleManger() new candle:last_candle:23-04-06 13:05 is ready:True
2023-04-06 08:10:12 tech_manger: max_rows: 38 candle_time: 2023-04-06 13:05:00+00:00 granularity: M5
2023-04-06 08:10:22 process_candles:
       PAIR                      time    mid_c    mid_o          SL          TP  SPREAD      GAIN        LOSS  SIGNAL
32  USD_JPY 2023-04-06 12:45:00+00:00  131.645  131.584  131.831630  131.458370   0.016  0.186630    0.186630      -1
33  USD_JPY 2023-04-06 12:50:00+00:00  131.599  131.646    0.000000    0.000000   0.014  0.131463  131.599000       0
34  USD_JPY 2023-04-06 12:55:00+00:00  131.598  131.602    0.000000    0.000000   0.017  0.123704  131.598000       0
35  USD_JPY 2023-04-06 13:00:00+00:00  131.748  131.604  132.009667  131.486333   0.017  0.261667    0.261667      -1
36  USD_JPY 2023-04-06 13:05:00+00:00  131.742  131.750    0.000000    0.000000   0.015  0.240778  131.742000       0
2023-04-06 08:16:43 CandleManger() new candle:last_candle:23-04-06 13:10 is ready:True
2023-04-06 08:16:43 tech_manger: max_rows: 38 candle_time: 2023-04-06 13:10:00+00:00 granularity: M5
2023-04-06 08:16:53 process_candles:
       PAIR                      time    mid_c    mid_o          SL          TP  SPREAD      GAIN        LOSS  SIGNAL
32  USD_JPY 2023-04-06 12:50:00+00:00  131.599  131.646    0.000000    0.000000   0.014  0.131463  131.599000       0
33  USD_JPY 2023-04-06 12:55:00+00:00  131.598  131.602    0.000000    0.000000   0.017  0.123704  131.598000       0
34  USD_JPY 2023-04-06 13:00:00+00:00  131.748  131.604  132.009667  131.486333   0.017  0.261667    0.261667      -1
35  USD_JPY 2023-04-06 13:05:00+00:00  131.742  131.750    0.000000    0.000000   0.015  0.240778  131.742000       0
36  USD_JPY 2023-04-06 13:10:00+00:00  131.766  131.744    0.000000    0.000000   0.017  0.250148  131.766000       0
2023-04-06 08:21:14 CandleManger() new candle:last_candle:23-04-06 13:15 is ready:True
2023-04-06 08:21:14 tech_manger: max_rows: 38 candle_time: 2023-04-06 13:15:00+00:00 granularity: M5
2023-04-06 08:21:24 process_candles:
       PAIR                      time    mid_c    mid_o          SL          TP  SPREAD      GAIN        LOSS  SIGNAL
32  USD_JPY 2023-04-06 12:55:00+00:00  131.598  131.602    0.000000    0.000000   0.017  0.123704  131.598000       0
33  USD_JPY 2023-04-06 13:00:00+00:00  131.748  131.604  132.009667  131.486333   0.017  0.261667    0.261667      -1
34  USD_JPY 2023-04-06 13:05:00+00:00  131.742  131.750    0.000000    0.000000   0.015  0.240778  131.742000       0
35  USD_JPY 2023-04-06 13:10:00+00:00  131.766  131.744    0.000000    0.000000   0.017  0.250148  131.766000       0
36  USD_JPY 2023-04-06 13:15:00+00:00  131.750  131.766    0.000000    0.000000   0.017  0.220000  131.750000       0
2023-04-06 08:25:45 CandleManger() new candle:last_candle:23-04-06 13:20 is ready:True
2023-04-06 08:25:45 tech_manger: max_rows: 38 candle_time: 2023-04-06 13:20:00+00:00 granularity: M5
2023-04-06 08:25:55 process_candles:
       PAIR                      time    mid_c    mid_o          SL          TP  SPREAD      GAIN        LOSS  SIGNAL
32  USD_JPY 2023-04-06 13:00:00+00:00  131.748  131.604  132.009667  131.486333   0.017  0.261667    0.261667      -1
33  USD_JPY 2023-04-06 13:05:00+00:00  131.742  131.750    0.000000    0.000000   0.015  0.240778  131.742000       0
34  USD_JPY 2023-04-06 13:10:00+00:00  131.766  131.744    0.000000    0.000000   0.017  0.250148  131.766000       0
35  USD_JPY 2023-04-06 13:15:00+00:00  131.750  131.766    0.000000    0.000000   0.017  0.220000  131.750000       0
36  USD_JPY 2023-04-06 13:20:00+00:00  131.703  131.754    0.000000    0.000000   0.022  0.161444  131.703000       0
2023-04-06 08:30:16 CandleManger() new candle:last_candle:23-04-06 13:25 is ready:True
2023-04-06 08:30:16 tech_manger: max_rows: 38 candle_time: 2023-04-06 13:25:00+00:00 granularity: M5
2023-04-06 08:30:26 process_candles:
       PAIR                      time    mid_c    mid_o   SL   TP  SPREAD      GAIN     LOSS  SIGNAL
32  USD_JPY 2023-04-06 13:05:00+00:00  131.742  131.750  0.0  0.0   0.015  0.240778  131.742       0
33  USD_JPY 2023-04-06 13:10:00+00:00  131.766  131.744  0.0  0.0   0.017  0.250148  131.766       0
34  USD_JPY 2023-04-06 13:15:00+00:00  131.750  131.766  0.0  0.0   0.017  0.220000  131.750       0
35  USD_JPY 2023-04-06 13:20:00+00:00  131.703  131.754  0.0  0.0   0.022  0.161444  131.703       0
36  USD_JPY 2023-04-06 13:25:00+00:00  131.696  131.703  0.0  0.0   0.017  0.143500  131.696       0
2023-04-06 08:36:47 CandleManger() new candle:last_candle:23-04-06 13:30 is ready:True
2023-04-06 08:36:47 tech_manger: max_rows: 38 candle_time: 2023-04-06 13:30:00+00:00 granularity: M5
2023-04-06 08:36:57 process_candles:
       PAIR                      time    mid_c    mid_o   SL   TP  SPREAD      GAIN     LOSS  SIGNAL
32  USD_JPY 2023-04-06 13:10:00+00:00  131.766  131.744  0.0  0.0   0.017  0.250148  131.766       0
33  USD_JPY 2023-04-06 13:15:00+00:00  131.750  131.766  0.0  0.0   0.017  0.220000  131.750       0
34  USD_JPY 2023-04-06 13:20:00+00:00  131.703  131.754  0.0  0.0   0.022  0.161444  131.703       0
35  USD_JPY 2023-04-06 13:25:00+00:00  131.696  131.703  0.0  0.0   0.017  0.143500  131.696       0
36  USD_JPY 2023-04-06 13:30:00+00:00  131.597  131.694  0.0  0.0   0.014  0.037685  131.597       0
2023-04-06 08:41:18 CandleManger() new candle:last_candle:23-04-06 13:35 is ready:True
2023-04-06 08:41:18 tech_manger: max_rows: 38 candle_time: 2023-04-06 13:35:00+00:00 granularity: M5
2023-04-06 08:41:28 process_candles:
       PAIR                      time    mid_c    mid_o   SL   TP  SPREAD      GAIN     LOSS  SIGNAL
32  USD_JPY 2023-04-06 13:15:00+00:00  131.750  131.766  0.0  0.0   0.017  0.220000  131.750       0
33  USD_JPY 2023-04-06 13:20:00+00:00  131.703  131.754  0.0  0.0   0.022  0.161444  131.703       0
34  USD_JPY 2023-04-06 13:25:00+00:00  131.696  131.703  0.0  0.0   0.017  0.143500  131.696       0
35  USD_JPY 2023-04-06 13:30:00+00:00  131.597  131.694  0.0  0.0   0.014  0.037685  131.597       0
36  USD_JPY 2023-04-06 13:35:00+00:00  131.590  131.596  0.0  0.0   0.017  0.026759  131.590       0
2023-04-06 08:45:49 CandleManger() new candle:last_candle:23-04-06 13:40 is ready:True
2023-04-06 08:45:49 tech_manger: max_rows: 38 candle_time: 2023-04-06 13:40:00+00:00 granularity: M5
2023-04-06 08:45:59 process_candles:
       PAIR                      time    mid_c    mid_o   SL   TP  SPREAD      GAIN     LOSS  SIGNAL
32  USD_JPY 2023-04-06 13:20:00+00:00  131.703  131.754  0.0  0.0   0.022  0.161444  131.703       0
33  USD_JPY 2023-04-06 13:25:00+00:00  131.696  131.703  0.0  0.0   0.017  0.143500  131.696       0
34  USD_JPY 2023-04-06 13:30:00+00:00  131.597  131.694  0.0  0.0   0.014  0.037685  131.597       0
35  USD_JPY 2023-04-06 13:35:00+00:00  131.590  131.596  0.0  0.0   0.017  0.026759  131.590       0
36  USD_JPY 2023-04-06 13:40:00+00:00  131.690  131.588  0.0  0.0   0.017  0.115296  131.690       0
2023-04-06 08:50:20 CandleManger() new candle:last_candle:23-04-06 13:45 is ready:True
2023-04-06 08:50:20 tech_manger: max_rows: 38 candle_time: 2023-04-06 13:45:00+00:00 granularity: M5
2023-04-06 08:50:30 process_candles:
       PAIR                      time    mid_c    mid_o   SL   TP  SPREAD      GAIN     LOSS  SIGNAL
32  USD_JPY 2023-04-06 13:25:00+00:00  131.696  131.703  0.0  0.0   0.017  0.143500  131.696       0
33  USD_JPY 2023-04-06 13:30:00+00:00  131.597  131.694  0.0  0.0   0.014  0.037685  131.597       0
34  USD_JPY 2023-04-06 13:35:00+00:00  131.590  131.596  0.0  0.0   0.017  0.026759  131.590       0
35  USD_JPY 2023-04-06 13:40:00+00:00  131.690  131.588  0.0  0.0   0.017  0.115296  131.690       0
36  USD_JPY 2023-04-06 13:45:00+00:00  131.720  131.690  0.0  0.0   0.018  0.127778  131.720       0
2023-04-06 08:56:51 CandleManger() new candle:last_candle:23-04-06 13:50 is ready:True
2023-04-06 08:56:51 tech_manger: max_rows: 38 candle_time: 2023-04-06 13:50:00+00:00 granularity: M5
2023-04-06 08:57:01 process_candles:
       PAIR                      time    mid_c    mid_o   SL   TP  SPREAD      GAIN     LOSS  SIGNAL
32  USD_JPY 2023-04-06 13:30:00+00:00  131.597  131.694  0.0  0.0   0.014  0.037685  131.597       0
33  USD_JPY 2023-04-06 13:35:00+00:00  131.590  131.596  0.0  0.0   0.017  0.026759  131.590       0
34  USD_JPY 2023-04-06 13:40:00+00:00  131.690  131.588  0.0  0.0   0.017  0.115296  131.690       0
35  USD_JPY 2023-04-06 13:45:00+00:00  131.720  131.690  0.0  0.0   0.018  0.127778  131.720       0
36  USD_JPY 2023-04-06 13:50:00+00:00  131.712  131.719  0.0  0.0   0.017  0.098352  131.712       0
2023-04-06 09:01:22 CandleManger() new candle:last_candle:23-04-06 13:55 is ready:True
2023-04-06 09:01:22 tech_manger: max_rows: 38 candle_time: 2023-04-06 13:55:00+00:00 granularity: M5
2023-04-06 09:01:32 process_candles:
       PAIR                      time    mid_c    mid_o   SL   TP  SPREAD      GAIN     LOSS  SIGNAL
32  USD_JPY 2023-04-06 13:35:00+00:00  131.590  131.596  0.0  0.0   0.017  0.026759  131.590       0
33  USD_JPY 2023-04-06 13:40:00+00:00  131.690  131.588  0.0  0.0   0.017  0.115296  131.690       0
34  USD_JPY 2023-04-06 13:45:00+00:00  131.720  131.690  0.0  0.0   0.018  0.127778  131.720       0
35  USD_JPY 2023-04-06 13:50:00+00:00  131.712  131.719  0.0  0.0   0.017  0.098352  131.712       0
36  USD_JPY 2023-04-06 13:55:00+00:00  131.793  131.714  0.0  0.0   0.016  0.151111  131.793       0
2023-04-06 09:05:53 CandleManger() new candle:last_candle:23-04-06 14:00 is ready:True
2023-04-06 09:05:53 tech_manger: max_rows: 38 candle_time: 2023-04-06 14:00:00+00:00 granularity: M5
2023-04-06 09:06:03 process_candles:
       PAIR                      time    mid_c    mid_o        SL        TP  SPREAD      GAIN      LOSS  SIGNAL
32  USD_JPY 2023-04-06 13:40:00+00:00  131.690  131.588    0.0000    0.0000   0.017  0.115296  131.6900       0
33  USD_JPY 2023-04-06 13:45:00+00:00  131.720  131.690    0.0000    0.0000   0.018  0.127778  131.7200       0
34  USD_JPY 2023-04-06 13:50:00+00:00  131.712  131.719    0.0000    0.0000   0.017  0.098352  131.7120       0
35  USD_JPY 2023-04-06 13:55:00+00:00  131.793  131.714    0.0000    0.0000   0.016  0.151111  131.7930       0
36  USD_JPY 2023-04-06 14:00:00+00:00  131.836  131.795  131.9995  131.6725   0.015  0.163500    0.1635      -1
2023-04-06 09:06:03 SIGNAL:PAIR                        USD_JPY
time      2023-04-06 14:00:00+00:00
mid_c                       131.836
mid_o                       131.795
SL                         131.9995
TP                         131.6725
SPREAD                        0.015
GAIN                         0.1635
LOSS                         0.1635
SIGNAL                           -1
Name: 36, dtype: object

2023-04-06 09:06:03 Place Trade: TradeDecision(): pair: USD_JPY dir:-1 gain:0.1635 sl:131.9995 tp:131.6725
2023-04-06 09:06:03 Failed to place trade TradeDecision(): pair: USD_JPY dir:-1 gain:0.1635 sl:131.9995 tp:131.6725, already open: {'id': '1843', 'instrument': 'USD_JPY', 'price': 131.731, 'currentUnits': -7552.0, 'unrealizedPL': -8.0581, 'marginUsed': 151.04}
2023-04-06 09:10:24 CandleManger() new candle:last_candle:23-04-06 14:05 is ready:True
2023-04-06 09:10:24 tech_manger: max_rows: 38 candle_time: 2023-04-06 14:05:00+00:00 granularity: M5
2023-04-06 09:10:34 process_candles:
       PAIR                      time    mid_c    mid_o        SL        TP  SPREAD      GAIN      LOSS  SIGNAL
32  USD_JPY 2023-04-06 13:45:00+00:00  131.720  131.690    0.0000    0.0000   0.018  0.127778  131.7200       0
33  USD_JPY 2023-04-06 13:50:00+00:00  131.712  131.719    0.0000    0.0000   0.017  0.098352  131.7120       0
34  USD_JPY 2023-04-06 13:55:00+00:00  131.793  131.714    0.0000    0.0000   0.016  0.151111  131.7930       0
35  USD_JPY 2023-04-06 14:00:00+00:00  131.836  131.795  131.9995  131.6725   0.015  0.163500    0.1635      -1
36  USD_JPY 2023-04-06 14:05:00+00:00  131.788  131.835    0.0000    0.0000   0.015  0.097889  131.7880       0
2023-04-06 09:16:56 CandleManger() new candle:last_candle:23-04-06 14:10 is ready:True
2023-04-06 09:16:56 tech_manger: max_rows: 38 candle_time: 2023-04-06 14:10:00+00:00 granularity: M5
2023-04-06 09:17:06 process_candles:
       PAIR                      time    mid_c    mid_o        SL        TP  SPREAD      GAIN      LOSS  SIGNAL
32  USD_JPY 2023-04-06 13:50:00+00:00  131.712  131.719    0.0000    0.0000   0.017  0.098352  131.7120       0
33  USD_JPY 2023-04-06 13:55:00+00:00  131.793  131.714    0.0000    0.0000   0.016  0.151111  131.7930       0
34  USD_JPY 2023-04-06 14:00:00+00:00  131.836  131.795  131.9995  131.6725   0.015  0.163500    0.1635      -1
35  USD_JPY 2023-04-06 14:05:00+00:00  131.788  131.835    0.0000    0.0000   0.015  0.097889  131.7880       0
36  USD_JPY 2023-04-06 14:10:00+00:00  131.749  131.792    0.0000    0.0000   0.016  0.047148  131.7490       0
2023-04-06 09:21:27 CandleManger() new candle:last_candle:23-04-06 14:15 is ready:True
2023-04-06 09:21:27 tech_manger: max_rows: 38 candle_time: 2023-04-06 14:15:00+00:00 granularity: M5
2023-04-06 09:21:37 process_candles:
       PAIR                      time    mid_c    mid_o        SL        TP  SPREAD      GAIN      LOSS  SIGNAL
32  USD_JPY 2023-04-06 13:55:00+00:00  131.793  131.714    0.0000    0.0000   0.016  0.151111  131.7930       0
33  USD_JPY 2023-04-06 14:00:00+00:00  131.836  131.795  131.9995  131.6725   0.015  0.163500    0.1635      -1
34  USD_JPY 2023-04-06 14:05:00+00:00  131.788  131.835    0.0000    0.0000   0.015  0.097889  131.7880       0
35  USD_JPY 2023-04-06 14:10:00+00:00  131.749  131.792    0.0000    0.0000   0.016  0.047148  131.7490       0
36  USD_JPY 2023-04-06 14:15:00+00:00  131.798  131.748    0.0000    0.0000   0.015  0.085667  131.7980       0
2023-04-06 09:25:58 CandleManger() new candle:last_candle:23-04-06 14:20 is ready:True
2023-04-06 09:25:58 tech_manger: max_rows: 38 candle_time: 2023-04-06 14:20:00+00:00 granularity: M5
2023-04-06 09:26:08 process_candles:
       PAIR                      time    mid_c    mid_o          SL          TP  SPREAD      GAIN        LOSS  SIGNAL
32  USD_JPY 2023-04-06 14:00:00+00:00  131.836  131.795  131.999500  131.672500   0.015  0.163500    0.163500      -1
33  USD_JPY 2023-04-06 14:05:00+00:00  131.788  131.835    0.000000    0.000000   0.015  0.097889  131.788000       0
34  USD_JPY 2023-04-06 14:10:00+00:00  131.749  131.792    0.000000    0.000000   0.016  0.047148  131.749000       0
35  USD_JPY 2023-04-06 14:15:00+00:00  131.798  131.748    0.000000    0.000000   0.015  0.085667  131.798000       0
36  USD_JPY 2023-04-06 14:20:00+00:00  131.845  131.798  131.965111  131.724889   0.018  0.120111    0.120111      -1
2023-04-06 09:26:08 SIGNAL:PAIR                        USD_JPY
time      2023-04-06 14:20:00+00:00
mid_c                       131.845
mid_o                       131.798
SL                       131.965111
TP                       131.724889
SPREAD                        0.018
GAIN                       0.120111
LOSS                       0.120111
SIGNAL                           -1
Name: 36, dtype: object

2023-04-06 09:26:08 Place Trade: TradeDecision(): pair: USD_JPY dir:-1 gain:0.1201 sl:131.9651 tp:131.7249
2023-04-06 09:26:08 Failed to place trade TradeDecision(): pair: USD_JPY dir:-1 gain:0.1201 sl:131.9651 tp:131.7249, already open: {'id': '1843', 'instrument': 'USD_JPY', 'price': 131.731, 'currentUnits': -7552.0, 'unrealizedPL': -5.7, 'marginUsed': 151.04}
2023-04-06 09:30:28 CandleManger() new candle:last_candle:23-04-06 14:25 is ready:True
2023-04-06 09:30:29 tech_manger: max_rows: 38 candle_time: 2023-04-06 14:25:00+00:00 granularity: M5
2023-04-06 09:30:39 process_candles:
       PAIR                      time    mid_c    mid_o          SL          TP  SPREAD      GAIN        LOSS  SIGNAL
32  USD_JPY 2023-04-06 14:05:00+00:00  131.788  131.835    0.000000    0.000000   0.015  0.097889  131.788000       0
33  USD_JPY 2023-04-06 14:10:00+00:00  131.749  131.792    0.000000    0.000000   0.016  0.047148  131.749000       0
34  USD_JPY 2023-04-06 14:15:00+00:00  131.798  131.748    0.000000    0.000000   0.015  0.085667  131.798000       0
35  USD_JPY 2023-04-06 14:20:00+00:00  131.845  131.798  131.965111  131.724889   0.018  0.120111    0.120111      -1
36  USD_JPY 2023-04-06 14:25:00+00:00  131.839  131.842    0.000000    0.000000   0.016  0.100981  131.839000       0
2023-04-06 09:37:00 CandleManger() new candle:last_candle:23-04-06 14:30 is ready:True
2023-04-06 09:37:00 tech_manger: max_rows: 38 candle_time: 2023-04-06 14:30:00+00:00 granularity: M5
2023-04-06 09:37:10 process_candles:
       PAIR                      time    mid_c    mid_o          SL          TP  SPREAD      GAIN        LOSS  SIGNAL
32  USD_JPY 2023-04-06 14:10:00+00:00  131.749  131.792    0.000000    0.000000   0.016  0.047148  131.749000       0
33  USD_JPY 2023-04-06 14:15:00+00:00  131.798  131.748    0.000000    0.000000   0.015  0.085667  131.798000       0
34  USD_JPY 2023-04-06 14:20:00+00:00  131.845  131.798  131.965111  131.724889   0.018  0.120111    0.120111      -1
35  USD_JPY 2023-04-06 14:25:00+00:00  131.839  131.842    0.000000    0.000000   0.016  0.100981  131.839000       0
36  USD_JPY 2023-04-06 14:30:00+00:00  131.830  131.841    0.000000    0.000000   0.017  0.084685  131.830000       0
2023-04-06 09:41:31 CandleManger() new candle:last_candle:23-04-06 14:35 is ready:True
2023-04-06 09:41:31 tech_manger: max_rows: 38 candle_time: 2023-04-06 14:35:00+00:00 granularity: M5
2023-04-06 09:41:41 process_candles:
       PAIR                      time    mid_c    mid_o          SL          TP  SPREAD      GAIN        LOSS  SIGNAL
32  USD_JPY 2023-04-06 14:15:00+00:00  131.798  131.748    0.000000    0.000000   0.015  0.085667  131.798000       0
33  USD_JPY 2023-04-06 14:20:00+00:00  131.845  131.798  131.965111  131.724889   0.018  0.120111    0.120111      -1
34  USD_JPY 2023-04-06 14:25:00+00:00  131.839  131.842    0.000000    0.000000   0.016  0.100981  131.839000       0
35  USD_JPY 2023-04-06 14:30:00+00:00  131.830  131.841    0.000000    0.000000   0.017  0.084685  131.830000       0
36  USD_JPY 2023-04-06 14:35:00+00:00  131.764  131.831    0.000000    0.000000   0.015  0.017241  131.764000       0
2023-04-06 09:46:02 CandleManger() new candle:last_candle:23-04-06 14:40 is ready:True
2023-04-06 09:46:02 tech_manger: max_rows: 38 candle_time: 2023-04-06 14:40:00+00:00 granularity: M5
2023-04-06 09:46:12 process_candles:
       PAIR                      time    mid_c    mid_o          SL          TP  SPREAD      GAIN        LOSS  SIGNAL
32  USD_JPY 2023-04-06 14:20:00+00:00  131.845  131.798  131.965111  131.724889   0.018  0.120111    0.120111      -1
33  USD_JPY 2023-04-06 14:25:00+00:00  131.839  131.842    0.000000    0.000000   0.016  0.100981  131.839000       0
34  USD_JPY 2023-04-06 14:30:00+00:00  131.830  131.841    0.000000    0.000000   0.017  0.084685  131.830000       0
35  USD_JPY 2023-04-06 14:35:00+00:00  131.764  131.831    0.000000    0.000000   0.015  0.017241  131.764000       0
36  USD_JPY 2023-04-06 14:40:00+00:00  131.732  131.762    0.000000    0.000000   0.016  0.014519  131.732000       0
2023-04-06 09:50:33 CandleManger() new candle:last_candle:23-04-06 14:45 is ready:True
2023-04-06 09:50:33 tech_manger: max_rows: 38 candle_time: 2023-04-06 14:45:00+00:00 granularity: M5
2023-04-06 09:50:43 process_candles:
       PAIR                      time    mid_c    mid_o   SL   TP  SPREAD      GAIN     LOSS  SIGNAL
32  USD_JPY 2023-04-06 14:25:00+00:00  131.839  131.842  0.0  0.0   0.016  0.100981  131.839       0
33  USD_JPY 2023-04-06 14:30:00+00:00  131.830  131.841  0.0  0.0   0.017  0.084685  131.830       0
34  USD_JPY 2023-04-06 14:35:00+00:00  131.764  131.831  0.0  0.0   0.015  0.017241  131.764       0
35  USD_JPY 2023-04-06 14:40:00+00:00  131.732  131.762  0.0  0.0   0.016  0.014519  131.732       0
36  USD_JPY 2023-04-06 14:45:00+00:00  131.750  131.729  0.0  0.0   0.017  0.002667  131.750       0
2023-04-06 09:55:04 CandleManger() new candle:last_candle:23-04-06 14:50 is ready:True
2023-04-06 09:55:04 tech_manger: max_rows: 38 candle_time: 2023-04-06 14:50:00+00:00 granularity: M5
2023-04-06 09:55:14 process_candles:
       PAIR                      time    mid_c    mid_o   SL   TP  SPREAD      GAIN     LOSS  SIGNAL
32  USD_JPY 2023-04-06 14:30:00+00:00  131.830  131.841  0.0  0.0   0.017  0.084685  131.830       0
33  USD_JPY 2023-04-06 14:35:00+00:00  131.764  131.831  0.0  0.0   0.015  0.017241  131.764       0
34  USD_JPY 2023-04-06 14:40:00+00:00  131.732  131.762  0.0  0.0   0.016  0.014519  131.732       0
35  USD_JPY 2023-04-06 14:45:00+00:00  131.750  131.729  0.0  0.0   0.017  0.002667  131.750       0
36  USD_JPY 2023-04-06 14:50:00+00:00  131.757  131.750  0.0  0.0   0.014  0.007019  131.757       0
2023-04-06 10:01:35 CandleManger() new candle:last_candle:23-04-06 14:55 is ready:True
2023-04-06 10:01:35 tech_manger: max_rows: 38 candle_time: 2023-04-06 14:55:00+00:00 granularity: M5
2023-04-06 10:01:45 process_candles:
       PAIR                      time    mid_c    mid_o   SL   TP  SPREAD      GAIN     LOSS  SIGNAL
32  USD_JPY 2023-04-06 14:35:00+00:00  131.764  131.831  0.0  0.0   0.015  0.017241  131.764       0
33  USD_JPY 2023-04-06 14:40:00+00:00  131.732  131.762  0.0  0.0   0.016  0.014519  131.732       0
34  USD_JPY 2023-04-06 14:45:00+00:00  131.750  131.729  0.0  0.0   0.017  0.002667  131.750       0
35  USD_JPY 2023-04-06 14:50:00+00:00  131.757  131.750  0.0  0.0   0.014  0.007019  131.757       0
36  USD_JPY 2023-04-06 14:55:00+00:00  131.756  131.760  0.0  0.0   0.014  0.001796  131.756       0
2023-04-06 10:06:06 CandleManger() new candle:last_candle:23-04-06 15:00 is ready:True
2023-04-06 10:06:06 tech_manger: max_rows: 38 candle_time: 2023-04-06 15:00:00+00:00 granularity: M5
2023-04-06 10:06:16 process_candles:
       PAIR                      time    mid_c    mid_o   SL   TP  SPREAD      GAIN     LOSS  SIGNAL
32  USD_JPY 2023-04-06 14:40:00+00:00  131.732  131.762  0.0  0.0   0.016  0.014519  131.732       0
33  USD_JPY 2023-04-06 14:45:00+00:00  131.750  131.729  0.0  0.0   0.017  0.002667  131.750       0
34  USD_JPY 2023-04-06 14:50:00+00:00  131.757  131.750  0.0  0.0   0.014  0.007019  131.757       0
35  USD_JPY 2023-04-06 14:55:00+00:00  131.756  131.760  0.0  0.0   0.014  0.001796  131.756       0
36  USD_JPY 2023-04-06 15:00:00+00:00  131.696  131.760  0.0  0.0   0.016  0.063852  131.696       0
2023-04-06 10:10:37 CandleManger() new candle:last_candle:23-04-06 15:05 is ready:True
2023-04-06 10:10:37 tech_manger: max_rows: 38 candle_time: 2023-04-06 15:05:00+00:00 granularity: M5
2023-04-06 10:10:47 process_candles:
       PAIR                      time    mid_c    mid_o   SL   TP  SPREAD      GAIN     LOSS  SIGNAL
32  USD_JPY 2023-04-06 14:45:00+00:00  131.750  131.729  0.0  0.0   0.017  0.002667  131.750       0
33  USD_JPY 2023-04-06 14:50:00+00:00  131.757  131.750  0.0  0.0   0.014  0.007019  131.757       0
34  USD_JPY 2023-04-06 14:55:00+00:00  131.756  131.760  0.0  0.0   0.014  0.001796  131.756       0
35  USD_JPY 2023-04-06 15:00:00+00:00  131.696  131.760  0.0  0.0   0.016  0.063852  131.696       0
36  USD_JPY 2023-04-06 15:05:00+00:00  131.734  131.700  0.0  0.0   0.015  0.033852  131.734       0
2023-04-06 10:15:08 CandleManger() new candle:last_candle:23-04-06 15:10 is ready:True
2023-04-06 10:15:08 tech_manger: max_rows: 38 candle_time: 2023-04-06 15:10:00+00:00 granularity: M5
2023-04-06 10:15:18 process_candles:
       PAIR                      time    mid_c    mid_o   SL   TP  SPREAD      GAIN     LOSS  SIGNAL
32  USD_JPY 2023-04-06 14:50:00+00:00  131.757  131.750  0.0  0.0   0.014  0.007019  131.757       0
33  USD_JPY 2023-04-06 14:55:00+00:00  131.756  131.760  0.0  0.0   0.014  0.001796  131.756       0
34  USD_JPY 2023-04-06 15:00:00+00:00  131.696  131.760  0.0  0.0   0.016  0.063852  131.696       0
35  USD_JPY 2023-04-06 15:05:00+00:00  131.734  131.700  0.0  0.0   0.015  0.033852  131.734       0
36  USD_JPY 2023-04-06 15:10:00+00:00  131.728  131.736  0.0  0.0   0.017  0.045019  131.728       0
2023-04-06 10:21:39 CandleManger() new candle:last_candle:23-04-06 15:15 is ready:True
2023-04-06 10:21:39 tech_manger: max_rows: 38 candle_time: 2023-04-06 15:15:00+00:00 granularity: M5
2023-04-06 10:21:49 process_candles:
       PAIR                      time    mid_c    mid_o   SL   TP  SPREAD      GAIN     LOSS  SIGNAL
32  USD_JPY 2023-04-06 14:55:00+00:00  131.756  131.760  0.0  0.0   0.014  0.001796  131.756       0
33  USD_JPY 2023-04-06 15:00:00+00:00  131.696  131.760  0.0  0.0   0.016  0.063852  131.696       0
34  USD_JPY 2023-04-06 15:05:00+00:00  131.734  131.700  0.0  0.0   0.015  0.033852  131.734       0
35  USD_JPY 2023-04-06 15:10:00+00:00  131.728  131.736  0.0  0.0   0.017  0.045019  131.728       0
36  USD_JPY 2023-04-06 15:15:00+00:00  131.726  131.726  0.0  0.0   0.016  0.047944  131.726       0
2023-04-06 10:26:10 CandleManger() new candle:last_candle:23-04-06 15:20 is ready:True
2023-04-06 10:26:10 tech_manger: max_rows: 38 candle_time: 2023-04-06 15:20:00+00:00 granularity: M5
2023-04-06 10:26:20 process_candles:
       PAIR                      time    mid_c    mid_o   SL   TP  SPREAD      GAIN     LOSS  SIGNAL
32  USD_JPY 2023-04-06 15:00:00+00:00  131.696  131.760  0.0  0.0   0.016  0.063852  131.696       0
33  USD_JPY 2023-04-06 15:05:00+00:00  131.734  131.700  0.0  0.0   0.015  0.033852  131.734       0
34  USD_JPY 2023-04-06 15:10:00+00:00  131.728  131.736  0.0  0.0   0.017  0.045019  131.728       0
35  USD_JPY 2023-04-06 15:15:00+00:00  131.726  131.726  0.0  0.0   0.016  0.047944  131.726       0
36  USD_JPY 2023-04-06 15:20:00+00:00  131.719  131.721  0.0  0.0   0.016  0.054981  131.719       0
2023-04-06 10:30:41 CandleManger() new candle:last_candle:23-04-06 15:25 is ready:True
2023-04-06 10:30:41 tech_manger: max_rows: 38 candle_time: 2023-04-06 15:25:00+00:00 granularity: M5
2023-04-06 10:30:51 process_candles:
       PAIR                      time    mid_c    mid_o          SL          TP  SPREAD      GAIN        LOSS  SIGNAL
32  USD_JPY 2023-04-06 15:05:00+00:00  131.734  131.700    0.000000    0.000000   0.015  0.033852  131.734000       0
33  USD_JPY 2023-04-06 15:10:00+00:00  131.728  131.736    0.000000    0.000000   0.017  0.045019  131.728000       0
34  USD_JPY 2023-04-06 15:15:00+00:00  131.726  131.726    0.000000    0.000000   0.016  0.047944  131.726000       0
35  USD_JPY 2023-04-06 15:20:00+00:00  131.719  131.721    0.000000    0.000000   0.016  0.054981  131.719000       0
36  USD_JPY 2023-04-06 15:25:00+00:00  131.680  131.721  131.590037  131.769963   0.020  0.089963    0.089963       1
2023-04-06 10:30:51 SIGNAL:PAIR                        USD_JPY
time      2023-04-06 15:25:00+00:00
mid_c                        131.68
mid_o                       131.721
SL                       131.590037
TP                       131.769963
SPREAD                         0.02
GAIN                       0.089963
LOSS                       0.089963
SIGNAL                            1
Name: 36, dtype: object

2023-04-06 10:30:51 Place Trade: TradeDecision(): pair: USD_JPY dir:1 gain:0.0900 sl:131.5900 tp:131.7700
2023-04-06 10:30:51 Failed to place trade TradeDecision(): pair: USD_JPY dir:1 gain:0.0900 sl:131.5900 tp:131.7700, already open: {'id': '1843', 'instrument': 'USD_JPY', 'price': 131.731, 'currentUnits': -7552.0, 'unrealizedPL': 2.8534, 'marginUsed': 151.04}
2023-04-06 10:35:12 CandleManger() new candle:last_candle:23-04-06 15:30 is ready:True
2023-04-06 10:35:12 tech_manger: max_rows: 38 candle_time: 2023-04-06 15:30:00+00:00 granularity: M5
2023-04-06 10:35:22 process_candles:
       PAIR                      time    mid_c    mid_o          SL          TP  SPREAD      GAIN        LOSS  SIGNAL
32  USD_JPY 2023-04-06 15:10:00+00:00  131.728  131.736    0.000000    0.000000   0.017  0.045019  131.728000       0
33  USD_JPY 2023-04-06 15:15:00+00:00  131.726  131.726    0.000000    0.000000   0.016  0.047944  131.726000       0
34  USD_JPY 2023-04-06 15:20:00+00:00  131.719  131.721    0.000000    0.000000   0.016  0.054981  131.719000       0
35  USD_JPY 2023-04-06 15:25:00+00:00  131.680  131.721  131.590037  131.769963   0.020  0.089963    0.089963       1
36  USD_JPY 2023-04-06 15:30:00+00:00  131.698  131.676    0.000000    0.000000   0.017  0.064815  131.698000       0
2023-04-06 10:41:43 CandleManger() new candle:last_candle:23-04-06 15:35 is ready:True
2023-04-06 10:41:44 tech_manger: max_rows: 38 candle_time: 2023-04-06 15:35:00+00:00 granularity: M5
2023-04-06 10:41:54 process_candles:
       PAIR                      time    mid_c    mid_o          SL          TP  SPREAD      GAIN        LOSS  SIGNAL
32  USD_JPY 2023-04-06 15:15:00+00:00  131.726  131.726    0.000000    0.000000   0.016  0.047944  131.726000       0
33  USD_JPY 2023-04-06 15:20:00+00:00  131.719  131.721    0.000000    0.000000   0.016  0.054981  131.719000       0
34  USD_JPY 2023-04-06 15:25:00+00:00  131.680  131.721  131.590037  131.769963   0.020  0.089963    0.089963       1
35  USD_JPY 2023-04-06 15:30:00+00:00  131.698  131.676    0.000000    0.000000   0.017  0.064815  131.698000       0
36  USD_JPY 2023-04-06 15:35:00+00:00  131.712  131.698    0.000000    0.000000   0.016  0.044574  131.712000       0
2023-04-06 10:46:15 CandleManger() new candle:last_candle:23-04-06 15:40 is ready:True
2023-04-06 10:46:15 tech_manger: max_rows: 38 candle_time: 2023-04-06 15:40:00+00:00 granularity: M5
2023-04-06 10:46:25 process_candles:
       PAIR                      time    mid_c    mid_o          SL          TP  SPREAD      GAIN        LOSS  SIGNAL
32  USD_JPY 2023-04-06 15:20:00+00:00  131.719  131.721    0.000000    0.000000   0.016  0.054981  131.719000       0
33  USD_JPY 2023-04-06 15:25:00+00:00  131.680  131.721  131.590037  131.769963   0.020  0.089963    0.089963       1
34  USD_JPY 2023-04-06 15:30:00+00:00  131.698  131.676    0.000000    0.000000   0.017  0.064815  131.698000       0
35  USD_JPY 2023-04-06 15:35:00+00:00  131.712  131.698    0.000000    0.000000   0.016  0.044574  131.712000       0
36  USD_JPY 2023-04-06 15:40:00+00:00  131.720  131.712    0.000000    0.000000   0.017  0.033278  131.720000       0
2023-04-06 10:50:46 CandleManger() new candle:last_candle:23-04-06 15:45 is ready:True
2023-04-06 10:50:46 tech_manger: max_rows: 38 candle_time: 2023-04-06 15:45:00+00:00 granularity: M5
2023-04-06 10:50:56 process_candles:
       PAIR                      time    mid_c    mid_o          SL          TP  SPREAD      GAIN        LOSS  SIGNAL
32  USD_JPY 2023-04-06 15:25:00+00:00  131.680  131.721  131.590037  131.769963   0.020  0.089963    0.089963       1
33  USD_JPY 2023-04-06 15:30:00+00:00  131.698  131.676    0.000000    0.000000   0.017  0.064815  131.698000       0
34  USD_JPY 2023-04-06 15:35:00+00:00  131.712  131.698    0.000000    0.000000   0.016  0.044574  131.712000       0
35  USD_JPY 2023-04-06 15:40:00+00:00  131.720  131.712    0.000000    0.000000   0.017  0.033278  131.720000       0
36  USD_JPY 2023-04-06 15:45:00+00:00  131.691  131.721    0.000000    0.000000   0.016  0.057370  131.691000       0
2023-04-06 10:55:17 CandleManger() new candle:last_candle:23-04-06 15:50 is ready:True
2023-04-06 10:55:17 tech_manger: max_rows: 38 candle_time: 2023-04-06 15:50:00+00:00 granularity: M5
2023-04-06 10:55:27 process_candles:
       PAIR                      time    mid_c    mid_o   SL   TP  SPREAD      GAIN     LOSS  SIGNAL
32  USD_JPY 2023-04-06 15:30:00+00:00  131.698  131.676  0.0  0.0   0.017  0.064815  131.698       0
33  USD_JPY 2023-04-06 15:35:00+00:00  131.712  131.698  0.0  0.0   0.016  0.044574  131.712       0
34  USD_JPY 2023-04-06 15:40:00+00:00  131.720  131.712  0.0  0.0   0.017  0.033278  131.720       0
35  USD_JPY 2023-04-06 15:45:00+00:00  131.691  131.721  0.0  0.0   0.016  0.057370  131.691       0
36  USD_JPY 2023-04-06 15:50:00+00:00  131.729  131.693  0.0  0.0   0.018  0.012981  131.729       0
2023-04-06 11:01:48 CandleManger() new candle:last_candle:23-04-06 15:55 is ready:True
2023-04-06 11:01:48 tech_manger: max_rows: 38 candle_time: 2023-04-06 15:55:00+00:00 granularity: M5
2023-04-06 11:01:58 process_candles:
       PAIR                      time    mid_c    mid_o   SL   TP  SPREAD      GAIN     LOSS  SIGNAL
32  USD_JPY 2023-04-06 15:35:00+00:00  131.712  131.698  0.0  0.0   0.016  0.044574  131.712       0
33  USD_JPY 2023-04-06 15:40:00+00:00  131.720  131.712  0.0  0.0   0.017  0.033278  131.720       0
34  USD_JPY 2023-04-06 15:45:00+00:00  131.691  131.721  0.0  0.0   0.016  0.057370  131.691       0
35  USD_JPY 2023-04-06 15:50:00+00:00  131.729  131.693  0.0  0.0   0.018  0.012981  131.729       0
36  USD_JPY 2023-04-06 15:55:00+00:00  131.676  131.729  0.0  0.0   0.017  0.058352  131.676       0
